CRITICAL - 2023-12-09 04:43:14 --> Call to undefined method App\Models\OrderHModel::last
in SYSTEMPATH\Model.php on line 873.
 1 APPPATH\Controllers\OrderHistoryController.php(122): CodeIgniter\Model->__call('last', [])
 2 SYSTEMPATH\CodeIgniter.php(919): App\Controllers\OrderHistoryController->getOrderDetails('ORD07089')
 3 SYSTEMPATH\CodeIgniter.php(494): CodeIgniter\CodeIgniter->runController(Object(App\Controllers\OrderHistoryController))
 4 SYSTEMPATH\CodeIgniter.php(353): CodeIgniter\CodeIgniter->handleRequest(null, Object(Config\Cache), false)
 5 FCPATH\index.php(88): CodeIgniter\CodeIgniter->run()
CRITICAL - 2023-12-09 04:43:22 --> Call to undefined method App\Models\OrderHModel::last
in SYSTEMPATH\Model.php on line 873.
 1 APPPATH\Controllers\OrderHistoryController.php(122): CodeIgniter\Model->__call('last', [])
 2 SYSTEMPATH\CodeIgniter.php(919): App\Controllers\OrderHistoryController->getOrderDetails('ORD07089')
 3 SYSTEMPATH\CodeIgniter.php(494): CodeIgniter\CodeIgniter->runController(Object(App\Controllers\OrderHistoryController))
 4 SYSTEMPATH\CodeIgniter.php(353): CodeIgniter\CodeIgniter->handleRequest(null, Object(Config\Cache), false)
 5 FCPATH\index.php(88): CodeIgniter\CodeIgniter->run()
CRITICAL - 2023-12-09 07:57:25 --> Attempt to assign property "quantity" on array
in APPPATH\Controllers\CartController.php on line 33.
 1 SYSTEMPATH\CodeIgniter.php(919): App\Controllers\CartController->addToCart()
 2 SYSTEMPATH\CodeIgniter.php(494): CodeIgniter\CodeIgniter->runController(Object(App\Controllers\CartController))
 3 SYSTEMPATH\CodeIgniter.php(353): CodeIgniter\CodeIgniter->handleRequest(null, Object(Config\Cache), false)
 4 FCPATH\index.php(88): CodeIgniter\CodeIgniter->run()
