CRITICAL - 2023-11-05 03:26:08 --> Undefined property: stdClass::$appointment_type
in APPPATH\Controllers\AppointmentController.php on line 41.
 1 APPPATH\Controllers\AppointmentController.php(41): CodeIgniter\Debug\Exceptions->errorHandler(2, 'Undefined property: stdClass::$appointment_type', 'C:\\laragon\\www\\UniPET\\app\\Controllers\\AppointmentController.php', 41)
 2 SYSTEMPATH\CodeIgniter.php(919): App\Controllers\AppointmentController->save()
 3 SYSTEMPATH\CodeIgniter.php(494): CodeIgniter\CodeIgniter->runController(Object(App\Controllers\AppointmentController))
 4 SYSTEMPATH\CodeIgniter.php(353): CodeIgniter\CodeIgniter->handleRequest(null, Object(Config\Cache), false)
 5 FCPATH\index.php(88): CodeIgniter\CodeIgniter->run()
CRITICAL - 2023-11-05 03:26:09 --> Undefined property: stdClass::$appointment_type
in APPPATH\Controllers\AppointmentController.php on line 41.
 1 APPPATH\Controllers\AppointmentController.php(41): CodeIgniter\Debug\Exceptions->errorHandler(2, 'Undefined property: stdClass::$appointment_type', 'C:\\laragon\\www\\UniPET\\app\\Controllers\\AppointmentController.php', 41)
 2 SYSTEMPATH\CodeIgniter.php(919): App\Controllers\AppointmentController->save()
 3 SYSTEMPATH\CodeIgniter.php(494): CodeIgniter\CodeIgniter->runController(Object(App\Controllers\AppointmentController))
 4 SYSTEMPATH\CodeIgniter.php(353): CodeIgniter\CodeIgniter->handleRequest(null, Object(Config\Cache), false)
 5 FCPATH\index.php(88): CodeIgniter\CodeIgniter->run()
CRITICAL - 2023-11-05 05:12:42 --> Undefined property: stdClass::$pet_name
in APPPATH\Controllers\AppointmentController.php on line 34.
 1 APPPATH\Controllers\AppointmentController.php(34): CodeIgniter\Debug\Exceptions->errorHandler(2, 'Undefined property: stdClass::$pet_name', 'C:\\laragon\\www\\UniPET\\app\\Controllers\\AppointmentController.php', 34)
 2 SYSTEMPATH\CodeIgniter.php(919): App\Controllers\AppointmentController->save()
 3 SYSTEMPATH\CodeIgniter.php(494): CodeIgniter\CodeIgniter->runController(Object(App\Controllers\AppointmentController))
 4 SYSTEMPATH\CodeIgniter.php(353): CodeIgniter\CodeIgniter->handleRequest(null, Object(Config\Cache), false)
 5 FCPATH\index.php(88): CodeIgniter\CodeIgniter->run()
CRITICAL - 2023-11-05 05:12:42 --> Undefined property: stdClass::$pet_name
in APPPATH\Controllers\AppointmentController.php on line 34.
 1 APPPATH\Controllers\AppointmentController.php(34): CodeIgniter\Debug\Exceptions->errorHandler(2, 'Undefined property: stdClass::$pet_name', 'C:\\laragon\\www\\UniPET\\app\\Controllers\\AppointmentController.php', 34)
 2 SYSTEMPATH\CodeIgniter.php(919): App\Controllers\AppointmentController->save()
 3 SYSTEMPATH\CodeIgniter.php(494): CodeIgniter\CodeIgniter->runController(Object(App\Controllers\AppointmentController))
 4 SYSTEMPATH\CodeIgniter.php(353): CodeIgniter\CodeIgniter->handleRequest(null, Object(Config\Cache), false)
 5 FCPATH\index.php(88): CodeIgniter\CodeIgniter->run()
CRITICAL - 2023-11-05 05:12:43 --> Undefined property: stdClass::$pet_name
in APPPATH\Controllers\AppointmentController.php on line 34.
 1 APPPATH\Controllers\AppointmentController.php(34): CodeIgniter\Debug\Exceptions->errorHandler(2, 'Undefined property: stdClass::$pet_name', 'C:\\laragon\\www\\UniPET\\app\\Controllers\\AppointmentController.php', 34)
 2 SYSTEMPATH\CodeIgniter.php(919): App\Controllers\AppointmentController->save()
 3 SYSTEMPATH\CodeIgniter.php(494): CodeIgniter\CodeIgniter->runController(Object(App\Controllers\AppointmentController))
 4 SYSTEMPATH\CodeIgniter.php(353): CodeIgniter\CodeIgniter->handleRequest(null, Object(Config\Cache), false)
 5 FCPATH\index.php(88): CodeIgniter\CodeIgniter->run()
CRITICAL - 2023-11-05 05:12:43 --> Undefined property: stdClass::$pet_name
in APPPATH\Controllers\AppointmentController.php on line 34.
 1 APPPATH\Controllers\AppointmentController.php(34): CodeIgniter\Debug\Exceptions->errorHandler(2, 'Undefined property: stdClass::$pet_name', 'C:\\laragon\\www\\UniPET\\app\\Controllers\\AppointmentController.php', 34)
 2 SYSTEMPATH\CodeIgniter.php(919): App\Controllers\AppointmentController->save()
 3 SYSTEMPATH\CodeIgniter.php(494): CodeIgniter\CodeIgniter->runController(Object(App\Controllers\AppointmentController))
 4 SYSTEMPATH\CodeIgniter.php(353): CodeIgniter\CodeIgniter->handleRequest(null, Object(Config\Cache), false)
 5 FCPATH\index.php(88): CodeIgniter\CodeIgniter->run()
CRITICAL - 2023-11-05 05:12:43 --> Undefined property: stdClass::$pet_name
in APPPATH\Controllers\AppointmentController.php on line 34.
 1 APPPATH\Controllers\AppointmentController.php(34): CodeIgniter\Debug\Exceptions->errorHandler(2, 'Undefined property: stdClass::$pet_name', 'C:\\laragon\\www\\UniPET\\app\\Controllers\\AppointmentController.php', 34)
 2 SYSTEMPATH\CodeIgniter.php(919): App\Controllers\AppointmentController->save()
 3 SYSTEMPATH\CodeIgniter.php(494): CodeIgniter\CodeIgniter->runController(Object(App\Controllers\AppointmentController))
 4 SYSTEMPATH\CodeIgniter.php(353): CodeIgniter\CodeIgniter->handleRequest(null, Object(Config\Cache), false)
 5 FCPATH\index.php(88): CodeIgniter\CodeIgniter->run()
CRITICAL - 2023-11-05 05:12:44 --> Undefined property: stdClass::$pet_name
in APPPATH\Controllers\AppointmentController.php on line 34.
 1 APPPATH\Controllers\AppointmentController.php(34): CodeIgniter\Debug\Exceptions->errorHandler(2, 'Undefined property: stdClass::$pet_name', 'C:\\laragon\\www\\UniPET\\app\\Controllers\\AppointmentController.php', 34)
 2 SYSTEMPATH\CodeIgniter.php(919): App\Controllers\AppointmentController->save()
 3 SYSTEMPATH\CodeIgniter.php(494): CodeIgniter\CodeIgniter->runController(Object(App\Controllers\AppointmentController))
 4 SYSTEMPATH\CodeIgniter.php(353): CodeIgniter\CodeIgniter->handleRequest(null, Object(Config\Cache), false)
 5 FCPATH\index.php(88): CodeIgniter\CodeIgniter->run()
CRITICAL - 2023-11-05 05:12:44 --> Undefined property: stdClass::$pet_name
in APPPATH\Controllers\AppointmentController.php on line 34.
 1 APPPATH\Controllers\AppointmentController.php(34): CodeIgniter\Debug\Exceptions->errorHandler(2, 'Undefined property: stdClass::$pet_name', 'C:\\laragon\\www\\UniPET\\app\\Controllers\\AppointmentController.php', 34)
 2 SYSTEMPATH\CodeIgniter.php(919): App\Controllers\AppointmentController->save()
 3 SYSTEMPATH\CodeIgniter.php(494): CodeIgniter\CodeIgniter->runController(Object(App\Controllers\AppointmentController))
 4 SYSTEMPATH\CodeIgniter.php(353): CodeIgniter\CodeIgniter->handleRequest(null, Object(Config\Cache), false)
 5 FCPATH\index.php(88): CodeIgniter\CodeIgniter->run()
CRITICAL - 2023-11-05 05:12:44 --> Undefined property: stdClass::$pet_name
in APPPATH\Controllers\AppointmentController.php on line 34.
 1 APPPATH\Controllers\AppointmentController.php(34): CodeIgniter\Debug\Exceptions->errorHandler(2, 'Undefined property: stdClass::$pet_name', 'C:\\laragon\\www\\UniPET\\app\\Controllers\\AppointmentController.php', 34)
 2 SYSTEMPATH\CodeIgniter.php(919): App\Controllers\AppointmentController->save()
 3 SYSTEMPATH\CodeIgniter.php(494): CodeIgniter\CodeIgniter->runController(Object(App\Controllers\AppointmentController))
 4 SYSTEMPATH\CodeIgniter.php(353): CodeIgniter\CodeIgniter->handleRequest(null, Object(Config\Cache), false)
 5 FCPATH\index.php(88): CodeIgniter\CodeIgniter->run()
CRITICAL - 2023-11-05 05:12:44 --> Undefined property: stdClass::$pet_name
in APPPATH\Controllers\AppointmentController.php on line 34.
 1 APPPATH\Controllers\AppointmentController.php(34): CodeIgniter\Debug\Exceptions->errorHandler(2, 'Undefined property: stdClass::$pet_name', 'C:\\laragon\\www\\UniPET\\app\\Controllers\\AppointmentController.php', 34)
 2 SYSTEMPATH\CodeIgniter.php(919): App\Controllers\AppointmentController->save()
 3 SYSTEMPATH\CodeIgniter.php(494): CodeIgniter\CodeIgniter->runController(Object(App\Controllers\AppointmentController))
 4 SYSTEMPATH\CodeIgniter.php(353): CodeIgniter\CodeIgniter->handleRequest(null, Object(Config\Cache), false)
 5 FCPATH\index.php(88): CodeIgniter\CodeIgniter->run()
CRITICAL - 2023-11-05 05:12:45 --> Undefined property: stdClass::$pet_name
in APPPATH\Controllers\AppointmentController.php on line 34.
 1 APPPATH\Controllers\AppointmentController.php(34): CodeIgniter\Debug\Exceptions->errorHandler(2, 'Undefined property: stdClass::$pet_name', 'C:\\laragon\\www\\UniPET\\app\\Controllers\\AppointmentController.php', 34)
 2 SYSTEMPATH\CodeIgniter.php(919): App\Controllers\AppointmentController->save()
 3 SYSTEMPATH\CodeIgniter.php(494): CodeIgniter\CodeIgniter->runController(Object(App\Controllers\AppointmentController))
 4 SYSTEMPATH\CodeIgniter.php(353): CodeIgniter\CodeIgniter->handleRequest(null, Object(Config\Cache), false)
 5 FCPATH\index.php(88): CodeIgniter\CodeIgniter->run()
CRITICAL - 2023-11-05 05:12:45 --> Undefined property: stdClass::$pet_name
in APPPATH\Controllers\AppointmentController.php on line 34.
 1 APPPATH\Controllers\AppointmentController.php(34): CodeIgniter\Debug\Exceptions->errorHandler(2, 'Undefined property: stdClass::$pet_name', 'C:\\laragon\\www\\UniPET\\app\\Controllers\\AppointmentController.php', 34)
 2 SYSTEMPATH\CodeIgniter.php(919): App\Controllers\AppointmentController->save()
 3 SYSTEMPATH\CodeIgniter.php(494): CodeIgniter\CodeIgniter->runController(Object(App\Controllers\AppointmentController))
 4 SYSTEMPATH\CodeIgniter.php(353): CodeIgniter\CodeIgniter->handleRequest(null, Object(Config\Cache), false)
 5 FCPATH\index.php(88): CodeIgniter\CodeIgniter->run()
CRITICAL - 2023-11-05 05:12:45 --> Undefined property: stdClass::$pet_name
in APPPATH\Controllers\AppointmentController.php on line 34.
 1 APPPATH\Controllers\AppointmentController.php(34): CodeIgniter\Debug\Exceptions->errorHandler(2, 'Undefined property: stdClass::$pet_name', 'C:\\laragon\\www\\UniPET\\app\\Controllers\\AppointmentController.php', 34)
 2 SYSTEMPATH\CodeIgniter.php(919): App\Controllers\AppointmentController->save()
 3 SYSTEMPATH\CodeIgniter.php(494): CodeIgniter\CodeIgniter->runController(Object(App\Controllers\AppointmentController))
 4 SYSTEMPATH\CodeIgniter.php(353): CodeIgniter\CodeIgniter->handleRequest(null, Object(Config\Cache), false)
 5 FCPATH\index.php(88): CodeIgniter\CodeIgniter->run()
CRITICAL - 2023-11-05 05:12:45 --> Undefined property: stdClass::$pet_name
in APPPATH\Controllers\AppointmentController.php on line 34.
 1 APPPATH\Controllers\AppointmentController.php(34): CodeIgniter\Debug\Exceptions->errorHandler(2, 'Undefined property: stdClass::$pet_name', 'C:\\laragon\\www\\UniPET\\app\\Controllers\\AppointmentController.php', 34)
 2 SYSTEMPATH\CodeIgniter.php(919): App\Controllers\AppointmentController->save()
 3 SYSTEMPATH\CodeIgniter.php(494): CodeIgniter\CodeIgniter->runController(Object(App\Controllers\AppointmentController))
 4 SYSTEMPATH\CodeIgniter.php(353): CodeIgniter\CodeIgniter->handleRequest(null, Object(Config\Cache), false)
 5 FCPATH\index.php(88): CodeIgniter\CodeIgniter->run()
CRITICAL - 2023-11-05 05:12:46 --> Undefined property: stdClass::$pet_name
in APPPATH\Controllers\AppointmentController.php on line 34.
 1 APPPATH\Controllers\AppointmentController.php(34): CodeIgniter\Debug\Exceptions->errorHandler(2, 'Undefined property: stdClass::$pet_name', 'C:\\laragon\\www\\UniPET\\app\\Controllers\\AppointmentController.php', 34)
 2 SYSTEMPATH\CodeIgniter.php(919): App\Controllers\AppointmentController->save()
 3 SYSTEMPATH\CodeIgniter.php(494): CodeIgniter\CodeIgniter->runController(Object(App\Controllers\AppointmentController))
 4 SYSTEMPATH\CodeIgniter.php(353): CodeIgniter\CodeIgniter->handleRequest(null, Object(Config\Cache), false)
 5 FCPATH\index.php(88): CodeIgniter\CodeIgniter->run()
CRITICAL - 2023-11-05 05:12:46 --> Undefined property: stdClass::$pet_name
in APPPATH\Controllers\AppointmentController.php on line 34.
 1 APPPATH\Controllers\AppointmentController.php(34): CodeIgniter\Debug\Exceptions->errorHandler(2, 'Undefined property: stdClass::$pet_name', 'C:\\laragon\\www\\UniPET\\app\\Controllers\\AppointmentController.php', 34)
 2 SYSTEMPATH\CodeIgniter.php(919): App\Controllers\AppointmentController->save()
 3 SYSTEMPATH\CodeIgniter.php(494): CodeIgniter\CodeIgniter->runController(Object(App\Controllers\AppointmentController))
 4 SYSTEMPATH\CodeIgniter.php(353): CodeIgniter\CodeIgniter->handleRequest(null, Object(Config\Cache), false)
 5 FCPATH\index.php(88): CodeIgniter\CodeIgniter->run()
CRITICAL - 2023-11-05 05:12:46 --> Undefined property: stdClass::$pet_name
in APPPATH\Controllers\AppointmentController.php on line 34.
 1 APPPATH\Controllers\AppointmentController.php(34): CodeIgniter\Debug\Exceptions->errorHandler(2, 'Undefined property: stdClass::$pet_name', 'C:\\laragon\\www\\UniPET\\app\\Controllers\\AppointmentController.php', 34)
 2 SYSTEMPATH\CodeIgniter.php(919): App\Controllers\AppointmentController->save()
 3 SYSTEMPATH\CodeIgniter.php(494): CodeIgniter\CodeIgniter->runController(Object(App\Controllers\AppointmentController))
 4 SYSTEMPATH\CodeIgniter.php(353): CodeIgniter\CodeIgniter->handleRequest(null, Object(Config\Cache), false)
 5 FCPATH\index.php(88): CodeIgniter\CodeIgniter->run()
CRITICAL - 2023-11-05 05:12:46 --> Undefined property: stdClass::$pet_name
in APPPATH\Controllers\AppointmentController.php on line 34.
 1 APPPATH\Controllers\AppointmentController.php(34): CodeIgniter\Debug\Exceptions->errorHandler(2, 'Undefined property: stdClass::$pet_name', 'C:\\laragon\\www\\UniPET\\app\\Controllers\\AppointmentController.php', 34)
 2 SYSTEMPATH\CodeIgniter.php(919): App\Controllers\AppointmentController->save()
 3 SYSTEMPATH\CodeIgniter.php(494): CodeIgniter\CodeIgniter->runController(Object(App\Controllers\AppointmentController))
 4 SYSTEMPATH\CodeIgniter.php(353): CodeIgniter\CodeIgniter->handleRequest(null, Object(Config\Cache), false)
 5 FCPATH\index.php(88): CodeIgniter\CodeIgniter->run()
CRITICAL - 2023-11-05 05:12:53 --> Undefined property: stdClass::$pet_name
in APPPATH\Controllers\AppointmentController.php on line 34.
 1 APPPATH\Controllers\AppointmentController.php(34): CodeIgniter\Debug\Exceptions->errorHandler(2, 'Undefined property: stdClass::$pet_name', 'C:\\laragon\\www\\UniPET\\app\\Controllers\\AppointmentController.php', 34)
 2 SYSTEMPATH\CodeIgniter.php(919): App\Controllers\AppointmentController->save()
 3 SYSTEMPATH\CodeIgniter.php(494): CodeIgniter\CodeIgniter->runController(Object(App\Controllers\AppointmentController))
 4 SYSTEMPATH\CodeIgniter.php(353): CodeIgniter\CodeIgniter->handleRequest(null, Object(Config\Cache), false)
 5 FCPATH\index.php(88): CodeIgniter\CodeIgniter->run()
CRITICAL - 2023-11-05 05:12:54 --> Undefined property: stdClass::$pet_name
in APPPATH\Controllers\AppointmentController.php on line 34.
 1 APPPATH\Controllers\AppointmentController.php(34): CodeIgniter\Debug\Exceptions->errorHandler(2, 'Undefined property: stdClass::$pet_name', 'C:\\laragon\\www\\UniPET\\app\\Controllers\\AppointmentController.php', 34)
 2 SYSTEMPATH\CodeIgniter.php(919): App\Controllers\AppointmentController->save()
 3 SYSTEMPATH\CodeIgniter.php(494): CodeIgniter\CodeIgniter->runController(Object(App\Controllers\AppointmentController))
 4 SYSTEMPATH\CodeIgniter.php(353): CodeIgniter\CodeIgniter->handleRequest(null, Object(Config\Cache), false)
 5 FCPATH\index.php(88): CodeIgniter\CodeIgniter->run()
CRITICAL - 2023-11-05 05:12:54 --> Undefined property: stdClass::$pet_name
in APPPATH\Controllers\AppointmentController.php on line 34.
 1 APPPATH\Controllers\AppointmentController.php(34): CodeIgniter\Debug\Exceptions->errorHandler(2, 'Undefined property: stdClass::$pet_name', 'C:\\laragon\\www\\UniPET\\app\\Controllers\\AppointmentController.php', 34)
 2 SYSTEMPATH\CodeIgniter.php(919): App\Controllers\AppointmentController->save()
 3 SYSTEMPATH\CodeIgniter.php(494): CodeIgniter\CodeIgniter->runController(Object(App\Controllers\AppointmentController))
 4 SYSTEMPATH\CodeIgniter.php(353): CodeIgniter\CodeIgniter->handleRequest(null, Object(Config\Cache), false)
 5 FCPATH\index.php(88): CodeIgniter\CodeIgniter->run()
CRITICAL - 2023-11-05 05:12:54 --> Undefined property: stdClass::$pet_name
in APPPATH\Controllers\AppointmentController.php on line 34.
 1 APPPATH\Controllers\AppointmentController.php(34): CodeIgniter\Debug\Exceptions->errorHandler(2, 'Undefined property: stdClass::$pet_name', 'C:\\laragon\\www\\UniPET\\app\\Controllers\\AppointmentController.php', 34)
 2 SYSTEMPATH\CodeIgniter.php(919): App\Controllers\AppointmentController->save()
 3 SYSTEMPATH\CodeIgniter.php(494): CodeIgniter\CodeIgniter->runController(Object(App\Controllers\AppointmentController))
 4 SYSTEMPATH\CodeIgniter.php(353): CodeIgniter\CodeIgniter->handleRequest(null, Object(Config\Cache), false)
 5 FCPATH\index.php(88): CodeIgniter\CodeIgniter->run()
CRITICAL - 2023-11-05 05:12:54 --> Undefined property: stdClass::$pet_name
in APPPATH\Controllers\AppointmentController.php on line 34.
 1 APPPATH\Controllers\AppointmentController.php(34): CodeIgniter\Debug\Exceptions->errorHandler(2, 'Undefined property: stdClass::$pet_name', 'C:\\laragon\\www\\UniPET\\app\\Controllers\\AppointmentController.php', 34)
 2 SYSTEMPATH\CodeIgniter.php(919): App\Controllers\AppointmentController->save()
 3 SYSTEMPATH\CodeIgniter.php(494): CodeIgniter\CodeIgniter->runController(Object(App\Controllers\AppointmentController))
 4 SYSTEMPATH\CodeIgniter.php(353): CodeIgniter\CodeIgniter->handleRequest(null, Object(Config\Cache), false)
 5 FCPATH\index.php(88): CodeIgniter\CodeIgniter->run()
CRITICAL - 2023-11-05 05:13:30 --> implode(): Argument #2 ($array) must be of type ?array, string given
in APPPATH\Controllers\AppointmentController.php on line 47.
 1 APPPATH\Controllers\AppointmentController.php(47): implode(',', '')
 2 SYSTEMPATH\CodeIgniter.php(919): App\Controllers\AppointmentController->save()
 3 SYSTEMPATH\CodeIgniter.php(494): CodeIgniter\CodeIgniter->runController(Object(App\Controllers\AppointmentController))
 4 SYSTEMPATH\CodeIgniter.php(353): CodeIgniter\CodeIgniter->handleRequest(null, Object(Config\Cache), false)
 5 FCPATH\index.php(88): CodeIgniter\CodeIgniter->run()
CRITICAL - 2023-11-05 05:13:31 --> implode(): Argument #2 ($array) must be of type ?array, string given
in APPPATH\Controllers\AppointmentController.php on line 47.
 1 APPPATH\Controllers\AppointmentController.php(47): implode(',', '')
 2 SYSTEMPATH\CodeIgniter.php(919): App\Controllers\AppointmentController->save()
 3 SYSTEMPATH\CodeIgniter.php(494): CodeIgniter\CodeIgniter->runController(Object(App\Controllers\AppointmentController))
 4 SYSTEMPATH\CodeIgniter.php(353): CodeIgniter\CodeIgniter->handleRequest(null, Object(Config\Cache), false)
 5 FCPATH\index.php(88): CodeIgniter\CodeIgniter->run()
CRITICAL - 2023-11-05 05:13:31 --> implode(): Argument #2 ($array) must be of type ?array, string given
in APPPATH\Controllers\AppointmentController.php on line 47.
 1 APPPATH\Controllers\AppointmentController.php(47): implode(',', '')
 2 SYSTEMPATH\CodeIgniter.php(919): App\Controllers\AppointmentController->save()
 3 SYSTEMPATH\CodeIgniter.php(494): CodeIgniter\CodeIgniter->runController(Object(App\Controllers\AppointmentController))
 4 SYSTEMPATH\CodeIgniter.php(353): CodeIgniter\CodeIgniter->handleRequest(null, Object(Config\Cache), false)
 5 FCPATH\index.php(88): CodeIgniter\CodeIgniter->run()
CRITICAL - 2023-11-05 05:13:31 --> implode(): Argument #2 ($array) must be of type ?array, string given
in APPPATH\Controllers\AppointmentController.php on line 47.
 1 APPPATH\Controllers\AppointmentController.php(47): implode(',', '')
 2 SYSTEMPATH\CodeIgniter.php(919): App\Controllers\AppointmentController->save()
 3 SYSTEMPATH\CodeIgniter.php(494): CodeIgniter\CodeIgniter->runController(Object(App\Controllers\AppointmentController))
 4 SYSTEMPATH\CodeIgniter.php(353): CodeIgniter\CodeIgniter->handleRequest(null, Object(Config\Cache), false)
 5 FCPATH\index.php(88): CodeIgniter\CodeIgniter->run()
CRITICAL - 2023-11-05 05:13:32 --> implode(): Argument #2 ($array) must be of type ?array, string given
in APPPATH\Controllers\AppointmentController.php on line 47.
 1 APPPATH\Controllers\AppointmentController.php(47): implode(',', '')
 2 SYSTEMPATH\CodeIgniter.php(919): App\Controllers\AppointmentController->save()
 3 SYSTEMPATH\CodeIgniter.php(494): CodeIgniter\CodeIgniter->runController(Object(App\Controllers\AppointmentController))
 4 SYSTEMPATH\CodeIgniter.php(353): CodeIgniter\CodeIgniter->handleRequest(null, Object(Config\Cache), false)
 5 FCPATH\index.php(88): CodeIgniter\CodeIgniter->run()
CRITICAL - 2023-11-05 05:13:38 --> implode(): Argument #2 ($array) must be of type ?array, string given
in APPPATH\Controllers\AppointmentController.php on line 47.
 1 APPPATH\Controllers\AppointmentController.php(47): implode(',', '')
 2 SYSTEMPATH\CodeIgniter.php(919): App\Controllers\AppointmentController->save()
 3 SYSTEMPATH\CodeIgniter.php(494): CodeIgniter\CodeIgniter->runController(Object(App\Controllers\AppointmentController))
 4 SYSTEMPATH\CodeIgniter.php(353): CodeIgniter\CodeIgniter->handleRequest(null, Object(Config\Cache), false)
 5 FCPATH\index.php(88): CodeIgniter\CodeIgniter->run()
CRITICAL - 2023-11-05 05:13:39 --> implode(): Argument #2 ($array) must be of type ?array, string given
in APPPATH\Controllers\AppointmentController.php on line 47.
 1 APPPATH\Controllers\AppointmentController.php(47): implode(',', '')
 2 SYSTEMPATH\CodeIgniter.php(919): App\Controllers\AppointmentController->save()
 3 SYSTEMPATH\CodeIgniter.php(494): CodeIgniter\CodeIgniter->runController(Object(App\Controllers\AppointmentController))
 4 SYSTEMPATH\CodeIgniter.php(353): CodeIgniter\CodeIgniter->handleRequest(null, Object(Config\Cache), false)
 5 FCPATH\index.php(88): CodeIgniter\CodeIgniter->run()
CRITICAL - 2023-11-05 05:13:39 --> implode(): Argument #2 ($array) must be of type ?array, string given
in APPPATH\Controllers\AppointmentController.php on line 47.
 1 APPPATH\Controllers\AppointmentController.php(47): implode(',', '')
 2 SYSTEMPATH\CodeIgniter.php(919): App\Controllers\AppointmentController->save()
 3 SYSTEMPATH\CodeIgniter.php(494): CodeIgniter\CodeIgniter->runController(Object(App\Controllers\AppointmentController))
 4 SYSTEMPATH\CodeIgniter.php(353): CodeIgniter\CodeIgniter->handleRequest(null, Object(Config\Cache), false)
 5 FCPATH\index.php(88): CodeIgniter\CodeIgniter->run()
CRITICAL - 2023-11-05 05:13:39 --> implode(): Argument #2 ($array) must be of type ?array, string given
in APPPATH\Controllers\AppointmentController.php on line 47.
 1 APPPATH\Controllers\AppointmentController.php(47): implode(',', '')
 2 SYSTEMPATH\CodeIgniter.php(919): App\Controllers\AppointmentController->save()
 3 SYSTEMPATH\CodeIgniter.php(494): CodeIgniter\CodeIgniter->runController(Object(App\Controllers\AppointmentController))
 4 SYSTEMPATH\CodeIgniter.php(353): CodeIgniter\CodeIgniter->handleRequest(null, Object(Config\Cache), false)
 5 FCPATH\index.php(88): CodeIgniter\CodeIgniter->run()
CRITICAL - 2023-11-05 05:13:39 --> implode(): Argument #2 ($array) must be of type ?array, string given
in APPPATH\Controllers\AppointmentController.php on line 47.
 1 APPPATH\Controllers\AppointmentController.php(47): implode(',', '')
 2 SYSTEMPATH\CodeIgniter.php(919): App\Controllers\AppointmentController->save()
 3 SYSTEMPATH\CodeIgniter.php(494): CodeIgniter\CodeIgniter->runController(Object(App\Controllers\AppointmentController))
 4 SYSTEMPATH\CodeIgniter.php(353): CodeIgniter\CodeIgniter->handleRequest(null, Object(Config\Cache), false)
 5 FCPATH\index.php(88): CodeIgniter\CodeIgniter->run()
CRITICAL - 2023-11-05 05:14:32 --> implode(): Argument #2 ($array) must be of type ?array, string given
in APPPATH\Controllers\AppointmentController.php on line 47.
 1 APPPATH\Controllers\AppointmentController.php(47): implode(',', '')
 2 SYSTEMPATH\CodeIgniter.php(919): App\Controllers\AppointmentController->save()
 3 SYSTEMPATH\CodeIgniter.php(494): CodeIgniter\CodeIgniter->runController(Object(App\Controllers\AppointmentController))
 4 SYSTEMPATH\CodeIgniter.php(353): CodeIgniter\CodeIgniter->handleRequest(null, Object(Config\Cache), false)
 5 FCPATH\index.php(88): CodeIgniter\CodeIgniter->run()
CRITICAL - 2023-11-05 05:14:33 --> implode(): Argument #2 ($array) must be of type ?array, string given
in APPPATH\Controllers\AppointmentController.php on line 47.
 1 APPPATH\Controllers\AppointmentController.php(47): implode(',', '')
 2 SYSTEMPATH\CodeIgniter.php(919): App\Controllers\AppointmentController->save()
 3 SYSTEMPATH\CodeIgniter.php(494): CodeIgniter\CodeIgniter->runController(Object(App\Controllers\AppointmentController))
 4 SYSTEMPATH\CodeIgniter.php(353): CodeIgniter\CodeIgniter->handleRequest(null, Object(Config\Cache), false)
 5 FCPATH\index.php(88): CodeIgniter\CodeIgniter->run()
CRITICAL - 2023-11-05 05:14:33 --> implode(): Argument #2 ($array) must be of type ?array, string given
in APPPATH\Controllers\AppointmentController.php on line 47.
 1 APPPATH\Controllers\AppointmentController.php(47): implode(',', '')
 2 SYSTEMPATH\CodeIgniter.php(919): App\Controllers\AppointmentController->save()
 3 SYSTEMPATH\CodeIgniter.php(494): CodeIgniter\CodeIgniter->runController(Object(App\Controllers\AppointmentController))
 4 SYSTEMPATH\CodeIgniter.php(353): CodeIgniter\CodeIgniter->handleRequest(null, Object(Config\Cache), false)
 5 FCPATH\index.php(88): CodeIgniter\CodeIgniter->run()
CRITICAL - 2023-11-05 05:14:33 --> implode(): Argument #2 ($array) must be of type ?array, string given
in APPPATH\Controllers\AppointmentController.php on line 47.
 1 APPPATH\Controllers\AppointmentController.php(47): implode(',', '')
 2 SYSTEMPATH\CodeIgniter.php(919): App\Controllers\AppointmentController->save()
 3 SYSTEMPATH\CodeIgniter.php(494): CodeIgniter\CodeIgniter->runController(Object(App\Controllers\AppointmentController))
 4 SYSTEMPATH\CodeIgniter.php(353): CodeIgniter\CodeIgniter->handleRequest(null, Object(Config\Cache), false)
 5 FCPATH\index.php(88): CodeIgniter\CodeIgniter->run()
CRITICAL - 2023-11-05 05:14:33 --> implode(): Argument #2 ($array) must be of type ?array, string given
in APPPATH\Controllers\AppointmentController.php on line 47.
 1 APPPATH\Controllers\AppointmentController.php(47): implode(',', '')
 2 SYSTEMPATH\CodeIgniter.php(919): App\Controllers\AppointmentController->save()
 3 SYSTEMPATH\CodeIgniter.php(494): CodeIgniter\CodeIgniter->runController(Object(App\Controllers\AppointmentController))
 4 SYSTEMPATH\CodeIgniter.php(353): CodeIgniter\CodeIgniter->handleRequest(null, Object(Config\Cache), false)
 5 FCPATH\index.php(88): CodeIgniter\CodeIgniter->run()
CRITICAL - 2023-11-05 05:14:33 --> implode(): Argument #2 ($array) must be of type ?array, string given
in APPPATH\Controllers\AppointmentController.php on line 47.
 1 APPPATH\Controllers\AppointmentController.php(47): implode(',', '')
 2 SYSTEMPATH\CodeIgniter.php(919): App\Controllers\AppointmentController->save()
 3 SYSTEMPATH\CodeIgniter.php(494): CodeIgniter\CodeIgniter->runController(Object(App\Controllers\AppointmentController))
 4 SYSTEMPATH\CodeIgniter.php(353): CodeIgniter\CodeIgniter->handleRequest(null, Object(Config\Cache), false)
 5 FCPATH\index.php(88): CodeIgniter\CodeIgniter->run()
CRITICAL - 2023-11-05 05:14:33 --> implode(): Argument #2 ($array) must be of type ?array, string given
in APPPATH\Controllers\AppointmentController.php on line 47.
 1 APPPATH\Controllers\AppointmentController.php(47): implode(',', '')
 2 SYSTEMPATH\CodeIgniter.php(919): App\Controllers\AppointmentController->save()
 3 SYSTEMPATH\CodeIgniter.php(494): CodeIgniter\CodeIgniter->runController(Object(App\Controllers\AppointmentController))
 4 SYSTEMPATH\CodeIgniter.php(353): CodeIgniter\CodeIgniter->handleRequest(null, Object(Config\Cache), false)
 5 FCPATH\index.php(88): CodeIgniter\CodeIgniter->run()
CRITICAL - 2023-11-05 05:14:34 --> implode(): Argument #2 ($array) must be of type ?array, string given
in APPPATH\Controllers\AppointmentController.php on line 47.
 1 APPPATH\Controllers\AppointmentController.php(47): implode(',', '')
 2 SYSTEMPATH\CodeIgniter.php(919): App\Controllers\AppointmentController->save()
 3 SYSTEMPATH\CodeIgniter.php(494): CodeIgniter\CodeIgniter->runController(Object(App\Controllers\AppointmentController))
 4 SYSTEMPATH\CodeIgniter.php(353): CodeIgniter\CodeIgniter->handleRequest(null, Object(Config\Cache), false)
 5 FCPATH\index.php(88): CodeIgniter\CodeIgniter->run()
CRITICAL - 2023-11-05 05:14:34 --> implode(): Argument #2 ($array) must be of type ?array, string given
in APPPATH\Controllers\AppointmentController.php on line 47.
 1 APPPATH\Controllers\AppointmentController.php(47): implode(',', '')
 2 SYSTEMPATH\CodeIgniter.php(919): App\Controllers\AppointmentController->save()
 3 SYSTEMPATH\CodeIgniter.php(494): CodeIgniter\CodeIgniter->runController(Object(App\Controllers\AppointmentController))
 4 SYSTEMPATH\CodeIgniter.php(353): CodeIgniter\CodeIgniter->handleRequest(null, Object(Config\Cache), false)
 5 FCPATH\index.php(88): CodeIgniter\CodeIgniter->run()
CRITICAL - 2023-11-05 05:14:34 --> implode(): Argument #2 ($array) must be of type ?array, string given
in APPPATH\Controllers\AppointmentController.php on line 47.
 1 APPPATH\Controllers\AppointmentController.php(47): implode(',', '')
 2 SYSTEMPATH\CodeIgniter.php(919): App\Controllers\AppointmentController->save()
 3 SYSTEMPATH\CodeIgniter.php(494): CodeIgniter\CodeIgniter->runController(Object(App\Controllers\AppointmentController))
 4 SYSTEMPATH\CodeIgniter.php(353): CodeIgniter\CodeIgniter->handleRequest(null, Object(Config\Cache), false)
 5 FCPATH\index.php(88): CodeIgniter\CodeIgniter->run()
CRITICAL - 2023-11-05 05:14:34 --> implode(): Argument #2 ($array) must be of type ?array, string given
in APPPATH\Controllers\AppointmentController.php on line 47.
 1 APPPATH\Controllers\AppointmentController.php(47): implode(',', '')
 2 SYSTEMPATH\CodeIgniter.php(919): App\Controllers\AppointmentController->save()
 3 SYSTEMPATH\CodeIgniter.php(494): CodeIgniter\CodeIgniter->runController(Object(App\Controllers\AppointmentController))
 4 SYSTEMPATH\CodeIgniter.php(353): CodeIgniter\CodeIgniter->handleRequest(null, Object(Config\Cache), false)
 5 FCPATH\index.php(88): CodeIgniter\CodeIgniter->run()
CRITICAL - 2023-11-05 08:51:46 --> Undefined property: stdClass::$color
in APPPATH\Controllers\AppointmentController.php on line 38.
 1 APPPATH\Controllers\AppointmentController.php(38): CodeIgniter\Debug\Exceptions->errorHandler(2, 'Undefined property: stdClass::$color', 'C:\\laragon\\www\\UniPET\\app\\Controllers\\AppointmentController.php', 38)
 2 SYSTEMPATH\CodeIgniter.php(919): App\Controllers\AppointmentController->save()
 3 SYSTEMPATH\CodeIgniter.php(494): CodeIgniter\CodeIgniter->runController(Object(App\Controllers\AppointmentController))
 4 SYSTEMPATH\CodeIgniter.php(353): CodeIgniter\CodeIgniter->handleRequest(null, Object(Config\Cache), false)
 5 FCPATH\index.php(88): CodeIgniter\CodeIgniter->run()
CRITICAL - 2023-11-05 08:51:48 --> Undefined property: stdClass::$color
in APPPATH\Controllers\AppointmentController.php on line 38.
 1 APPPATH\Controllers\AppointmentController.php(38): CodeIgniter\Debug\Exceptions->errorHandler(2, 'Undefined property: stdClass::$color', 'C:\\laragon\\www\\UniPET\\app\\Controllers\\AppointmentController.php', 38)
 2 SYSTEMPATH\CodeIgniter.php(919): App\Controllers\AppointmentController->save()
 3 SYSTEMPATH\CodeIgniter.php(494): CodeIgniter\CodeIgniter->runController(Object(App\Controllers\AppointmentController))
 4 SYSTEMPATH\CodeIgniter.php(353): CodeIgniter\CodeIgniter->handleRequest(null, Object(Config\Cache), false)
 5 FCPATH\index.php(88): CodeIgniter\CodeIgniter->run()
CRITICAL - 2023-11-05 08:51:48 --> Undefined property: stdClass::$color
in APPPATH\Controllers\AppointmentController.php on line 38.
 1 APPPATH\Controllers\AppointmentController.php(38): CodeIgniter\Debug\Exceptions->errorHandler(2, 'Undefined property: stdClass::$color', 'C:\\laragon\\www\\UniPET\\app\\Controllers\\AppointmentController.php', 38)
 2 SYSTEMPATH\CodeIgniter.php(919): App\Controllers\AppointmentController->save()
 3 SYSTEMPATH\CodeIgniter.php(494): CodeIgniter\CodeIgniter->runController(Object(App\Controllers\AppointmentController))
 4 SYSTEMPATH\CodeIgniter.php(353): CodeIgniter\CodeIgniter->handleRequest(null, Object(Config\Cache), false)
 5 FCPATH\index.php(88): CodeIgniter\CodeIgniter->run()
CRITICAL - 2023-11-05 08:51:55 --> Undefined property: stdClass::$color
in APPPATH\Controllers\AppointmentController.php on line 38.
 1 APPPATH\Controllers\AppointmentController.php(38): CodeIgniter\Debug\Exceptions->errorHandler(2, 'Undefined property: stdClass::$color', 'C:\\laragon\\www\\UniPET\\app\\Controllers\\AppointmentController.php', 38)
 2 SYSTEMPATH\CodeIgniter.php(919): App\Controllers\AppointmentController->save()
 3 SYSTEMPATH\CodeIgniter.php(494): CodeIgniter\CodeIgniter->runController(Object(App\Controllers\AppointmentController))
 4 SYSTEMPATH\CodeIgniter.php(353): CodeIgniter\CodeIgniter->handleRequest(null, Object(Config\Cache), false)
 5 FCPATH\index.php(88): CodeIgniter\CodeIgniter->run()
CRITICAL - 2023-11-05 08:51:56 --> Undefined property: stdClass::$color
in APPPATH\Controllers\AppointmentController.php on line 38.
 1 APPPATH\Controllers\AppointmentController.php(38): CodeIgniter\Debug\Exceptions->errorHandler(2, 'Undefined property: stdClass::$color', 'C:\\laragon\\www\\UniPET\\app\\Controllers\\AppointmentController.php', 38)
 2 SYSTEMPATH\CodeIgniter.php(919): App\Controllers\AppointmentController->save()
 3 SYSTEMPATH\CodeIgniter.php(494): CodeIgniter\CodeIgniter->runController(Object(App\Controllers\AppointmentController))
 4 SYSTEMPATH\CodeIgniter.php(353): CodeIgniter\CodeIgniter->handleRequest(null, Object(Config\Cache), false)
 5 FCPATH\index.php(88): CodeIgniter\CodeIgniter->run()
CRITICAL - 2023-11-05 08:51:57 --> Undefined property: stdClass::$color
in APPPATH\Controllers\AppointmentController.php on line 38.
 1 APPPATH\Controllers\AppointmentController.php(38): CodeIgniter\Debug\Exceptions->errorHandler(2, 'Undefined property: stdClass::$color', 'C:\\laragon\\www\\UniPET\\app\\Controllers\\AppointmentController.php', 38)
 2 SYSTEMPATH\CodeIgniter.php(919): App\Controllers\AppointmentController->save()
 3 SYSTEMPATH\CodeIgniter.php(494): CodeIgniter\CodeIgniter->runController(Object(App\Controllers\AppointmentController))
 4 SYSTEMPATH\CodeIgniter.php(353): CodeIgniter\CodeIgniter->handleRequest(null, Object(Config\Cache), false)
 5 FCPATH\index.php(88): CodeIgniter\CodeIgniter->run()
CRITICAL - 2023-11-05 08:51:57 --> Undefined property: stdClass::$color
in APPPATH\Controllers\AppointmentController.php on line 38.
 1 APPPATH\Controllers\AppointmentController.php(38): CodeIgniter\Debug\Exceptions->errorHandler(2, 'Undefined property: stdClass::$color', 'C:\\laragon\\www\\UniPET\\app\\Controllers\\AppointmentController.php', 38)
 2 SYSTEMPATH\CodeIgniter.php(919): App\Controllers\AppointmentController->save()
 3 SYSTEMPATH\CodeIgniter.php(494): CodeIgniter\CodeIgniter->runController(Object(App\Controllers\AppointmentController))
 4 SYSTEMPATH\CodeIgniter.php(353): CodeIgniter\CodeIgniter->handleRequest(null, Object(Config\Cache), false)
 5 FCPATH\index.php(88): CodeIgniter\CodeIgniter->run()
CRITICAL - 2023-11-05 08:51:58 --> Undefined property: stdClass::$color
in APPPATH\Controllers\AppointmentController.php on line 38.
 1 APPPATH\Controllers\AppointmentController.php(38): CodeIgniter\Debug\Exceptions->errorHandler(2, 'Undefined property: stdClass::$color', 'C:\\laragon\\www\\UniPET\\app\\Controllers\\AppointmentController.php', 38)
 2 SYSTEMPATH\CodeIgniter.php(919): App\Controllers\AppointmentController->save()
 3 SYSTEMPATH\CodeIgniter.php(494): CodeIgniter\CodeIgniter->runController(Object(App\Controllers\AppointmentController))
 4 SYSTEMPATH\CodeIgniter.php(353): CodeIgniter\CodeIgniter->handleRequest(null, Object(Config\Cache), false)
 5 FCPATH\index.php(88): CodeIgniter\CodeIgniter->run()
CRITICAL - 2023-11-05 08:52:06 --> Undefined property: stdClass::$color
in APPPATH\Controllers\AppointmentController.php on line 38.
 1 APPPATH\Controllers\AppointmentController.php(38): CodeIgniter\Debug\Exceptions->errorHandler(2, 'Undefined property: stdClass::$color', 'C:\\laragon\\www\\UniPET\\app\\Controllers\\AppointmentController.php', 38)
 2 SYSTEMPATH\CodeIgniter.php(919): App\Controllers\AppointmentController->save()
 3 SYSTEMPATH\CodeIgniter.php(494): CodeIgniter\CodeIgniter->runController(Object(App\Controllers\AppointmentController))
 4 SYSTEMPATH\CodeIgniter.php(353): CodeIgniter\CodeIgniter->handleRequest(null, Object(Config\Cache), false)
 5 FCPATH\index.php(88): CodeIgniter\CodeIgniter->run()
CRITICAL - 2023-11-05 08:52:07 --> Undefined property: stdClass::$color
in APPPATH\Controllers\AppointmentController.php on line 38.
 1 APPPATH\Controllers\AppointmentController.php(38): CodeIgniter\Debug\Exceptions->errorHandler(2, 'Undefined property: stdClass::$color', 'C:\\laragon\\www\\UniPET\\app\\Controllers\\AppointmentController.php', 38)
 2 SYSTEMPATH\CodeIgniter.php(919): App\Controllers\AppointmentController->save()
 3 SYSTEMPATH\CodeIgniter.php(494): CodeIgniter\CodeIgniter->runController(Object(App\Controllers\AppointmentController))
 4 SYSTEMPATH\CodeIgniter.php(353): CodeIgniter\CodeIgniter->handleRequest(null, Object(Config\Cache), false)
 5 FCPATH\index.php(88): CodeIgniter\CodeIgniter->run()
CRITICAL - 2023-11-05 08:52:07 --> Undefined property: stdClass::$color
in APPPATH\Controllers\AppointmentController.php on line 38.
 1 APPPATH\Controllers\AppointmentController.php(38): CodeIgniter\Debug\Exceptions->errorHandler(2, 'Undefined property: stdClass::$color', 'C:\\laragon\\www\\UniPET\\app\\Controllers\\AppointmentController.php', 38)
 2 SYSTEMPATH\CodeIgniter.php(919): App\Controllers\AppointmentController->save()
 3 SYSTEMPATH\CodeIgniter.php(494): CodeIgniter\CodeIgniter->runController(Object(App\Controllers\AppointmentController))
 4 SYSTEMPATH\CodeIgniter.php(353): CodeIgniter\CodeIgniter->handleRequest(null, Object(Config\Cache), false)
 5 FCPATH\index.php(88): CodeIgniter\CodeIgniter->run()
CRITICAL - 2023-11-05 08:52:08 --> Undefined property: stdClass::$color
in APPPATH\Controllers\AppointmentController.php on line 38.
 1 APPPATH\Controllers\AppointmentController.php(38): CodeIgniter\Debug\Exceptions->errorHandler(2, 'Undefined property: stdClass::$color', 'C:\\laragon\\www\\UniPET\\app\\Controllers\\AppointmentController.php', 38)
 2 SYSTEMPATH\CodeIgniter.php(919): App\Controllers\AppointmentController->save()
 3 SYSTEMPATH\CodeIgniter.php(494): CodeIgniter\CodeIgniter->runController(Object(App\Controllers\AppointmentController))
 4 SYSTEMPATH\CodeIgniter.php(353): CodeIgniter\CodeIgniter->handleRequest(null, Object(Config\Cache), false)
 5 FCPATH\index.php(88): CodeIgniter\CodeIgniter->run()
CRITICAL - 2023-11-05 08:52:11 --> Undefined property: stdClass::$color
in APPPATH\Controllers\AppointmentController.php on line 38.
 1 APPPATH\Controllers\AppointmentController.php(38): CodeIgniter\Debug\Exceptions->errorHandler(2, 'Undefined property: stdClass::$color', 'C:\\laragon\\www\\UniPET\\app\\Controllers\\AppointmentController.php', 38)
 2 SYSTEMPATH\CodeIgniter.php(919): App\Controllers\AppointmentController->save()
 3 SYSTEMPATH\CodeIgniter.php(494): CodeIgniter\CodeIgniter->runController(Object(App\Controllers\AppointmentController))
 4 SYSTEMPATH\CodeIgniter.php(353): CodeIgniter\CodeIgniter->handleRequest(null, Object(Config\Cache), false)
 5 FCPATH\index.php(88): CodeIgniter\CodeIgniter->run()
CRITICAL - 2023-11-05 08:52:14 --> Undefined property: stdClass::$color
in APPPATH\Controllers\AppointmentController.php on line 38.
 1 APPPATH\Controllers\AppointmentController.php(38): CodeIgniter\Debug\Exceptions->errorHandler(2, 'Undefined property: stdClass::$color', 'C:\\laragon\\www\\UniPET\\app\\Controllers\\AppointmentController.php', 38)
 2 SYSTEMPATH\CodeIgniter.php(919): App\Controllers\AppointmentController->save()
 3 SYSTEMPATH\CodeIgniter.php(494): CodeIgniter\CodeIgniter->runController(Object(App\Controllers\AppointmentController))
 4 SYSTEMPATH\CodeIgniter.php(353): CodeIgniter\CodeIgniter->handleRequest(null, Object(Config\Cache), false)
 5 FCPATH\index.php(88): CodeIgniter\CodeIgniter->run()
CRITICAL - 2023-11-05 08:52:14 --> Undefined property: stdClass::$color
in APPPATH\Controllers\AppointmentController.php on line 38.
 1 APPPATH\Controllers\AppointmentController.php(38): CodeIgniter\Debug\Exceptions->errorHandler(2, 'Undefined property: stdClass::$color', 'C:\\laragon\\www\\UniPET\\app\\Controllers\\AppointmentController.php', 38)
 2 SYSTEMPATH\CodeIgniter.php(919): App\Controllers\AppointmentController->save()
 3 SYSTEMPATH\CodeIgniter.php(494): CodeIgniter\CodeIgniter->runController(Object(App\Controllers\AppointmentController))
 4 SYSTEMPATH\CodeIgniter.php(353): CodeIgniter\CodeIgniter->handleRequest(null, Object(Config\Cache), false)
 5 FCPATH\index.php(88): CodeIgniter\CodeIgniter->run()
CRITICAL - 2023-11-05 08:52:14 --> Undefined property: stdClass::$color
in APPPATH\Controllers\AppointmentController.php on line 38.
 1 APPPATH\Controllers\AppointmentController.php(38): CodeIgniter\Debug\Exceptions->errorHandler(2, 'Undefined property: stdClass::$color', 'C:\\laragon\\www\\UniPET\\app\\Controllers\\AppointmentController.php', 38)
 2 SYSTEMPATH\CodeIgniter.php(919): App\Controllers\AppointmentController->save()
 3 SYSTEMPATH\CodeIgniter.php(494): CodeIgniter\CodeIgniter->runController(Object(App\Controllers\AppointmentController))
 4 SYSTEMPATH\CodeIgniter.php(353): CodeIgniter\CodeIgniter->handleRequest(null, Object(Config\Cache), false)
 5 FCPATH\index.php(88): CodeIgniter\CodeIgniter->run()
CRITICAL - 2023-11-05 08:52:15 --> Undefined property: stdClass::$color
in APPPATH\Controllers\AppointmentController.php on line 38.
 1 APPPATH\Controllers\AppointmentController.php(38): CodeIgniter\Debug\Exceptions->errorHandler(2, 'Undefined property: stdClass::$color', 'C:\\laragon\\www\\UniPET\\app\\Controllers\\AppointmentController.php', 38)
 2 SYSTEMPATH\CodeIgniter.php(919): App\Controllers\AppointmentController->save()
 3 SYSTEMPATH\CodeIgniter.php(494): CodeIgniter\CodeIgniter->runController(Object(App\Controllers\AppointmentController))
 4 SYSTEMPATH\CodeIgniter.php(353): CodeIgniter\CodeIgniter->handleRequest(null, Object(Config\Cache), false)
 5 FCPATH\index.php(88): CodeIgniter\CodeIgniter->run()
CRITICAL - 2023-11-05 09:12:32 --> implode(): Argument #2 ($array) must be of type ?array, string given
in APPPATH\Controllers\AppointmentController.php on line 47.
 1 APPPATH\Controllers\AppointmentController.php(47): implode(',', 'Checkup')
 2 SYSTEMPATH\CodeIgniter.php(919): App\Controllers\AppointmentController->save()
 3 SYSTEMPATH\CodeIgniter.php(494): CodeIgniter\CodeIgniter->runController(Object(App\Controllers\AppointmentController))
 4 SYSTEMPATH\CodeIgniter.php(353): CodeIgniter\CodeIgniter->handleRequest(null, Object(Config\Cache), false)
 5 FCPATH\index.php(88): CodeIgniter\CodeIgniter->run()
CRITICAL - 2023-11-05 09:12:33 --> implode(): Argument #2 ($array) must be of type ?array, string given
in APPPATH\Controllers\AppointmentController.php on line 47.
 1 APPPATH\Controllers\AppointmentController.php(47): implode(',', 'Checkup')
 2 SYSTEMPATH\CodeIgniter.php(919): App\Controllers\AppointmentController->save()
 3 SYSTEMPATH\CodeIgniter.php(494): CodeIgniter\CodeIgniter->runController(Object(App\Controllers\AppointmentController))
 4 SYSTEMPATH\CodeIgniter.php(353): CodeIgniter\CodeIgniter->handleRequest(null, Object(Config\Cache), false)
 5 FCPATH\index.php(88): CodeIgniter\CodeIgniter->run()
CRITICAL - 2023-11-05 09:12:34 --> implode(): Argument #2 ($array) must be of type ?array, string given
in APPPATH\Controllers\AppointmentController.php on line 47.
 1 APPPATH\Controllers\AppointmentController.php(47): implode(',', 'Checkup')
 2 SYSTEMPATH\CodeIgniter.php(919): App\Controllers\AppointmentController->save()
 3 SYSTEMPATH\CodeIgniter.php(494): CodeIgniter\CodeIgniter->runController(Object(App\Controllers\AppointmentController))
 4 SYSTEMPATH\CodeIgniter.php(353): CodeIgniter\CodeIgniter->handleRequest(null, Object(Config\Cache), false)
 5 FCPATH\index.php(88): CodeIgniter\CodeIgniter->run()
CRITICAL - 2023-11-05 09:12:37 --> implode(): Argument #2 ($array) must be of type ?array, string given
in APPPATH\Controllers\AppointmentController.php on line 47.
 1 APPPATH\Controllers\AppointmentController.php(47): implode(',', 'Checkup')
 2 SYSTEMPATH\CodeIgniter.php(919): App\Controllers\AppointmentController->save()
 3 SYSTEMPATH\CodeIgniter.php(494): CodeIgniter\CodeIgniter->runController(Object(App\Controllers\AppointmentController))
 4 SYSTEMPATH\CodeIgniter.php(353): CodeIgniter\CodeIgniter->handleRequest(null, Object(Config\Cache), false)
 5 FCPATH\index.php(88): CodeIgniter\CodeIgniter->run()
CRITICAL - 2023-11-05 09:12:39 --> implode(): Argument #2 ($array) must be of type ?array, string given
in APPPATH\Controllers\AppointmentController.php on line 47.
 1 APPPATH\Controllers\AppointmentController.php(47): implode(',', 'Checkup')
 2 SYSTEMPATH\CodeIgniter.php(919): App\Controllers\AppointmentController->save()
 3 SYSTEMPATH\CodeIgniter.php(494): CodeIgniter\CodeIgniter->runController(Object(App\Controllers\AppointmentController))
 4 SYSTEMPATH\CodeIgniter.php(353): CodeIgniter\CodeIgniter->handleRequest(null, Object(Config\Cache), false)
 5 FCPATH\index.php(88): CodeIgniter\CodeIgniter->run()
CRITICAL - 2023-11-05 09:12:48 --> implode(): Argument #2 ($array) must be of type ?array, string given
in APPPATH\Controllers\AppointmentController.php on line 47.
 1 APPPATH\Controllers\AppointmentController.php(47): implode(',', 'Checkup')
 2 SYSTEMPATH\CodeIgniter.php(919): App\Controllers\AppointmentController->save()
 3 SYSTEMPATH\CodeIgniter.php(494): CodeIgniter\CodeIgniter->runController(Object(App\Controllers\AppointmentController))
 4 SYSTEMPATH\CodeIgniter.php(353): CodeIgniter\CodeIgniter->handleRequest(null, Object(Config\Cache), false)
 5 FCPATH\index.php(88): CodeIgniter\CodeIgniter->run()
CRITICAL - 2023-11-05 09:12:48 --> implode(): Argument #2 ($array) must be of type ?array, string given
in APPPATH\Controllers\AppointmentController.php on line 47.
 1 APPPATH\Controllers\AppointmentController.php(47): implode(',', 'Checkup')
 2 SYSTEMPATH\CodeIgniter.php(919): App\Controllers\AppointmentController->save()
 3 SYSTEMPATH\CodeIgniter.php(494): CodeIgniter\CodeIgniter->runController(Object(App\Controllers\AppointmentController))
 4 SYSTEMPATH\CodeIgniter.php(353): CodeIgniter\CodeIgniter->handleRequest(null, Object(Config\Cache), false)
 5 FCPATH\index.php(88): CodeIgniter\CodeIgniter->run()
CRITICAL - 2023-11-05 09:12:48 --> implode(): Argument #2 ($array) must be of type ?array, string given
in APPPATH\Controllers\AppointmentController.php on line 47.
 1 APPPATH\Controllers\AppointmentController.php(47): implode(',', 'Checkup')
 2 SYSTEMPATH\CodeIgniter.php(919): App\Controllers\AppointmentController->save()
 3 SYSTEMPATH\CodeIgniter.php(494): CodeIgniter\CodeIgniter->runController(Object(App\Controllers\AppointmentController))
 4 SYSTEMPATH\CodeIgniter.php(353): CodeIgniter\CodeIgniter->handleRequest(null, Object(Config\Cache), false)
 5 FCPATH\index.php(88): CodeIgniter\CodeIgniter->run()
CRITICAL - 2023-11-05 09:12:49 --> implode(): Argument #2 ($array) must be of type ?array, string given
in APPPATH\Controllers\AppointmentController.php on line 47.
 1 APPPATH\Controllers\AppointmentController.php(47): implode(',', 'Checkup')
 2 SYSTEMPATH\CodeIgniter.php(919): App\Controllers\AppointmentController->save()
 3 SYSTEMPATH\CodeIgniter.php(494): CodeIgniter\CodeIgniter->runController(Object(App\Controllers\AppointmentController))
 4 SYSTEMPATH\CodeIgniter.php(353): CodeIgniter\CodeIgniter->handleRequest(null, Object(Config\Cache), false)
 5 FCPATH\index.php(88): CodeIgniter\CodeIgniter->run()
CRITICAL - 2023-11-05 09:12:49 --> implode(): Argument #2 ($array) must be of type ?array, string given
in APPPATH\Controllers\AppointmentController.php on line 47.
 1 APPPATH\Controllers\AppointmentController.php(47): implode(',', 'Checkup')
 2 SYSTEMPATH\CodeIgniter.php(919): App\Controllers\AppointmentController->save()
 3 SYSTEMPATH\CodeIgniter.php(494): CodeIgniter\CodeIgniter->runController(Object(App\Controllers\AppointmentController))
 4 SYSTEMPATH\CodeIgniter.php(353): CodeIgniter\CodeIgniter->handleRequest(null, Object(Config\Cache), false)
 5 FCPATH\index.php(88): CodeIgniter\CodeIgniter->run()
CRITICAL - 2023-11-05 09:12:49 --> implode(): Argument #2 ($array) must be of type ?array, string given
in APPPATH\Controllers\AppointmentController.php on line 47.
 1 APPPATH\Controllers\AppointmentController.php(47): implode(',', 'Checkup')
 2 SYSTEMPATH\CodeIgniter.php(919): App\Controllers\AppointmentController->save()
 3 SYSTEMPATH\CodeIgniter.php(494): CodeIgniter\CodeIgniter->runController(Object(App\Controllers\AppointmentController))
 4 SYSTEMPATH\CodeIgniter.php(353): CodeIgniter\CodeIgniter->handleRequest(null, Object(Config\Cache), false)
 5 FCPATH\index.php(88): CodeIgniter\CodeIgniter->run()
CRITICAL - 2023-11-05 09:14:19 --> implode(): Argument #2 ($array) must be of type ?array, string given
in APPPATH\Controllers\AppointmentController.php on line 47.
 1 APPPATH\Controllers\AppointmentController.php(47): implode(',', 'Checkup')
 2 SYSTEMPATH\CodeIgniter.php(919): App\Controllers\AppointmentController->save()
 3 SYSTEMPATH\CodeIgniter.php(494): CodeIgniter\CodeIgniter->runController(Object(App\Controllers\AppointmentController))
 4 SYSTEMPATH\CodeIgniter.php(353): CodeIgniter\CodeIgniter->handleRequest(null, Object(Config\Cache), false)
 5 FCPATH\index.php(88): CodeIgniter\CodeIgniter->run()
CRITICAL - 2023-11-05 09:14:21 --> implode(): Argument #2 ($array) must be of type ?array, string given
in APPPATH\Controllers\AppointmentController.php on line 47.
 1 APPPATH\Controllers\AppointmentController.php(47): implode(',', 'Checkup')
 2 SYSTEMPATH\CodeIgniter.php(919): App\Controllers\AppointmentController->save()
 3 SYSTEMPATH\CodeIgniter.php(494): CodeIgniter\CodeIgniter->runController(Object(App\Controllers\AppointmentController))
 4 SYSTEMPATH\CodeIgniter.php(353): CodeIgniter\CodeIgniter->handleRequest(null, Object(Config\Cache), false)
 5 FCPATH\index.php(88): CodeIgniter\CodeIgniter->run()
CRITICAL - 2023-11-05 09:14:22 --> implode(): Argument #2 ($array) must be of type ?array, string given
in APPPATH\Controllers\AppointmentController.php on line 47.
 1 APPPATH\Controllers\AppointmentController.php(47): implode(',', 'Checkup')
 2 SYSTEMPATH\CodeIgniter.php(919): App\Controllers\AppointmentController->save()
 3 SYSTEMPATH\CodeIgniter.php(494): CodeIgniter\CodeIgniter->runController(Object(App\Controllers\AppointmentController))
 4 SYSTEMPATH\CodeIgniter.php(353): CodeIgniter\CodeIgniter->handleRequest(null, Object(Config\Cache), false)
 5 FCPATH\index.php(88): CodeIgniter\CodeIgniter->run()
CRITICAL - 2023-11-05 09:14:25 --> implode(): Argument #2 ($array) must be of type ?array, string given
in APPPATH\Controllers\AppointmentController.php on line 47.
 1 APPPATH\Controllers\AppointmentController.php(47): implode(',', 'Checkup')
 2 SYSTEMPATH\CodeIgniter.php(919): App\Controllers\AppointmentController->save()
 3 SYSTEMPATH\CodeIgniter.php(494): CodeIgniter\CodeIgniter->runController(Object(App\Controllers\AppointmentController))
 4 SYSTEMPATH\CodeIgniter.php(353): CodeIgniter\CodeIgniter->handleRequest(null, Object(Config\Cache), false)
 5 FCPATH\index.php(88): CodeIgniter\CodeIgniter->run()
CRITICAL - 2023-11-05 09:14:26 --> implode(): Argument #2 ($array) must be of type ?array, string given
in APPPATH\Controllers\AppointmentController.php on line 47.
 1 APPPATH\Controllers\AppointmentController.php(47): implode(',', 'Checkup')
 2 SYSTEMPATH\CodeIgniter.php(919): App\Controllers\AppointmentController->save()
 3 SYSTEMPATH\CodeIgniter.php(494): CodeIgniter\CodeIgniter->runController(Object(App\Controllers\AppointmentController))
 4 SYSTEMPATH\CodeIgniter.php(353): CodeIgniter\CodeIgniter->handleRequest(null, Object(Config\Cache), false)
 5 FCPATH\index.php(88): CodeIgniter\CodeIgniter->run()
CRITICAL - 2023-11-05 09:14:27 --> implode(): Argument #2 ($array) must be of type ?array, string given
in APPPATH\Controllers\AppointmentController.php on line 47.
 1 APPPATH\Controllers\AppointmentController.php(47): implode(',', 'Checkup')
 2 SYSTEMPATH\CodeIgniter.php(919): App\Controllers\AppointmentController->save()
 3 SYSTEMPATH\CodeIgniter.php(494): CodeIgniter\CodeIgniter->runController(Object(App\Controllers\AppointmentController))
 4 SYSTEMPATH\CodeIgniter.php(353): CodeIgniter\CodeIgniter->handleRequest(null, Object(Config\Cache), false)
 5 FCPATH\index.php(88): CodeIgniter\CodeIgniter->run()
CRITICAL - 2023-11-05 09:15:40 --> implode(): Argument #2 ($array) must be of type ?array, string given
in APPPATH\Controllers\AppointmentController.php on line 47.
 1 APPPATH\Controllers\AppointmentController.php(47): implode(',', 'Checkup')
 2 SYSTEMPATH\CodeIgniter.php(919): App\Controllers\AppointmentController->save()
 3 SYSTEMPATH\CodeIgniter.php(494): CodeIgniter\CodeIgniter->runController(Object(App\Controllers\AppointmentController))
 4 SYSTEMPATH\CodeIgniter.php(353): CodeIgniter\CodeIgniter->handleRequest(null, Object(Config\Cache), false)
 5 FCPATH\index.php(88): CodeIgniter\CodeIgniter->run()
CRITICAL - 2023-11-05 09:16:00 --> implode(): Argument #2 ($array) must be of type ?array, string given
in APPPATH\Controllers\AppointmentController.php on line 47.
 1 APPPATH\Controllers\AppointmentController.php(47): implode(',', 'Checkup')
 2 SYSTEMPATH\CodeIgniter.php(919): App\Controllers\AppointmentController->save()
 3 SYSTEMPATH\CodeIgniter.php(494): CodeIgniter\CodeIgniter->runController(Object(App\Controllers\AppointmentController))
 4 SYSTEMPATH\CodeIgniter.php(353): CodeIgniter\CodeIgniter->handleRequest(null, Object(Config\Cache), false)
 5 FCPATH\index.php(88): CodeIgniter\CodeIgniter->run()
CRITICAL - 2023-11-05 09:16:01 --> implode(): Argument #2 ($array) must be of type ?array, string given
in APPPATH\Controllers\AppointmentController.php on line 47.
 1 APPPATH\Controllers\AppointmentController.php(47): implode(',', 'Checkup')
 2 SYSTEMPATH\CodeIgniter.php(919): App\Controllers\AppointmentController->save()
 3 SYSTEMPATH\CodeIgniter.php(494): CodeIgniter\CodeIgniter->runController(Object(App\Controllers\AppointmentController))
 4 SYSTEMPATH\CodeIgniter.php(353): CodeIgniter\CodeIgniter->handleRequest(null, Object(Config\Cache), false)
 5 FCPATH\index.php(88): CodeIgniter\CodeIgniter->run()
CRITICAL - 2023-11-05 09:16:01 --> implode(): Argument #2 ($array) must be of type ?array, string given
in APPPATH\Controllers\AppointmentController.php on line 47.
 1 APPPATH\Controllers\AppointmentController.php(47): implode(',', 'Checkup')
 2 SYSTEMPATH\CodeIgniter.php(919): App\Controllers\AppointmentController->save()
 3 SYSTEMPATH\CodeIgniter.php(494): CodeIgniter\CodeIgniter->runController(Object(App\Controllers\AppointmentController))
 4 SYSTEMPATH\CodeIgniter.php(353): CodeIgniter\CodeIgniter->handleRequest(null, Object(Config\Cache), false)
 5 FCPATH\index.php(88): CodeIgniter\CodeIgniter->run()
CRITICAL - 2023-11-05 09:16:02 --> implode(): Argument #2 ($array) must be of type ?array, string given
in APPPATH\Controllers\AppointmentController.php on line 47.
 1 APPPATH\Controllers\AppointmentController.php(47): implode(',', 'Checkup')
 2 SYSTEMPATH\CodeIgniter.php(919): App\Controllers\AppointmentController->save()
 3 SYSTEMPATH\CodeIgniter.php(494): CodeIgniter\CodeIgniter->runController(Object(App\Controllers\AppointmentController))
 4 SYSTEMPATH\CodeIgniter.php(353): CodeIgniter\CodeIgniter->handleRequest(null, Object(Config\Cache), false)
 5 FCPATH\index.php(88): CodeIgniter\CodeIgniter->run()
CRITICAL - 2023-11-05 09:25:56 --> implode(): Argument #2 ($array) must be of type ?array, string given
in APPPATH\Controllers\AppointmentController.php on line 47.
 1 APPPATH\Controllers\AppointmentController.php(47): implode(',', 'Checkup')
 2 SYSTEMPATH\CodeIgniter.php(919): App\Controllers\AppointmentController->save()
 3 SYSTEMPATH\CodeIgniter.php(494): CodeIgniter\CodeIgniter->runController(Object(App\Controllers\AppointmentController))
 4 SYSTEMPATH\CodeIgniter.php(353): CodeIgniter\CodeIgniter->handleRequest(null, Object(Config\Cache), false)
 5 FCPATH\index.php(88): CodeIgniter\CodeIgniter->run()
CRITICAL - 2023-11-05 09:25:57 --> implode(): Argument #2 ($array) must be of type ?array, string given
in APPPATH\Controllers\AppointmentController.php on line 47.
 1 APPPATH\Controllers\AppointmentController.php(47): implode(',', 'Checkup')
 2 SYSTEMPATH\CodeIgniter.php(919): App\Controllers\AppointmentController->save()
 3 SYSTEMPATH\CodeIgniter.php(494): CodeIgniter\CodeIgniter->runController(Object(App\Controllers\AppointmentController))
 4 SYSTEMPATH\CodeIgniter.php(353): CodeIgniter\CodeIgniter->handleRequest(null, Object(Config\Cache), false)
 5 FCPATH\index.php(88): CodeIgniter\CodeIgniter->run()
CRITICAL - 2023-11-05 09:25:58 --> implode(): Argument #2 ($array) must be of type ?array, string given
in APPPATH\Controllers\AppointmentController.php on line 47.
 1 APPPATH\Controllers\AppointmentController.php(47): implode(',', 'Checkup')
 2 SYSTEMPATH\CodeIgniter.php(919): App\Controllers\AppointmentController->save()
 3 SYSTEMPATH\CodeIgniter.php(494): CodeIgniter\CodeIgniter->runController(Object(App\Controllers\AppointmentController))
 4 SYSTEMPATH\CodeIgniter.php(353): CodeIgniter\CodeIgniter->handleRequest(null, Object(Config\Cache), false)
 5 FCPATH\index.php(88): CodeIgniter\CodeIgniter->run()
CRITICAL - 2023-11-05 09:26:01 --> implode(): Argument #2 ($array) must be of type ?array, string given
in APPPATH\Controllers\AppointmentController.php on line 47.
 1 APPPATH\Controllers\AppointmentController.php(47): implode(',', 'Checkup')
 2 SYSTEMPATH\CodeIgniter.php(919): App\Controllers\AppointmentController->save()
 3 SYSTEMPATH\CodeIgniter.php(494): CodeIgniter\CodeIgniter->runController(Object(App\Controllers\AppointmentController))
 4 SYSTEMPATH\CodeIgniter.php(353): CodeIgniter\CodeIgniter->handleRequest(null, Object(Config\Cache), false)
 5 FCPATH\index.php(88): CodeIgniter\CodeIgniter->run()
CRITICAL - 2023-11-05 09:26:03 --> implode(): Argument #2 ($array) must be of type ?array, string given
in APPPATH\Controllers\AppointmentController.php on line 47.
 1 APPPATH\Controllers\AppointmentController.php(47): implode(',', 'Checkup')
 2 SYSTEMPATH\CodeIgniter.php(919): App\Controllers\AppointmentController->save()
 3 SYSTEMPATH\CodeIgniter.php(494): CodeIgniter\CodeIgniter->runController(Object(App\Controllers\AppointmentController))
 4 SYSTEMPATH\CodeIgniter.php(353): CodeIgniter\CodeIgniter->handleRequest(null, Object(Config\Cache), false)
 5 FCPATH\index.php(88): CodeIgniter\CodeIgniter->run()
CRITICAL - 2023-11-05 09:26:21 --> implode(): Argument #2 ($array) must be of type ?array, string given
in APPPATH\Controllers\AppointmentController.php on line 47.
 1 APPPATH\Controllers\AppointmentController.php(47): implode(',', 'Checkup')
 2 SYSTEMPATH\CodeIgniter.php(919): App\Controllers\AppointmentController->save()
 3 SYSTEMPATH\CodeIgniter.php(494): CodeIgniter\CodeIgniter->runController(Object(App\Controllers\AppointmentController))
 4 SYSTEMPATH\CodeIgniter.php(353): CodeIgniter\CodeIgniter->handleRequest(null, Object(Config\Cache), false)
 5 FCPATH\index.php(88): CodeIgniter\CodeIgniter->run()
CRITICAL - 2023-11-05 09:26:21 --> implode(): Argument #2 ($array) must be of type ?array, string given
in APPPATH\Controllers\AppointmentController.php on line 47.
 1 APPPATH\Controllers\AppointmentController.php(47): implode(',', 'Checkup')
 2 SYSTEMPATH\CodeIgniter.php(919): App\Controllers\AppointmentController->save()
 3 SYSTEMPATH\CodeIgniter.php(494): CodeIgniter\CodeIgniter->runController(Object(App\Controllers\AppointmentController))
 4 SYSTEMPATH\CodeIgniter.php(353): CodeIgniter\CodeIgniter->handleRequest(null, Object(Config\Cache), false)
 5 FCPATH\index.php(88): CodeIgniter\CodeIgniter->run()
CRITICAL - 2023-11-05 09:26:21 --> implode(): Argument #2 ($array) must be of type ?array, string given
in APPPATH\Controllers\AppointmentController.php on line 47.
 1 APPPATH\Controllers\AppointmentController.php(47): implode(',', 'Checkup')
 2 SYSTEMPATH\CodeIgniter.php(919): App\Controllers\AppointmentController->save()
 3 SYSTEMPATH\CodeIgniter.php(494): CodeIgniter\CodeIgniter->runController(Object(App\Controllers\AppointmentController))
 4 SYSTEMPATH\CodeIgniter.php(353): CodeIgniter\CodeIgniter->handleRequest(null, Object(Config\Cache), false)
 5 FCPATH\index.php(88): CodeIgniter\CodeIgniter->run()
CRITICAL - 2023-11-05 09:26:21 --> implode(): Argument #2 ($array) must be of type ?array, string given
in APPPATH\Controllers\AppointmentController.php on line 47.
 1 APPPATH\Controllers\AppointmentController.php(47): implode(',', 'Checkup')
 2 SYSTEMPATH\CodeIgniter.php(919): App\Controllers\AppointmentController->save()
 3 SYSTEMPATH\CodeIgniter.php(494): CodeIgniter\CodeIgniter->runController(Object(App\Controllers\AppointmentController))
 4 SYSTEMPATH\CodeIgniter.php(353): CodeIgniter\CodeIgniter->handleRequest(null, Object(Config\Cache), false)
 5 FCPATH\index.php(88): CodeIgniter\CodeIgniter->run()
CRITICAL - 2023-11-05 09:26:21 --> implode(): Argument #2 ($array) must be of type ?array, string given
in APPPATH\Controllers\AppointmentController.php on line 47.
 1 APPPATH\Controllers\AppointmentController.php(47): implode(',', 'Checkup')
 2 SYSTEMPATH\CodeIgniter.php(919): App\Controllers\AppointmentController->save()
 3 SYSTEMPATH\CodeIgniter.php(494): CodeIgniter\CodeIgniter->runController(Object(App\Controllers\AppointmentController))
 4 SYSTEMPATH\CodeIgniter.php(353): CodeIgniter\CodeIgniter->handleRequest(null, Object(Config\Cache), false)
 5 FCPATH\index.php(88): CodeIgniter\CodeIgniter->run()
CRITICAL - 2023-11-05 09:26:21 --> implode(): Argument #2 ($array) must be of type ?array, string given
in APPPATH\Controllers\AppointmentController.php on line 47.
 1 APPPATH\Controllers\AppointmentController.php(47): implode(',', 'Checkup')
 2 SYSTEMPATH\CodeIgniter.php(919): App\Controllers\AppointmentController->save()
 3 SYSTEMPATH\CodeIgniter.php(494): CodeIgniter\CodeIgniter->runController(Object(App\Controllers\AppointmentController))
 4 SYSTEMPATH\CodeIgniter.php(353): CodeIgniter\CodeIgniter->handleRequest(null, Object(Config\Cache), false)
 5 FCPATH\index.php(88): CodeIgniter\CodeIgniter->run()
CRITICAL - 2023-11-05 09:26:22 --> implode(): Argument #2 ($array) must be of type ?array, string given
in APPPATH\Controllers\AppointmentController.php on line 47.
 1 APPPATH\Controllers\AppointmentController.php(47): implode(',', 'Checkup')
 2 SYSTEMPATH\CodeIgniter.php(919): App\Controllers\AppointmentController->save()
 3 SYSTEMPATH\CodeIgniter.php(494): CodeIgniter\CodeIgniter->runController(Object(App\Controllers\AppointmentController))
 4 SYSTEMPATH\CodeIgniter.php(353): CodeIgniter\CodeIgniter->handleRequest(null, Object(Config\Cache), false)
 5 FCPATH\index.php(88): CodeIgniter\CodeIgniter->run()
CRITICAL - 2023-11-05 09:26:22 --> implode(): Argument #2 ($array) must be of type ?array, string given
in APPPATH\Controllers\AppointmentController.php on line 47.
 1 APPPATH\Controllers\AppointmentController.php(47): implode(',', 'Checkup')
 2 SYSTEMPATH\CodeIgniter.php(919): App\Controllers\AppointmentController->save()
 3 SYSTEMPATH\CodeIgniter.php(494): CodeIgniter\CodeIgniter->runController(Object(App\Controllers\AppointmentController))
 4 SYSTEMPATH\CodeIgniter.php(353): CodeIgniter\CodeIgniter->handleRequest(null, Object(Config\Cache), false)
 5 FCPATH\index.php(88): CodeIgniter\CodeIgniter->run()
CRITICAL - 2023-11-05 09:26:22 --> implode(): Argument #2 ($array) must be of type ?array, string given
in APPPATH\Controllers\AppointmentController.php on line 47.
 1 APPPATH\Controllers\AppointmentController.php(47): implode(',', 'Checkup')
 2 SYSTEMPATH\CodeIgniter.php(919): App\Controllers\AppointmentController->save()
 3 SYSTEMPATH\CodeIgniter.php(494): CodeIgniter\CodeIgniter->runController(Object(App\Controllers\AppointmentController))
 4 SYSTEMPATH\CodeIgniter.php(353): CodeIgniter\CodeIgniter->handleRequest(null, Object(Config\Cache), false)
 5 FCPATH\index.php(88): CodeIgniter\CodeIgniter->run()
CRITICAL - 2023-11-05 09:26:22 --> implode(): Argument #2 ($array) must be of type ?array, string given
in APPPATH\Controllers\AppointmentController.php on line 47.
 1 APPPATH\Controllers\AppointmentController.php(47): implode(',', 'Checkup')
 2 SYSTEMPATH\CodeIgniter.php(919): App\Controllers\AppointmentController->save()
 3 SYSTEMPATH\CodeIgniter.php(494): CodeIgniter\CodeIgniter->runController(Object(App\Controllers\AppointmentController))
 4 SYSTEMPATH\CodeIgniter.php(353): CodeIgniter\CodeIgniter->handleRequest(null, Object(Config\Cache), false)
 5 FCPATH\index.php(88): CodeIgniter\CodeIgniter->run()
CRITICAL - 2023-11-05 09:26:22 --> implode(): Argument #2 ($array) must be of type ?array, string given
in APPPATH\Controllers\AppointmentController.php on line 47.
 1 APPPATH\Controllers\AppointmentController.php(47): implode(',', 'Checkup')
 2 SYSTEMPATH\CodeIgniter.php(919): App\Controllers\AppointmentController->save()
 3 SYSTEMPATH\CodeIgniter.php(494): CodeIgniter\CodeIgniter->runController(Object(App\Controllers\AppointmentController))
 4 SYSTEMPATH\CodeIgniter.php(353): CodeIgniter\CodeIgniter->handleRequest(null, Object(Config\Cache), false)
 5 FCPATH\index.php(88): CodeIgniter\CodeIgniter->run()
CRITICAL - 2023-11-05 09:26:22 --> implode(): Argument #2 ($array) must be of type ?array, string given
in APPPATH\Controllers\AppointmentController.php on line 47.
 1 APPPATH\Controllers\AppointmentController.php(47): implode(',', 'Checkup')
 2 SYSTEMPATH\CodeIgniter.php(919): App\Controllers\AppointmentController->save()
 3 SYSTEMPATH\CodeIgniter.php(494): CodeIgniter\CodeIgniter->runController(Object(App\Controllers\AppointmentController))
 4 SYSTEMPATH\CodeIgniter.php(353): CodeIgniter\CodeIgniter->handleRequest(null, Object(Config\Cache), false)
 5 FCPATH\index.php(88): CodeIgniter\CodeIgniter->run()
CRITICAL - 2023-11-05 09:26:22 --> implode(): Argument #2 ($array) must be of type ?array, string given
in APPPATH\Controllers\AppointmentController.php on line 47.
 1 APPPATH\Controllers\AppointmentController.php(47): implode(',', 'Checkup')
 2 SYSTEMPATH\CodeIgniter.php(919): App\Controllers\AppointmentController->save()
 3 SYSTEMPATH\CodeIgniter.php(494): CodeIgniter\CodeIgniter->runController(Object(App\Controllers\AppointmentController))
 4 SYSTEMPATH\CodeIgniter.php(353): CodeIgniter\CodeIgniter->handleRequest(null, Object(Config\Cache), false)
 5 FCPATH\index.php(88): CodeIgniter\CodeIgniter->run()
CRITICAL - 2023-11-05 09:27:02 --> implode(): Argument #2 ($array) must be of type ?array, string given
in APPPATH\Controllers\AppointmentController.php on line 47.
 1 APPPATH\Controllers\AppointmentController.php(47): implode(',', 'Checkup')
 2 SYSTEMPATH\CodeIgniter.php(919): App\Controllers\AppointmentController->save()
 3 SYSTEMPATH\CodeIgniter.php(494): CodeIgniter\CodeIgniter->runController(Object(App\Controllers\AppointmentController))
 4 SYSTEMPATH\CodeIgniter.php(353): CodeIgniter\CodeIgniter->handleRequest(null, Object(Config\Cache), false)
 5 FCPATH\index.php(88): CodeIgniter\CodeIgniter->run()
