CRITICAL - 2023-12-10 04:01:23 --> update(): argument #1 ($id) should not be boolean.
in SYSTEMPATH\BaseModel.php on line 909.
 1 SYSTEMPATH\Model.php(776): CodeIgniter\BaseModel->update(true, [...])
 2 APPPATH\Controllers\UserController.php(348): CodeIgniter\Model->update(true, [...])
 3 SYSTEMPATH\CodeIgniter.php(919): App\Controllers\UserController->register()
 4 SYSTEMPATH\CodeIgniter.php(494): CodeIgniter\CodeIgniter->runController(Object(App\Controllers\UserController))
 5 SYSTEMPATH\CodeIgniter.php(353): CodeIgniter\CodeIgniter->handleRequest(null, Object(Config\Cache), false)
 6 FCPATH\index.php(88): CodeIgniter\CodeIgniter->run()
CRITICAL - 2023-12-10 04:01:44 --> update(): argument #1 ($id) should not be boolean.
in SYSTEMPATH\BaseModel.php on line 909.
 1 SYSTEMPATH\Model.php(776): CodeIgniter\BaseModel->update(true, [...])
 2 APPPATH\Controllers\UserController.php(348): CodeIgniter\Model->update(true, [...])
 3 SYSTEMPATH\CodeIgniter.php(919): App\Controllers\UserController->register()
 4 SYSTEMPATH\CodeIgniter.php(494): CodeIgniter\CodeIgniter->runController(Object(App\Controllers\UserController))
 5 SYSTEMPATH\CodeIgniter.php(353): CodeIgniter\CodeIgniter->handleRequest(null, Object(Config\Cache), false)
 6 FCPATH\index.php(88): CodeIgniter\CodeIgniter->run()
CRITICAL - 2023-12-10 05:37:33 --> update(): argument #1 ($id) should not be boolean.
in SYSTEMPATH\BaseModel.php on line 909.
 1 SYSTEMPATH\Model.php(776): CodeIgniter\BaseModel->update(true, [...])
 2 APPPATH\Controllers\UserController.php(348): CodeIgniter\Model->update(true, [...])
 3 SYSTEMPATH\CodeIgniter.php(919): App\Controllers\UserController->register()
 4 SYSTEMPATH\CodeIgniter.php(494): CodeIgniter\CodeIgniter->runController(Object(App\Controllers\UserController))
 5 SYSTEMPATH\CodeIgniter.php(353): CodeIgniter\CodeIgniter->handleRequest(null, Object(Config\Cache), false)
 6 FCPATH\index.php(88): CodeIgniter\CodeIgniter->run()
CRITICAL - 2023-12-10 06:01:20 --> update(): argument #1 ($id) should not be boolean.
in SYSTEMPATH\BaseModel.php on line 909.
 1 SYSTEMPATH\Model.php(776): CodeIgniter\BaseModel->update(true, [...])
 2 APPPATH\Controllers\UserController.php(348): CodeIgniter\Model->update(true, [...])
 3 SYSTEMPATH\CodeIgniter.php(919): App\Controllers\UserController->register()
 4 SYSTEMPATH\CodeIgniter.php(494): CodeIgniter\CodeIgniter->runController(Object(App\Controllers\UserController))
 5 SYSTEMPATH\CodeIgniter.php(353): CodeIgniter\CodeIgniter->handleRequest(null, Object(Config\Cache), false)
 6 FCPATH\index.php(88): CodeIgniter\CodeIgniter->run()
CRITICAL - 2023-12-10 06:01:38 --> update(): argument #1 ($id) should not be boolean.
in SYSTEMPATH\BaseModel.php on line 909.
 1 SYSTEMPATH\Model.php(776): CodeIgniter\BaseModel->update(true, [...])
 2 APPPATH\Controllers\UserController.php(348): CodeIgniter\Model->update(true, [...])
 3 SYSTEMPATH\CodeIgniter.php(919): App\Controllers\UserController->register()
 4 SYSTEMPATH\CodeIgniter.php(494): CodeIgniter\CodeIgniter->runController(Object(App\Controllers\UserController))
 5 SYSTEMPATH\CodeIgniter.php(353): CodeIgniter\CodeIgniter->handleRequest(null, Object(Config\Cache), false)
 6 FCPATH\index.php(88): CodeIgniter\CodeIgniter->run()
CRITICAL - 2023-12-10 06:02:23 --> update(): argument #1 ($id) should not be boolean.
in SYSTEMPATH\BaseModel.php on line 909.
 1 SYSTEMPATH\Model.php(776): CodeIgniter\BaseModel->update(true, [...])
 2 APPPATH\Controllers\UserController.php(348): CodeIgniter\Model->update(true, [...])
 3 SYSTEMPATH\CodeIgniter.php(919): App\Controllers\UserController->register()
 4 SYSTEMPATH\CodeIgniter.php(494): CodeIgniter\CodeIgniter->runController(Object(App\Controllers\UserController))
 5 SYSTEMPATH\CodeIgniter.php(353): CodeIgniter\CodeIgniter->handleRequest(null, Object(Config\Cache), false)
 6 FCPATH\index.php(88): CodeIgniter\CodeIgniter->run()
CRITICAL - 2023-12-10 06:04:35 --> update(): argument #1 ($id) should not be boolean.
in SYSTEMPATH\BaseModel.php on line 909.
 1 SYSTEMPATH\Model.php(776): CodeIgniter\BaseModel->update(true, [...])
 2 APPPATH\Controllers\UserController.php(348): CodeIgniter\Model->update(true, [...])
 3 SYSTEMPATH\CodeIgniter.php(919): App\Controllers\UserController->register()
 4 SYSTEMPATH\CodeIgniter.php(494): CodeIgniter\CodeIgniter->runController(Object(App\Controllers\UserController))
 5 SYSTEMPATH\CodeIgniter.php(353): CodeIgniter\CodeIgniter->handleRequest(null, Object(Config\Cache), false)
 6 FCPATH\index.php(88): CodeIgniter\CodeIgniter->run()
CRITICAL - 2023-12-10 06:05:32 --> update(): argument #1 ($id) should not be boolean.
in SYSTEMPATH\BaseModel.php on line 909.
 1 SYSTEMPATH\Model.php(776): CodeIgniter\BaseModel->update(true, [...])
 2 APPPATH\Controllers\UserController.php(348): CodeIgniter\Model->update(true, [...])
 3 SYSTEMPATH\CodeIgniter.php(919): App\Controllers\UserController->register()
 4 SYSTEMPATH\CodeIgniter.php(494): CodeIgniter\CodeIgniter->runController(Object(App\Controllers\UserController))
 5 SYSTEMPATH\CodeIgniter.php(353): CodeIgniter\CodeIgniter->handleRequest(null, Object(Config\Cache), false)
 6 FCPATH\index.php(88): CodeIgniter\CodeIgniter->run()
CRITICAL - 2023-12-10 06:10:03 --> update(): argument #1 ($id) should not be boolean.
in SYSTEMPATH\BaseModel.php on line 909.
 1 SYSTEMPATH\Model.php(776): CodeIgniter\BaseModel->update(true, [...])
 2 APPPATH\Controllers\UserController.php(348): CodeIgniter\Model->update(true, [...])
 3 SYSTEMPATH\CodeIgniter.php(919): App\Controllers\UserController->register()
 4 SYSTEMPATH\CodeIgniter.php(494): CodeIgniter\CodeIgniter->runController(Object(App\Controllers\UserController))
 5 SYSTEMPATH\CodeIgniter.php(353): CodeIgniter\CodeIgniter->handleRequest(null, Object(Config\Cache), false)
 6 FCPATH\index.php(88): CodeIgniter\CodeIgniter->run()
CRITICAL - 2023-12-10 06:23:09 --> Call to undefined method App\Models\UserModel::hasVerificationCode
in SYSTEMPATH\Model.php on line 873.
 1 APPPATH\Controllers\UserController.php(304): CodeIgniter\Model->__call('hasVerificationCode', [...])
 2 SYSTEMPATH\CodeIgniter.php(919): App\Controllers\UserController->register()
 3 SYSTEMPATH\CodeIgniter.php(494): CodeIgniter\CodeIgniter->runController(Object(App\Controllers\UserController))
 4 SYSTEMPATH\CodeIgniter.php(353): CodeIgniter\CodeIgniter->handleRequest(null, Object(Config\Cache), false)
 5 FCPATH\index.php(88): CodeIgniter\CodeIgniter->run()
CRITICAL - 2023-12-10 06:44:46 --> Call to undefined method App\Models\UserModel::verifyVerificationCode
in SYSTEMPATH\Model.php on line 873.
 1 APPPATH\Controllers\UserController.php(373): CodeIgniter\Model->__call('verifyVerificationCode', [...])
 2 SYSTEMPATH\CodeIgniter.php(919): App\Controllers\UserController->verifyCode()
 3 SYSTEMPATH\CodeIgniter.php(494): CodeIgniter\CodeIgniter->runController(Object(App\Controllers\UserController))
 4 SYSTEMPATH\CodeIgniter.php(353): CodeIgniter\CodeIgniter->handleRequest(null, Object(Config\Cache), false)
 5 FCPATH\index.php(88): CodeIgniter\CodeIgniter->run()
CRITICAL - 2023-12-10 06:45:10 --> Call to undefined method App\Models\UserModel::verifyVerificationCode
in SYSTEMPATH\Model.php on line 873.
 1 APPPATH\Controllers\UserController.php(373): CodeIgniter\Model->__call('verifyVerificationCode', [...])
 2 SYSTEMPATH\CodeIgniter.php(919): App\Controllers\UserController->verifyCode()
 3 SYSTEMPATH\CodeIgniter.php(494): CodeIgniter\CodeIgniter->runController(Object(App\Controllers\UserController))
 4 SYSTEMPATH\CodeIgniter.php(353): CodeIgniter\CodeIgniter->handleRequest(null, Object(Config\Cache), false)
 5 FCPATH\index.php(88): CodeIgniter\CodeIgniter->run()
CRITICAL - 2023-12-10 06:45:24 --> Call to undefined method App\Models\UserModel::verifyVerificationCode
in SYSTEMPATH\Model.php on line 873.
 1 APPPATH\Controllers\UserController.php(373): CodeIgniter\Model->__call('verifyVerificationCode', [...])
 2 SYSTEMPATH\CodeIgniter.php(919): App\Controllers\UserController->verifyCode()
 3 SYSTEMPATH\CodeIgniter.php(494): CodeIgniter\CodeIgniter->runController(Object(App\Controllers\UserController))
 4 SYSTEMPATH\CodeIgniter.php(353): CodeIgniter\CodeIgniter->handleRequest(null, Object(Config\Cache), false)
 5 FCPATH\index.php(88): CodeIgniter\CodeIgniter->run()
CRITICAL - 2023-12-10 06:48:10 --> Call to undefined method App\Models\UserModel::verifyVerificationCode
in SYSTEMPATH\Model.php on line 873.
 1 APPPATH\Controllers\UserController.php(373): CodeIgniter\Model->__call('verifyVerificationCode', [...])
 2 SYSTEMPATH\CodeIgniter.php(919): App\Controllers\UserController->verifyCode()
 3 SYSTEMPATH\CodeIgniter.php(494): CodeIgniter\CodeIgniter->runController(Object(App\Controllers\UserController))
 4 SYSTEMPATH\CodeIgniter.php(353): CodeIgniter\CodeIgniter->handleRequest(null, Object(Config\Cache), false)
 5 FCPATH\index.php(88): CodeIgniter\CodeIgniter->run()
CRITICAL - 2023-12-10 06:48:37 --> Call to undefined method App\Models\UserModel::verifyVerificationCode
in SYSTEMPATH\Model.php on line 873.
 1 APPPATH\Controllers\UserController.php(373): CodeIgniter\Model->__call('verifyVerificationCode', [...])
 2 SYSTEMPATH\CodeIgniter.php(919): App\Controllers\UserController->verifyCode()
 3 SYSTEMPATH\CodeIgniter.php(494): CodeIgniter\CodeIgniter->runController(Object(App\Controllers\UserController))
 4 SYSTEMPATH\CodeIgniter.php(353): CodeIgniter\CodeIgniter->handleRequest(null, Object(Config\Cache), false)
 5 FCPATH\index.php(88): CodeIgniter\CodeIgniter->run()
CRITICAL - 2023-12-10 06:48:56 --> Call to undefined method App\Models\UserModel::verifyVerificationCode
in SYSTEMPATH\Model.php on line 873.
 1 APPPATH\Controllers\UserController.php(373): CodeIgniter\Model->__call('verifyVerificationCode', [...])
 2 SYSTEMPATH\CodeIgniter.php(919): App\Controllers\UserController->verifyCode()
 3 SYSTEMPATH\CodeIgniter.php(494): CodeIgniter\CodeIgniter->runController(Object(App\Controllers\UserController))
 4 SYSTEMPATH\CodeIgniter.php(353): CodeIgniter\CodeIgniter->handleRequest(null, Object(Config\Cache), false)
 5 FCPATH\index.php(88): CodeIgniter\CodeIgniter->run()
CRITICAL - 2023-12-10 07:06:54 --> Call to undefined method App\Models\UserModel::verifyVerificationCode
in SYSTEMPATH\Model.php on line 873.
 1 APPPATH\Controllers\UserController.php(373): CodeIgniter\Model->__call('verifyVerificationCode', [...])
 2 SYSTEMPATH\CodeIgniter.php(919): App\Controllers\UserController->verifyCode()
 3 SYSTEMPATH\CodeIgniter.php(494): CodeIgniter\CodeIgniter->runController(Object(App\Controllers\UserController))
 4 SYSTEMPATH\CodeIgniter.php(353): CodeIgniter\CodeIgniter->handleRequest(null, Object(Config\Cache), false)
 5 FCPATH\index.php(88): CodeIgniter\CodeIgniter->run()
CRITICAL - 2023-12-10 07:08:04 --> Call to undefined method App\Models\UserModel::verifyVerificationCode
in SYSTEMPATH\Model.php on line 873.
 1 APPPATH\Controllers\UserController.php(373): CodeIgniter\Model->__call('verifyVerificationCode', [...])
 2 SYSTEMPATH\CodeIgniter.php(919): App\Controllers\UserController->verifyCode()
 3 SYSTEMPATH\CodeIgniter.php(494): CodeIgniter\CodeIgniter->runController(Object(App\Controllers\UserController))
 4 SYSTEMPATH\CodeIgniter.php(353): CodeIgniter\CodeIgniter->handleRequest(null, Object(Config\Cache), false)
 5 FCPATH\index.php(88): CodeIgniter\CodeIgniter->run()
CRITICAL - 2023-12-10 07:10:38 --> Call to undefined method App\Models\UserModel::verifyVerificationCode
in SYSTEMPATH\Model.php on line 873.
 1 APPPATH\Controllers\UserController.php(373): CodeIgniter\Model->__call('verifyVerificationCode', [...])
 2 SYSTEMPATH\CodeIgniter.php(919): App\Controllers\UserController->verifyCode()
 3 SYSTEMPATH\CodeIgniter.php(494): CodeIgniter\CodeIgniter->runController(Object(App\Controllers\UserController))
 4 SYSTEMPATH\CodeIgniter.php(353): CodeIgniter\CodeIgniter->handleRequest(null, Object(Config\Cache), false)
 5 FCPATH\index.php(88): CodeIgniter\CodeIgniter->run()
CRITICAL - 2023-12-10 07:12:11 --> Call to undefined method App\Models\UserModel::verifyVerificationCode
in SYSTEMPATH\Model.php on line 873.
 1 APPPATH\Controllers\UserController.php(373): CodeIgniter\Model->__call('verifyVerificationCode', [...])
 2 SYSTEMPATH\CodeIgniter.php(919): App\Controllers\UserController->verifyCode()
 3 SYSTEMPATH\CodeIgniter.php(494): CodeIgniter\CodeIgniter->runController(Object(App\Controllers\UserController))
 4 SYSTEMPATH\CodeIgniter.php(353): CodeIgniter\CodeIgniter->handleRequest(null, Object(Config\Cache), false)
 5 FCPATH\index.php(88): CodeIgniter\CodeIgniter->run()
CRITICAL - 2023-12-10 07:14:20 --> Call to undefined method App\Models\UserModel::verifyVerificationCode
in SYSTEMPATH\Model.php on line 873.
 1 APPPATH\Controllers\UserController.php(373): CodeIgniter\Model->__call('verifyVerificationCode', [...])
 2 SYSTEMPATH\CodeIgniter.php(919): App\Controllers\UserController->verifyCode()
 3 SYSTEMPATH\CodeIgniter.php(494): CodeIgniter\CodeIgniter->runController(Object(App\Controllers\UserController))
 4 SYSTEMPATH\CodeIgniter.php(353): CodeIgniter\CodeIgniter->handleRequest(null, Object(Config\Cache), false)
 5 FCPATH\index.php(88): CodeIgniter\CodeIgniter->run()
CRITICAL - 2023-12-10 07:14:33 --> Call to undefined method App\Models\UserModel::verifyVerificationCode
in SYSTEMPATH\Model.php on line 873.
 1 APPPATH\Controllers\UserController.php(373): CodeIgniter\Model->__call('verifyVerificationCode', [...])
 2 SYSTEMPATH\CodeIgniter.php(919): App\Controllers\UserController->verifyCode()
 3 SYSTEMPATH\CodeIgniter.php(494): CodeIgniter\CodeIgniter->runController(Object(App\Controllers\UserController))
 4 SYSTEMPATH\CodeIgniter.php(353): CodeIgniter\CodeIgniter->handleRequest(null, Object(Config\Cache), false)
 5 FCPATH\index.php(88): CodeIgniter\CodeIgniter->run()
CRITICAL - 2023-12-10 07:16:23 --> Call to undefined method App\Models\UserModel::verifyVerificationCode
in SYSTEMPATH\Model.php on line 873.
 1 APPPATH\Controllers\UserController.php(373): CodeIgniter\Model->__call('verifyVerificationCode', [...])
 2 SYSTEMPATH\CodeIgniter.php(919): App\Controllers\UserController->verifyCode()
 3 SYSTEMPATH\CodeIgniter.php(494): CodeIgniter\CodeIgniter->runController(Object(App\Controllers\UserController))
 4 SYSTEMPATH\CodeIgniter.php(353): CodeIgniter\CodeIgniter->handleRequest(null, Object(Config\Cache), false)
 5 FCPATH\index.php(88): CodeIgniter\CodeIgniter->run()
