CRITICAL - 2023-11-02 18:12:08 --> syntax error, unexpected end of file
in APPPATH\Config\Routes.php on line 16.
 1 SYSTEMPATH\CodeIgniter.php(787): CodeIgniter\Router\RouteCollection->loadRoutes()
 2 SYSTEMPATH\CodeIgniter.php(442): CodeIgniter\CodeIgniter->tryToRouteIt(null)
 3 SYSTEMPATH\CodeIgniter.php(353): CodeIgniter\CodeIgniter->handleRequest(null, Object(Config\Cache), false)
 4 FCPATH\index.php(88): CodeIgniter\CodeIgniter->run()
CRITICAL - 2023-11-02 18:13:38 --> syntax error, unexpected end of file
in APPPATH\Config\Routes.php on line 16.
 1 SYSTEMPATH\CodeIgniter.php(787): CodeIgniter\Router\RouteCollection->loadRoutes()
 2 SYSTEMPATH\CodeIgniter.php(442): CodeIgniter\CodeIgniter->tryToRouteIt(null)
 3 SYSTEMPATH\CodeIgniter.php(353): CodeIgniter\CodeIgniter->handleRequest(null, Object(Config\Cache), false)
 4 FCPATH\index.php(88): CodeIgniter\CodeIgniter->run()
CRITICAL - 2023-11-02 18:14:04 --> syntax error, unexpected end of file
in APPPATH\Config\Routes.php on line 16.
 1 SYSTEMPATH\CodeIgniter.php(787): CodeIgniter\Router\RouteCollection->loadRoutes()
 2 SYSTEMPATH\CodeIgniter.php(442): CodeIgniter\CodeIgniter->tryToRouteIt(null)
 3 SYSTEMPATH\CodeIgniter.php(353): CodeIgniter\CodeIgniter->handleRequest(null, Object(Config\Cache), false)
 4 FCPATH\index.php(88): CodeIgniter\CodeIgniter->run()
CRITICAL - 2023-11-02 18:14:24 --> syntax error, unexpected end of file
in APPPATH\Config\Routes.php on line 16.
 1 SYSTEMPATH\CodeIgniter.php(787): CodeIgniter\Router\RouteCollection->loadRoutes()
 2 SYSTEMPATH\CodeIgniter.php(442): CodeIgniter\CodeIgniter->tryToRouteIt(null)
 3 SYSTEMPATH\CodeIgniter.php(353): CodeIgniter\CodeIgniter->handleRequest(null, Object(Config\Cache), false)
 4 FCPATH\index.php(88): CodeIgniter\CodeIgniter->run()
CRITICAL - 2023-11-02 18:14:40 --> syntax error, unexpected end of file
in APPPATH\Config\Routes.php on line 16.
 1 SYSTEMPATH\CodeIgniter.php(787): CodeIgniter\Router\RouteCollection->loadRoutes()
 2 SYSTEMPATH\CodeIgniter.php(442): CodeIgniter\CodeIgniter->tryToRouteIt(null)
 3 SYSTEMPATH\CodeIgniter.php(353): CodeIgniter\CodeIgniter->handleRequest(null, Object(Config\Cache), false)
 4 FCPATH\index.php(88): CodeIgniter\CodeIgniter->run()
CRITICAL - 2023-11-02 18:15:26 --> syntax error, unexpected end of file
in APPPATH\Config\Routes.php on line 16.
 1 SYSTEMPATH\CodeIgniter.php(787): CodeIgniter\Router\RouteCollection->loadRoutes()
 2 SYSTEMPATH\CodeIgniter.php(442): CodeIgniter\CodeIgniter->tryToRouteIt(null)
 3 SYSTEMPATH\CodeIgniter.php(353): CodeIgniter\CodeIgniter->handleRequest(null, Object(Config\Cache), false)
 4 FCPATH\index.php(88): CodeIgniter\CodeIgniter->run()
CRITICAL - 2023-11-02 18:15:42 --> syntax error, unexpected end of file
in APPPATH\Config\Routes.php on line 16.
 1 SYSTEMPATH\CodeIgniter.php(787): CodeIgniter\Router\RouteCollection->loadRoutes()
 2 SYSTEMPATH\CodeIgniter.php(442): CodeIgniter\CodeIgniter->tryToRouteIt(null)
 3 SYSTEMPATH\CodeIgniter.php(353): CodeIgniter\CodeIgniter->handleRequest(null, Object(Config\Cache), false)
 4 FCPATH\index.php(88): CodeIgniter\CodeIgniter->run()
CRITICAL - 2023-11-02 18:30:36 --> syntax error, unexpected end of file
in APPPATH\Config\Routes.php on line 16.
 1 SYSTEMPATH\CodeIgniter.php(787): CodeIgniter\Router\RouteCollection->loadRoutes()
 2 SYSTEMPATH\CodeIgniter.php(442): CodeIgniter\CodeIgniter->tryToRouteIt(null)
 3 SYSTEMPATH\CodeIgniter.php(353): CodeIgniter\CodeIgniter->handleRequest(null, Object(Config\Cache), false)
 4 FCPATH\index.php(88): CodeIgniter\CodeIgniter->run()
CRITICAL - 2023-11-02 18:38:32 --> syntax error, unexpected end of file
in APPPATH\Config\Routes.php on line 16.
 1 SYSTEMPATH\CodeIgniter.php(787): CodeIgniter\Router\RouteCollection->loadRoutes()
 2 SYSTEMPATH\CodeIgniter.php(442): CodeIgniter\CodeIgniter->tryToRouteIt(null)
 3 SYSTEMPATH\CodeIgniter.php(353): CodeIgniter\CodeIgniter->handleRequest(null, Object(Config\Cache), false)
 4 FCPATH\index.php(88): CodeIgniter\CodeIgniter->run()
CRITICAL - 2023-11-02 18:38:41 --> syntax error, unexpected end of file
in APPPATH\Config\Routes.php on line 16.
 1 SYSTEMPATH\CodeIgniter.php(787): CodeIgniter\Router\RouteCollection->loadRoutes()
 2 SYSTEMPATH\CodeIgniter.php(442): CodeIgniter\CodeIgniter->tryToRouteIt(null)
 3 SYSTEMPATH\CodeIgniter.php(353): CodeIgniter\CodeIgniter->handleRequest(null, Object(Config\Cache), false)
 4 FCPATH\index.php(88): CodeIgniter\CodeIgniter->run()
CRITICAL - 2023-11-02 19:00:49 --> Undefined property: stdClass::$id
in APPPATH\Controllers\CartController.php on line 16.
 1 APPPATH\Controllers\CartController.php(16): CodeIgniter\Debug\Exceptions->errorHandler(2, 'Undefined property: stdClass::$id', 'C:\\laragon\\www\\UniPET\\app\\Controllers\\CartController.php', 16)
 2 SYSTEMPATH\CodeIgniter.php(919): App\Controllers\CartController->del()
 3 SYSTEMPATH\CodeIgniter.php(494): CodeIgniter\CodeIgniter->runController(Object(App\Controllers\CartController))
 4 SYSTEMPATH\CodeIgniter.php(353): CodeIgniter\CodeIgniter->handleRequest(null, Object(Config\Cache), false)
 5 FCPATH\index.php(88): CodeIgniter\CodeIgniter->run()
CRITICAL - 2023-11-02 19:03:17 --> Too few arguments to function App\Controllers\CartController::del(), 0 passed in C:\laragon\www\UniPET\system\CodeIgniter.php on line 919 and exactly 1 expected
in APPPATH\Controllers\CartController.php on line 13.
 1 SYSTEMPATH\CodeIgniter.php(919): App\Controllers\CartController->del()
 2 SYSTEMPATH\CodeIgniter.php(494): CodeIgniter\CodeIgniter->runController(Object(App\Controllers\CartController))
 3 SYSTEMPATH\CodeIgniter.php(353): CodeIgniter\CodeIgniter->handleRequest(null, Object(Config\Cache), false)
 4 FCPATH\index.php(88): CodeIgniter\CodeIgniter->run()
CRITICAL - 2023-11-02 19:05:07 --> Too few arguments to function App\Controllers\CartController::del(), 0 passed in C:\laragon\www\UniPET\system\CodeIgniter.php on line 919 and exactly 1 expected
in APPPATH\Controllers\CartController.php on line 13.
 1 SYSTEMPATH\CodeIgniter.php(919): App\Controllers\CartController->del()
 2 SYSTEMPATH\CodeIgniter.php(494): CodeIgniter\CodeIgniter->runController(Object(App\Controllers\CartController))
 3 SYSTEMPATH\CodeIgniter.php(353): CodeIgniter\CodeIgniter->handleRequest(null, Object(Config\Cache), false)
 4 FCPATH\index.php(88): CodeIgniter\CodeIgniter->run()
CRITICAL - 2023-11-02 19:08:40 --> Too few arguments to function App\Controllers\CartController::del(), 0 passed in C:\laragon\www\UniPET\system\CodeIgniter.php on line 919 and exactly 1 expected
in APPPATH\Controllers\CartController.php on line 13.
 1 SYSTEMPATH\CodeIgniter.php(919): App\Controllers\CartController->del()
 2 SYSTEMPATH\CodeIgniter.php(494): CodeIgniter\CodeIgniter->runController(Object(App\Controllers\CartController))
 3 SYSTEMPATH\CodeIgniter.php(353): CodeIgniter\CodeIgniter->handleRequest(null, Object(Config\Cache), false)
 4 FCPATH\index.php(88): CodeIgniter\CodeIgniter->run()
CRITICAL - 2023-11-02 19:13:26 --> Too few arguments to function App\Controllers\CartController::del(), 0 passed in C:\laragon\www\UniPET\system\CodeIgniter.php on line 919 and exactly 1 expected
in APPPATH\Controllers\CartController.php on line 13.
 1 SYSTEMPATH\CodeIgniter.php(919): App\Controllers\CartController->del()
 2 SYSTEMPATH\CodeIgniter.php(494): CodeIgniter\CodeIgniter->runController(Object(App\Controllers\CartController))
 3 SYSTEMPATH\CodeIgniter.php(353): CodeIgniter\CodeIgniter->handleRequest(null, Object(Config\Cache), false)
 4 FCPATH\index.php(88): CodeIgniter\CodeIgniter->run()
