CRITICAL - 2023-11-28 05:58:39 --> Too few arguments to function App\Controllers\AppointmentController::getData1(), 0 passed in C:\laragon\www\UniPET\system\CodeIgniter.php on line 919 and exactly 1 expected
in APPPATH\Controllers\AppointmentController.php on line 24.
 1 SYSTEMPATH\CodeIgniter.php(919): App\Controllers\AppointmentController->getData1()
 2 SYSTEMPATH\CodeIgniter.php(494): CodeIgniter\CodeIgniter->runController(Object(App\Controllers\AppointmentController))
 3 SYSTEMPATH\CodeIgniter.php(353): CodeIgniter\CodeIgniter->handleRequest(null, Object(Config\Cache), false)
 4 FCPATH\index.php(88): CodeIgniter\CodeIgniter->run()
CRITICAL - 2023-11-28 10:01:39 --> Undefined property: stdClass::$total_price
in APPPATH\Controllers\TransactionController.php on line 32.
 1 APPPATH\Controllers\TransactionController.php(32): CodeIgniter\Debug\Exceptions->errorHandler(2, 'Undefined property: stdClass::$total_price', 'C:\\laragon\\www\\UniPET\\app\\Controllers\\TransactionController.php', 32)
 2 SYSTEMPATH\CodeIgniter.php(919): App\Controllers\TransactionController->saveTransaction()
 3 SYSTEMPATH\CodeIgniter.php(494): CodeIgniter\CodeIgniter->runController(Object(App\Controllers\TransactionController))
 4 SYSTEMPATH\CodeIgniter.php(353): CodeIgniter\CodeIgniter->handleRequest(null, Object(Config\Cache), false)
 5 FCPATH\index.php(88): CodeIgniter\CodeIgniter->run()
CRITICAL - 2023-11-28 10:05:18 --> Undefined property: stdClass::$total_price
in APPPATH\Controllers\TransactionController.php on line 32.
 1 APPPATH\Controllers\TransactionController.php(32): CodeIgniter\Debug\Exceptions->errorHandler(2, 'Undefined property: stdClass::$total_price', 'C:\\laragon\\www\\UniPET\\app\\Controllers\\TransactionController.php', 32)
 2 SYSTEMPATH\CodeIgniter.php(919): App\Controllers\TransactionController->saveTransaction()
 3 SYSTEMPATH\CodeIgniter.php(494): CodeIgniter\CodeIgniter->runController(Object(App\Controllers\TransactionController))
 4 SYSTEMPATH\CodeIgniter.php(353): CodeIgniter\CodeIgniter->handleRequest(null, Object(Config\Cache), false)
 5 FCPATH\index.php(88): CodeIgniter\CodeIgniter->run()
CRITICAL - 2023-11-28 10:52:27 --> Cannot redeclare App\Controllers\Product::getProductDetails()
in APPPATH\Controllers\Product.php on line 32.
 1 [internal function]: CodeIgniter\Debug\Exceptions->shutdownHandler()
CRITICAL - 2023-11-28 10:52:45 --> Cannot redeclare App\Controllers\Product::getProductDetails()
in APPPATH\Controllers\Product.php on line 32.
 1 [internal function]: CodeIgniter\Debug\Exceptions->shutdownHandler()
CRITICAL - 2023-11-28 10:57:44 --> Cannot redeclare App\Controllers\Product::getProductDetails()
in APPPATH\Controllers\Product.php on line 32.
 1 [internal function]: CodeIgniter\Debug\Exceptions->shutdownHandler()
CRITICAL - 2023-11-28 13:16:18 --> Updates are not allowed unless they contain a "where" or "like" clause.
in SYSTEMPATH\Model.php on line 380.
 1 SYSTEMPATH\BaseModel.php(949): CodeIgniter\Model->doUpdate(null, [...])
 2 SYSTEMPATH\Model.php(776): CodeIgniter\BaseModel->update(null, [...])
 3 APPPATH\Controllers\Product.php(45): CodeIgniter\Model->update(null, [...])
 4 SYSTEMPATH\CodeIgniter.php(919): App\Controllers\Product->editStatus()
 5 SYSTEMPATH\CodeIgniter.php(494): CodeIgniter\CodeIgniter->runController(Object(App\Controllers\Product))
 6 SYSTEMPATH\CodeIgniter.php(353): CodeIgniter\CodeIgniter->handleRequest(null, Object(Config\Cache), false)
 7 FCPATH\index.php(88): CodeIgniter\CodeIgniter->run()
CRITICAL - 2023-11-28 13:16:20 --> Updates are not allowed unless they contain a "where" or "like" clause.
in SYSTEMPATH\Model.php on line 380.
 1 SYSTEMPATH\BaseModel.php(949): CodeIgniter\Model->doUpdate(null, [...])
 2 SYSTEMPATH\Model.php(776): CodeIgniter\BaseModel->update(null, [...])
 3 APPPATH\Controllers\Product.php(45): CodeIgniter\Model->update(null, [...])
 4 SYSTEMPATH\CodeIgniter.php(919): App\Controllers\Product->editStatus()
 5 SYSTEMPATH\CodeIgniter.php(494): CodeIgniter\CodeIgniter->runController(Object(App\Controllers\Product))
 6 SYSTEMPATH\CodeIgniter.php(353): CodeIgniter\CodeIgniter->handleRequest(null, Object(Config\Cache), false)
 7 FCPATH\index.php(88): CodeIgniter\CodeIgniter->run()
CRITICAL - 2023-11-28 13:16:21 --> Updates are not allowed unless they contain a "where" or "like" clause.
in SYSTEMPATH\Model.php on line 380.
 1 SYSTEMPATH\BaseModel.php(949): CodeIgniter\Model->doUpdate(null, [...])
 2 SYSTEMPATH\Model.php(776): CodeIgniter\BaseModel->update(null, [...])
 3 APPPATH\Controllers\Product.php(45): CodeIgniter\Model->update(null, [...])
 4 SYSTEMPATH\CodeIgniter.php(919): App\Controllers\Product->editStatus()
 5 SYSTEMPATH\CodeIgniter.php(494): CodeIgniter\CodeIgniter->runController(Object(App\Controllers\Product))
 6 SYSTEMPATH\CodeIgniter.php(353): CodeIgniter\CodeIgniter->handleRequest(null, Object(Config\Cache), false)
 7 FCPATH\index.php(88): CodeIgniter\CodeIgniter->run()
CRITICAL - 2023-11-28 13:16:21 --> Updates are not allowed unless they contain a "where" or "like" clause.
in SYSTEMPATH\Model.php on line 380.
 1 SYSTEMPATH\BaseModel.php(949): CodeIgniter\Model->doUpdate(null, [...])
 2 SYSTEMPATH\Model.php(776): CodeIgniter\BaseModel->update(null, [...])
 3 APPPATH\Controllers\Product.php(45): CodeIgniter\Model->update(null, [...])
 4 SYSTEMPATH\CodeIgniter.php(919): App\Controllers\Product->editStatus()
 5 SYSTEMPATH\CodeIgniter.php(494): CodeIgniter\CodeIgniter->runController(Object(App\Controllers\Product))
 6 SYSTEMPATH\CodeIgniter.php(353): CodeIgniter\CodeIgniter->handleRequest(null, Object(Config\Cache), false)
 7 FCPATH\index.php(88): CodeIgniter\CodeIgniter->run()
CRITICAL - 2023-11-28 13:16:21 --> Updates are not allowed unless they contain a "where" or "like" clause.
in SYSTEMPATH\Model.php on line 380.
 1 SYSTEMPATH\BaseModel.php(949): CodeIgniter\Model->doUpdate(null, [...])
 2 SYSTEMPATH\Model.php(776): CodeIgniter\BaseModel->update(null, [...])
 3 APPPATH\Controllers\Product.php(45): CodeIgniter\Model->update(null, [...])
 4 SYSTEMPATH\CodeIgniter.php(919): App\Controllers\Product->editStatus()
 5 SYSTEMPATH\CodeIgniter.php(494): CodeIgniter\CodeIgniter->runController(Object(App\Controllers\Product))
 6 SYSTEMPATH\CodeIgniter.php(353): CodeIgniter\CodeIgniter->handleRequest(null, Object(Config\Cache), false)
 7 FCPATH\index.php(88): CodeIgniter\CodeIgniter->run()
CRITICAL - 2023-11-28 13:16:29 --> Updates are not allowed unless they contain a "where" or "like" clause.
in SYSTEMPATH\Model.php on line 380.
 1 SYSTEMPATH\BaseModel.php(949): CodeIgniter\Model->doUpdate(null, [...])
 2 SYSTEMPATH\Model.php(776): CodeIgniter\BaseModel->update(null, [...])
 3 APPPATH\Controllers\Product.php(45): CodeIgniter\Model->update(null, [...])
 4 SYSTEMPATH\CodeIgniter.php(919): App\Controllers\Product->editStatus()
 5 SYSTEMPATH\CodeIgniter.php(494): CodeIgniter\CodeIgniter->runController(Object(App\Controllers\Product))
 6 SYSTEMPATH\CodeIgniter.php(353): CodeIgniter\CodeIgniter->handleRequest(null, Object(Config\Cache), false)
 7 FCPATH\index.php(88): CodeIgniter\CodeIgniter->run()
CRITICAL - 2023-11-28 13:16:41 --> Updates are not allowed unless they contain a "where" or "like" clause.
in SYSTEMPATH\Model.php on line 380.
 1 SYSTEMPATH\BaseModel.php(949): CodeIgniter\Model->doUpdate(null, [...])
 2 SYSTEMPATH\Model.php(776): CodeIgniter\BaseModel->update(null, [...])
 3 APPPATH\Controllers\Product.php(45): CodeIgniter\Model->update(null, [...])
 4 SYSTEMPATH\CodeIgniter.php(919): App\Controllers\Product->editStatus()
 5 SYSTEMPATH\CodeIgniter.php(494): CodeIgniter\CodeIgniter->runController(Object(App\Controllers\Product))
 6 SYSTEMPATH\CodeIgniter.php(353): CodeIgniter\CodeIgniter->handleRequest(null, Object(Config\Cache), false)
 7 FCPATH\index.php(88): CodeIgniter\CodeIgniter->run()
CRITICAL - 2023-11-28 13:17:52 --> Updates are not allowed unless they contain a "where" or "like" clause.
in SYSTEMPATH\Model.php on line 380.
 1 SYSTEMPATH\BaseModel.php(949): CodeIgniter\Model->doUpdate(null, [...])
 2 SYSTEMPATH\Model.php(776): CodeIgniter\BaseModel->update(null, [...])
 3 APPPATH\Controllers\Product.php(45): CodeIgniter\Model->update(null, [...])
 4 SYSTEMPATH\CodeIgniter.php(919): App\Controllers\Product->editStatus2()
 5 SYSTEMPATH\CodeIgniter.php(494): CodeIgniter\CodeIgniter->runController(Object(App\Controllers\Product))
 6 SYSTEMPATH\CodeIgniter.php(353): CodeIgniter\CodeIgniter->handleRequest(null, Object(Config\Cache), false)
 7 FCPATH\index.php(88): CodeIgniter\CodeIgniter->run()
CRITICAL - 2023-11-28 13:24:24 --> Updates are not allowed unless they contain a "where" or "like" clause.
in SYSTEMPATH\Model.php on line 380.
 1 SYSTEMPATH\BaseModel.php(949): CodeIgniter\Model->doUpdate(null, [...])
 2 SYSTEMPATH\Model.php(776): CodeIgniter\BaseModel->update(null, [...])
 3 APPPATH\Controllers\Product.php(45): CodeIgniter\Model->update(null, [...])
 4 SYSTEMPATH\CodeIgniter.php(919): App\Controllers\Product->editStatus2()
 5 SYSTEMPATH\CodeIgniter.php(494): CodeIgniter\CodeIgniter->runController(Object(App\Controllers\Product))
 6 SYSTEMPATH\CodeIgniter.php(353): CodeIgniter\CodeIgniter->handleRequest(null, Object(Config\Cache), false)
 7 FCPATH\index.php(88): CodeIgniter\CodeIgniter->run()
CRITICAL - 2023-11-28 13:24:26 --> Updates are not allowed unless they contain a "where" or "like" clause.
in SYSTEMPATH\Model.php on line 380.
 1 SYSTEMPATH\BaseModel.php(949): CodeIgniter\Model->doUpdate(null, [...])
 2 SYSTEMPATH\Model.php(776): CodeIgniter\BaseModel->update(null, [...])
 3 APPPATH\Controllers\Product.php(45): CodeIgniter\Model->update(null, [...])
 4 SYSTEMPATH\CodeIgniter.php(919): App\Controllers\Product->editStatus2()
 5 SYSTEMPATH\CodeIgniter.php(494): CodeIgniter\CodeIgniter->runController(Object(App\Controllers\Product))
 6 SYSTEMPATH\CodeIgniter.php(353): CodeIgniter\CodeIgniter->handleRequest(null, Object(Config\Cache), false)
 7 FCPATH\index.php(88): CodeIgniter\CodeIgniter->run()
CRITICAL - 2023-11-28 13:24:26 --> Updates are not allowed unless they contain a "where" or "like" clause.
in SYSTEMPATH\Model.php on line 380.
 1 SYSTEMPATH\BaseModel.php(949): CodeIgniter\Model->doUpdate(null, [...])
 2 SYSTEMPATH\Model.php(776): CodeIgniter\BaseModel->update(null, [...])
 3 APPPATH\Controllers\Product.php(45): CodeIgniter\Model->update(null, [...])
 4 SYSTEMPATH\CodeIgniter.php(919): App\Controllers\Product->editStatus2()
 5 SYSTEMPATH\CodeIgniter.php(494): CodeIgniter\CodeIgniter->runController(Object(App\Controllers\Product))
 6 SYSTEMPATH\CodeIgniter.php(353): CodeIgniter\CodeIgniter->handleRequest(null, Object(Config\Cache), false)
 7 FCPATH\index.php(88): CodeIgniter\CodeIgniter->run()
CRITICAL - 2023-11-28 13:24:26 --> Updates are not allowed unless they contain a "where" or "like" clause.
in SYSTEMPATH\Model.php on line 380.
 1 SYSTEMPATH\BaseModel.php(949): CodeIgniter\Model->doUpdate(null, [...])
 2 SYSTEMPATH\Model.php(776): CodeIgniter\BaseModel->update(null, [...])
 3 APPPATH\Controllers\Product.php(45): CodeIgniter\Model->update(null, [...])
 4 SYSTEMPATH\CodeIgniter.php(919): App\Controllers\Product->editStatus2()
 5 SYSTEMPATH\CodeIgniter.php(494): CodeIgniter\CodeIgniter->runController(Object(App\Controllers\Product))
 6 SYSTEMPATH\CodeIgniter.php(353): CodeIgniter\CodeIgniter->handleRequest(null, Object(Config\Cache), false)
 7 FCPATH\index.php(88): CodeIgniter\CodeIgniter->run()
CRITICAL - 2023-11-28 13:24:27 --> Updates are not allowed unless they contain a "where" or "like" clause.
in SYSTEMPATH\Model.php on line 380.
 1 SYSTEMPATH\BaseModel.php(949): CodeIgniter\Model->doUpdate(null, [...])
 2 SYSTEMPATH\Model.php(776): CodeIgniter\BaseModel->update(null, [...])
 3 APPPATH\Controllers\Product.php(45): CodeIgniter\Model->update(null, [...])
 4 SYSTEMPATH\CodeIgniter.php(919): App\Controllers\Product->editStatus2()
 5 SYSTEMPATH\CodeIgniter.php(494): CodeIgniter\CodeIgniter->runController(Object(App\Controllers\Product))
 6 SYSTEMPATH\CodeIgniter.php(353): CodeIgniter\CodeIgniter->handleRequest(null, Object(Config\Cache), false)
 7 FCPATH\index.php(88): CodeIgniter\CodeIgniter->run()
CRITICAL - 2023-11-28 13:24:27 --> Updates are not allowed unless they contain a "where" or "like" clause.
in SYSTEMPATH\Model.php on line 380.
 1 SYSTEMPATH\BaseModel.php(949): CodeIgniter\Model->doUpdate(null, [...])
 2 SYSTEMPATH\Model.php(776): CodeIgniter\BaseModel->update(null, [...])
 3 APPPATH\Controllers\Product.php(45): CodeIgniter\Model->update(null, [...])
 4 SYSTEMPATH\CodeIgniter.php(919): App\Controllers\Product->editStatus2()
 5 SYSTEMPATH\CodeIgniter.php(494): CodeIgniter\CodeIgniter->runController(Object(App\Controllers\Product))
 6 SYSTEMPATH\CodeIgniter.php(353): CodeIgniter\CodeIgniter->handleRequest(null, Object(Config\Cache), false)
 7 FCPATH\index.php(88): CodeIgniter\CodeIgniter->run()
CRITICAL - 2023-11-28 13:24:27 --> Updates are not allowed unless they contain a "where" or "like" clause.
in SYSTEMPATH\Model.php on line 380.
 1 SYSTEMPATH\BaseModel.php(949): CodeIgniter\Model->doUpdate(null, [...])
 2 SYSTEMPATH\Model.php(776): CodeIgniter\BaseModel->update(null, [...])
 3 APPPATH\Controllers\Product.php(45): CodeIgniter\Model->update(null, [...])
 4 SYSTEMPATH\CodeIgniter.php(919): App\Controllers\Product->editStatus2()
 5 SYSTEMPATH\CodeIgniter.php(494): CodeIgniter\CodeIgniter->runController(Object(App\Controllers\Product))
 6 SYSTEMPATH\CodeIgniter.php(353): CodeIgniter\CodeIgniter->handleRequest(null, Object(Config\Cache), false)
 7 FCPATH\index.php(88): CodeIgniter\CodeIgniter->run()
CRITICAL - 2023-11-28 13:24:49 --> Updates are not allowed unless they contain a "where" or "like" clause.
in SYSTEMPATH\Model.php on line 380.
 1 SYSTEMPATH\BaseModel.php(949): CodeIgniter\Model->doUpdate(null, [...])
 2 SYSTEMPATH\Model.php(776): CodeIgniter\BaseModel->update(null, [...])
 3 APPPATH\Controllers\Product.php(45): CodeIgniter\Model->update(null, [...])
 4 SYSTEMPATH\CodeIgniter.php(919): App\Controllers\Product->editStatus2()
 5 SYSTEMPATH\CodeIgniter.php(494): CodeIgniter\CodeIgniter->runController(Object(App\Controllers\Product))
 6 SYSTEMPATH\CodeIgniter.php(353): CodeIgniter\CodeIgniter->handleRequest(null, Object(Config\Cache), false)
 7 FCPATH\index.php(88): CodeIgniter\CodeIgniter->run()
CRITICAL - 2023-11-28 13:26:00 --> Updates are not allowed unless they contain a "where" or "like" clause.
in SYSTEMPATH\Model.php on line 380.
 1 SYSTEMPATH\BaseModel.php(949): CodeIgniter\Model->doUpdate(null, [...])
 2 SYSTEMPATH\Model.php(776): CodeIgniter\BaseModel->update(null, [...])
 3 APPPATH\Controllers\Product.php(46): CodeIgniter\Model->update(null, [...])
 4 SYSTEMPATH\CodeIgniter.php(919): App\Controllers\Product->editStatus2()
 5 SYSTEMPATH\CodeIgniter.php(494): CodeIgniter\CodeIgniter->runController(Object(App\Controllers\Product))
 6 SYSTEMPATH\CodeIgniter.php(353): CodeIgniter\CodeIgniter->handleRequest(null, Object(Config\Cache), false)
 7 FCPATH\index.php(88): CodeIgniter\CodeIgniter->run()
CRITICAL - 2023-11-28 13:26:12 --> Updates are not allowed unless they contain a "where" or "like" clause.
in SYSTEMPATH\Model.php on line 380.
 1 SYSTEMPATH\BaseModel.php(949): CodeIgniter\Model->doUpdate(null, [...])
 2 SYSTEMPATH\Model.php(776): CodeIgniter\BaseModel->update(null, [...])
 3 APPPATH\Controllers\Product.php(46): CodeIgniter\Model->update(null, [...])
 4 SYSTEMPATH\CodeIgniter.php(919): App\Controllers\Product->editStatus2()
 5 SYSTEMPATH\CodeIgniter.php(494): CodeIgniter\CodeIgniter->runController(Object(App\Controllers\Product))
 6 SYSTEMPATH\CodeIgniter.php(353): CodeIgniter\CodeIgniter->handleRequest(null, Object(Config\Cache), false)
 7 FCPATH\index.php(88): CodeIgniter\CodeIgniter->run()
CRITICAL - 2023-11-28 13:33:38 --> Updates are not allowed unless they contain a "where" or "like" clause.
in SYSTEMPATH\Model.php on line 380.
 1 SYSTEMPATH\BaseModel.php(949): CodeIgniter\Model->doUpdate(null, [...])
 2 SYSTEMPATH\Model.php(776): CodeIgniter\BaseModel->update(null, [...])
 3 APPPATH\Controllers\Product.php(46): CodeIgniter\Model->update(null, [...])
 4 SYSTEMPATH\CodeIgniter.php(919): App\Controllers\Product->editStatus2()
 5 SYSTEMPATH\CodeIgniter.php(494): CodeIgniter\CodeIgniter->runController(Object(App\Controllers\Product))
 6 SYSTEMPATH\CodeIgniter.php(353): CodeIgniter\CodeIgniter->handleRequest(null, Object(Config\Cache), false)
 7 FCPATH\index.php(88): CodeIgniter\CodeIgniter->run()
CRITICAL - 2023-11-28 13:33:39 --> Updates are not allowed unless they contain a "where" or "like" clause.
in SYSTEMPATH\Model.php on line 380.
 1 SYSTEMPATH\BaseModel.php(949): CodeIgniter\Model->doUpdate(null, [...])
 2 SYSTEMPATH\Model.php(776): CodeIgniter\BaseModel->update(null, [...])
 3 APPPATH\Controllers\Product.php(46): CodeIgniter\Model->update(null, [...])
 4 SYSTEMPATH\CodeIgniter.php(919): App\Controllers\Product->editStatus2()
 5 SYSTEMPATH\CodeIgniter.php(494): CodeIgniter\CodeIgniter->runController(Object(App\Controllers\Product))
 6 SYSTEMPATH\CodeIgniter.php(353): CodeIgniter\CodeIgniter->handleRequest(null, Object(Config\Cache), false)
 7 FCPATH\index.php(88): CodeIgniter\CodeIgniter->run()
CRITICAL - 2023-11-28 13:33:40 --> Updates are not allowed unless they contain a "where" or "like" clause.
in SYSTEMPATH\Model.php on line 380.
 1 SYSTEMPATH\BaseModel.php(949): CodeIgniter\Model->doUpdate(null, [...])
 2 SYSTEMPATH\Model.php(776): CodeIgniter\BaseModel->update(null, [...])
 3 APPPATH\Controllers\Product.php(46): CodeIgniter\Model->update(null, [...])
 4 SYSTEMPATH\CodeIgniter.php(919): App\Controllers\Product->editStatus2()
 5 SYSTEMPATH\CodeIgniter.php(494): CodeIgniter\CodeIgniter->runController(Object(App\Controllers\Product))
 6 SYSTEMPATH\CodeIgniter.php(353): CodeIgniter\CodeIgniter->handleRequest(null, Object(Config\Cache), false)
 7 FCPATH\index.php(88): CodeIgniter\CodeIgniter->run()
CRITICAL - 2023-11-28 13:33:40 --> Updates are not allowed unless they contain a "where" or "like" clause.
in SYSTEMPATH\Model.php on line 380.
 1 SYSTEMPATH\BaseModel.php(949): CodeIgniter\Model->doUpdate(null, [...])
 2 SYSTEMPATH\Model.php(776): CodeIgniter\BaseModel->update(null, [...])
 3 APPPATH\Controllers\Product.php(46): CodeIgniter\Model->update(null, [...])
 4 SYSTEMPATH\CodeIgniter.php(919): App\Controllers\Product->editStatus2()
 5 SYSTEMPATH\CodeIgniter.php(494): CodeIgniter\CodeIgniter->runController(Object(App\Controllers\Product))
 6 SYSTEMPATH\CodeIgniter.php(353): CodeIgniter\CodeIgniter->handleRequest(null, Object(Config\Cache), false)
 7 FCPATH\index.php(88): CodeIgniter\CodeIgniter->run()
CRITICAL - 2023-11-28 13:33:40 --> Updates are not allowed unless they contain a "where" or "like" clause.
in SYSTEMPATH\Model.php on line 380.
 1 SYSTEMPATH\BaseModel.php(949): CodeIgniter\Model->doUpdate(null, [...])
 2 SYSTEMPATH\Model.php(776): CodeIgniter\BaseModel->update(null, [...])
 3 APPPATH\Controllers\Product.php(46): CodeIgniter\Model->update(null, [...])
 4 SYSTEMPATH\CodeIgniter.php(919): App\Controllers\Product->editStatus2()
 5 SYSTEMPATH\CodeIgniter.php(494): CodeIgniter\CodeIgniter->runController(Object(App\Controllers\Product))
 6 SYSTEMPATH\CodeIgniter.php(353): CodeIgniter\CodeIgniter->handleRequest(null, Object(Config\Cache), false)
 7 FCPATH\index.php(88): CodeIgniter\CodeIgniter->run()
CRITICAL - 2023-11-28 13:33:41 --> Updates are not allowed unless they contain a "where" or "like" clause.
in SYSTEMPATH\Model.php on line 380.
 1 SYSTEMPATH\BaseModel.php(949): CodeIgniter\Model->doUpdate(null, [...])
 2 SYSTEMPATH\Model.php(776): CodeIgniter\BaseModel->update(null, [...])
 3 APPPATH\Controllers\Product.php(46): CodeIgniter\Model->update(null, [...])
 4 SYSTEMPATH\CodeIgniter.php(919): App\Controllers\Product->editStatus2()
 5 SYSTEMPATH\CodeIgniter.php(494): CodeIgniter\CodeIgniter->runController(Object(App\Controllers\Product))
 6 SYSTEMPATH\CodeIgniter.php(353): CodeIgniter\CodeIgniter->handleRequest(null, Object(Config\Cache), false)
 7 FCPATH\index.php(88): CodeIgniter\CodeIgniter->run()
CRITICAL - 2023-11-28 13:34:05 --> Updates are not allowed unless they contain a "where" or "like" clause.
in SYSTEMPATH\Model.php on line 380.
 1 SYSTEMPATH\BaseModel.php(949): CodeIgniter\Model->doUpdate(null, [...])
 2 SYSTEMPATH\Model.php(776): CodeIgniter\BaseModel->update(null, [...])
 3 APPPATH\Controllers\Product.php(46): CodeIgniter\Model->update(null, [...])
 4 SYSTEMPATH\CodeIgniter.php(919): App\Controllers\Product->editStatus2()
 5 SYSTEMPATH\CodeIgniter.php(494): CodeIgniter\CodeIgniter->runController(Object(App\Controllers\Product))
 6 SYSTEMPATH\CodeIgniter.php(353): CodeIgniter\CodeIgniter->handleRequest(null, Object(Config\Cache), false)
 7 FCPATH\index.php(88): CodeIgniter\CodeIgniter->run()
CRITICAL - 2023-11-28 13:36:50 --> Updates are not allowed unless they contain a "where" or "like" clause.
in SYSTEMPATH\Model.php on line 380.
 1 SYSTEMPATH\BaseModel.php(949): CodeIgniter\Model->doUpdate(null, [...])
 2 SYSTEMPATH\Model.php(776): CodeIgniter\BaseModel->update(null, [...])
 3 APPPATH\Controllers\Product.php(84): CodeIgniter\Model->update(null, [...])
 4 SYSTEMPATH\CodeIgniter.php(919): App\Controllers\Product->editStatus2()
 5 SYSTEMPATH\CodeIgniter.php(494): CodeIgniter\CodeIgniter->runController(Object(App\Controllers\Product))
 6 SYSTEMPATH\CodeIgniter.php(353): CodeIgniter\CodeIgniter->handleRequest(null, Object(Config\Cache), false)
 7 FCPATH\index.php(88): CodeIgniter\CodeIgniter->run()
CRITICAL - 2023-11-28 13:38:54 --> Updates are not allowed unless they contain a "where" or "like" clause.
in SYSTEMPATH\Model.php on line 380.
 1 SYSTEMPATH\BaseModel.php(949): CodeIgniter\Model->doUpdate(null, [...])
 2 SYSTEMPATH\Model.php(776): CodeIgniter\BaseModel->update(null, [...])
 3 APPPATH\Controllers\Product.php(84): CodeIgniter\Model->update(null, [...])
 4 SYSTEMPATH\CodeIgniter.php(919): App\Controllers\Product->editStatus2()
 5 SYSTEMPATH\CodeIgniter.php(494): CodeIgniter\CodeIgniter->runController(Object(App\Controllers\Product))
 6 SYSTEMPATH\CodeIgniter.php(353): CodeIgniter\CodeIgniter->handleRequest(null, Object(Config\Cache), false)
 7 FCPATH\index.php(88): CodeIgniter\CodeIgniter->run()
CRITICAL - 2023-11-28 13:42:58 --> Updates are not allowed unless they contain a "where" or "like" clause.
in SYSTEMPATH\Model.php on line 380.
 1 SYSTEMPATH\BaseModel.php(949): CodeIgniter\Model->doUpdate(null, [...])
 2 SYSTEMPATH\Model.php(776): CodeIgniter\BaseModel->update(null, [...])
 3 APPPATH\Controllers\Product.php(84): CodeIgniter\Model->update(null, [...])
 4 SYSTEMPATH\CodeIgniter.php(919): App\Controllers\Product->editStatus2()
 5 SYSTEMPATH\CodeIgniter.php(494): CodeIgniter\CodeIgniter->runController(Object(App\Controllers\Product))
 6 SYSTEMPATH\CodeIgniter.php(353): CodeIgniter\CodeIgniter->handleRequest(null, Object(Config\Cache), false)
 7 FCPATH\index.php(88): CodeIgniter\CodeIgniter->run()
CRITICAL - 2023-11-28 13:42:58 --> Updates are not allowed unless they contain a "where" or "like" clause.
in SYSTEMPATH\Model.php on line 380.
 1 SYSTEMPATH\BaseModel.php(949): CodeIgniter\Model->doUpdate(null, [...])
 2 SYSTEMPATH\Model.php(776): CodeIgniter\BaseModel->update(null, [...])
 3 APPPATH\Controllers\Product.php(84): CodeIgniter\Model->update(null, [...])
 4 SYSTEMPATH\CodeIgniter.php(919): App\Controllers\Product->editStatus2()
 5 SYSTEMPATH\CodeIgniter.php(494): CodeIgniter\CodeIgniter->runController(Object(App\Controllers\Product))
 6 SYSTEMPATH\CodeIgniter.php(353): CodeIgniter\CodeIgniter->handleRequest(null, Object(Config\Cache), false)
 7 FCPATH\index.php(88): CodeIgniter\CodeIgniter->run()
CRITICAL - 2023-11-28 13:42:58 --> Updates are not allowed unless they contain a "where" or "like" clause.
in SYSTEMPATH\Model.php on line 380.
 1 SYSTEMPATH\BaseModel.php(949): CodeIgniter\Model->doUpdate(null, [...])
 2 SYSTEMPATH\Model.php(776): CodeIgniter\BaseModel->update(null, [...])
 3 APPPATH\Controllers\Product.php(84): CodeIgniter\Model->update(null, [...])
 4 SYSTEMPATH\CodeIgniter.php(919): App\Controllers\Product->editStatus2()
 5 SYSTEMPATH\CodeIgniter.php(494): CodeIgniter\CodeIgniter->runController(Object(App\Controllers\Product))
 6 SYSTEMPATH\CodeIgniter.php(353): CodeIgniter\CodeIgniter->handleRequest(null, Object(Config\Cache), false)
 7 FCPATH\index.php(88): CodeIgniter\CodeIgniter->run()
CRITICAL - 2023-11-28 13:42:59 --> Updates are not allowed unless they contain a "where" or "like" clause.
in SYSTEMPATH\Model.php on line 380.
 1 SYSTEMPATH\BaseModel.php(949): CodeIgniter\Model->doUpdate(null, [...])
 2 SYSTEMPATH\Model.php(776): CodeIgniter\BaseModel->update(null, [...])
 3 APPPATH\Controllers\Product.php(84): CodeIgniter\Model->update(null, [...])
 4 SYSTEMPATH\CodeIgniter.php(919): App\Controllers\Product->editStatus2()
 5 SYSTEMPATH\CodeIgniter.php(494): CodeIgniter\CodeIgniter->runController(Object(App\Controllers\Product))
 6 SYSTEMPATH\CodeIgniter.php(353): CodeIgniter\CodeIgniter->handleRequest(null, Object(Config\Cache), false)
 7 FCPATH\index.php(88): CodeIgniter\CodeIgniter->run()
CRITICAL - 2023-11-28 13:42:59 --> Updates are not allowed unless they contain a "where" or "like" clause.
in SYSTEMPATH\Model.php on line 380.
 1 SYSTEMPATH\BaseModel.php(949): CodeIgniter\Model->doUpdate(null, [...])
 2 SYSTEMPATH\Model.php(776): CodeIgniter\BaseModel->update(null, [...])
 3 APPPATH\Controllers\Product.php(84): CodeIgniter\Model->update(null, [...])
 4 SYSTEMPATH\CodeIgniter.php(919): App\Controllers\Product->editStatus2()
 5 SYSTEMPATH\CodeIgniter.php(494): CodeIgniter\CodeIgniter->runController(Object(App\Controllers\Product))
 6 SYSTEMPATH\CodeIgniter.php(353): CodeIgniter\CodeIgniter->handleRequest(null, Object(Config\Cache), false)
 7 FCPATH\index.php(88): CodeIgniter\CodeIgniter->run()
CRITICAL - 2023-11-28 13:42:59 --> Updates are not allowed unless they contain a "where" or "like" clause.
in SYSTEMPATH\Model.php on line 380.
 1 SYSTEMPATH\BaseModel.php(949): CodeIgniter\Model->doUpdate(null, [...])
 2 SYSTEMPATH\Model.php(776): CodeIgniter\BaseModel->update(null, [...])
 3 APPPATH\Controllers\Product.php(84): CodeIgniter\Model->update(null, [...])
 4 SYSTEMPATH\CodeIgniter.php(919): App\Controllers\Product->editStatus2()
 5 SYSTEMPATH\CodeIgniter.php(494): CodeIgniter\CodeIgniter->runController(Object(App\Controllers\Product))
 6 SYSTEMPATH\CodeIgniter.php(353): CodeIgniter\CodeIgniter->handleRequest(null, Object(Config\Cache), false)
 7 FCPATH\index.php(88): CodeIgniter\CodeIgniter->run()
CRITICAL - 2023-11-28 13:42:59 --> Updates are not allowed unless they contain a "where" or "like" clause.
in SYSTEMPATH\Model.php on line 380.
 1 SYSTEMPATH\BaseModel.php(949): CodeIgniter\Model->doUpdate(null, [...])
 2 SYSTEMPATH\Model.php(776): CodeIgniter\BaseModel->update(null, [...])
 3 APPPATH\Controllers\Product.php(84): CodeIgniter\Model->update(null, [...])
 4 SYSTEMPATH\CodeIgniter.php(919): App\Controllers\Product->editStatus2()
 5 SYSTEMPATH\CodeIgniter.php(494): CodeIgniter\CodeIgniter->runController(Object(App\Controllers\Product))
 6 SYSTEMPATH\CodeIgniter.php(353): CodeIgniter\CodeIgniter->handleRequest(null, Object(Config\Cache), false)
 7 FCPATH\index.php(88): CodeIgniter\CodeIgniter->run()
CRITICAL - 2023-11-28 13:42:59 --> Updates are not allowed unless they contain a "where" or "like" clause.
in SYSTEMPATH\Model.php on line 380.
 1 SYSTEMPATH\BaseModel.php(949): CodeIgniter\Model->doUpdate(null, [...])
 2 SYSTEMPATH\Model.php(776): CodeIgniter\BaseModel->update(null, [...])
 3 APPPATH\Controllers\Product.php(84): CodeIgniter\Model->update(null, [...])
 4 SYSTEMPATH\CodeIgniter.php(919): App\Controllers\Product->editStatus2()
 5 SYSTEMPATH\CodeIgniter.php(494): CodeIgniter\CodeIgniter->runController(Object(App\Controllers\Product))
 6 SYSTEMPATH\CodeIgniter.php(353): CodeIgniter\CodeIgniter->handleRequest(null, Object(Config\Cache), false)
 7 FCPATH\index.php(88): CodeIgniter\CodeIgniter->run()
CRITICAL - 2023-11-28 13:43:00 --> Updates are not allowed unless they contain a "where" or "like" clause.
in SYSTEMPATH\Model.php on line 380.
 1 SYSTEMPATH\BaseModel.php(949): CodeIgniter\Model->doUpdate(null, [...])
 2 SYSTEMPATH\Model.php(776): CodeIgniter\BaseModel->update(null, [...])
 3 APPPATH\Controllers\Product.php(84): CodeIgniter\Model->update(null, [...])
 4 SYSTEMPATH\CodeIgniter.php(919): App\Controllers\Product->editStatus2()
 5 SYSTEMPATH\CodeIgniter.php(494): CodeIgniter\CodeIgniter->runController(Object(App\Controllers\Product))
 6 SYSTEMPATH\CodeIgniter.php(353): CodeIgniter\CodeIgniter->handleRequest(null, Object(Config\Cache), false)
 7 FCPATH\index.php(88): CodeIgniter\CodeIgniter->run()
CRITICAL - 2023-11-28 15:09:46 --> Undefined property: stdClass::$total_price
in APPPATH\Controllers\TransactionController.php on line 39.
 1 APPPATH\Controllers\TransactionController.php(39): CodeIgniter\Debug\Exceptions->errorHandler(2, 'Undefined property: stdClass::$total_price', 'C:\\laragon\\www\\UniPET\\app\\Controllers\\TransactionController.php', 39)
 2 SYSTEMPATH\CodeIgniter.php(919): App\Controllers\TransactionController->saveTransaction()
 3 SYSTEMPATH\CodeIgniter.php(494): CodeIgniter\CodeIgniter->runController(Object(App\Controllers\TransactionController))
 4 SYSTEMPATH\CodeIgniter.php(353): CodeIgniter\CodeIgniter->handleRequest(null, Object(Config\Cache), false)
 5 FCPATH\index.php(88): CodeIgniter\CodeIgniter->run()
CRITICAL - 2023-11-28 15:11:08 --> Undefined property: stdClass::$total_price
in APPPATH\Controllers\TransactionController.php on line 39.
 1 APPPATH\Controllers\TransactionController.php(39): CodeIgniter\Debug\Exceptions->errorHandler(2, 'Undefined property: stdClass::$total_price', 'C:\\laragon\\www\\UniPET\\app\\Controllers\\TransactionController.php', 39)
 2 SYSTEMPATH\CodeIgniter.php(919): App\Controllers\TransactionController->saveTransaction()
 3 SYSTEMPATH\CodeIgniter.php(494): CodeIgniter\CodeIgniter->runController(Object(App\Controllers\TransactionController))
 4 SYSTEMPATH\CodeIgniter.php(353): CodeIgniter\CodeIgniter->handleRequest(null, Object(Config\Cache), false)
 5 FCPATH\index.php(88): CodeIgniter\CodeIgniter->run()
CRITICAL - 2023-11-28 15:16:06 --> Too few arguments to function App\Controllers\AppointmentController::getData1(), 0 passed in C:\laragon\www\UniPET\system\CodeIgniter.php on line 919 and exactly 1 expected
in APPPATH\Controllers\AppointmentController.php on line 24.
 1 SYSTEMPATH\CodeIgniter.php(919): App\Controllers\AppointmentController->getData1()
 2 SYSTEMPATH\CodeIgniter.php(494): CodeIgniter\CodeIgniter->runController(Object(App\Controllers\AppointmentController))
 3 SYSTEMPATH\CodeIgniter.php(353): CodeIgniter\CodeIgniter->handleRequest(null, Object(Config\Cache), false)
 4 FCPATH\index.php(88): CodeIgniter\CodeIgniter->run()
