ERROR - 2023-12-08 01:52:47 --> mysqli_sql_exception: Cannot delete or update a parent row: a foreign key constraint fails (`unipet`.`checkout`, CONSTRAINT `checkout_ibfk_1` FOREIGN KEY (`customer_id`) REFERENCES `cart` (`customer_id`) ON DELETE RESTRICT ON UPDATE RESTRICT) in C:\laragon\www\UniPET\system\Database\MySQLi\Connection.php:306
Stack trace:
#0 C:\laragon\www\UniPET\system\Database\MySQLi\Connection.php(306): mysqli->query('DELETE FROM `ca...', 0)
#1 C:\laragon\www\UniPET\system\Database\BaseConnection.php(692): CodeIgniter\Database\MySQLi\Connection->execute('DELETE FROM `ca...')
#2 C:\laragon\www\UniPET\system\Database\BaseConnection.php(606): CodeIgniter\Database\BaseConnection->simpleQuery('DELETE FROM `ca...')
#3 C:\laragon\www\UniPET\system\Database\BaseBuilder.php(2790): CodeIgniter\Database\BaseConnection->query('DELETE FROM `ca...', Array, false)
#4 C:\laragon\www\UniPET\system\Model.php(445): CodeIgniter\Database\BaseBuilder->delete()
#5 C:\laragon\www\UniPET\system\BaseModel.php(1080): CodeIgniter\Model->doDelete(Array, false)
#6 C:\laragon\www\UniPET\app\Controllers\CartController.php(93): CodeIgniter\BaseModel->delete(Array)
#7 C:\laragon\www\UniPET\system\CodeIgniter.php(919): App\Controllers\CartController->del('218')
#8 C:\laragon\www\UniPET\system\CodeIgniter.php(494): CodeIgniter\CodeIgniter->runController(Object(App\Controllers\CartController))
#9 C:\laragon\www\UniPET\system\CodeIgniter.php(353): CodeIgniter\CodeIgniter->handleRequest(NULL, Object(Config\Cache), false)
#10 C:\laragon\www\UniPET\public\index.php(88): CodeIgniter\CodeIgniter->run()
#11 {main}
CRITICAL - 2023-12-08 01:52:47 --> Cannot delete or update a parent row: a foreign key constraint fails (`unipet`.`checkout`, CONSTRAINT `checkout_ibfk_1` FOREIGN KEY (`customer_id`) REFERENCES `cart` (`customer_id`) ON DELETE RESTRICT ON UPDATE RESTRICT)
in SYSTEMPATH\Database\BaseConnection.php on line 646.
 1 SYSTEMPATH\Database\BaseBuilder.php(2790): CodeIgniter\Database\BaseConnection->query('DELETE FROM `cart`
WHERE `id` IN :id:', [...], false)
 2 SYSTEMPATH\Model.php(445): CodeIgniter\Database\BaseBuilder->delete()
 3 SYSTEMPATH\BaseModel.php(1080): CodeIgniter\Model->doDelete([...], false)
 4 APPPATH\Controllers\CartController.php(93): CodeIgniter\BaseModel->delete([...])
 5 SYSTEMPATH\CodeIgniter.php(919): App\Controllers\CartController->del('218')
 6 SYSTEMPATH\CodeIgniter.php(494): CodeIgniter\CodeIgniter->runController(Object(App\Controllers\CartController))
 7 SYSTEMPATH\CodeIgniter.php(353): CodeIgniter\CodeIgniter->handleRequest(null, Object(Config\Cache), false)
 8 FCPATH\index.php(88): CodeIgniter\CodeIgniter->run()
ERROR - 2023-12-08 01:52:55 --> mysqli_sql_exception: Cannot delete or update a parent row: a foreign key constraint fails (`unipet`.`checkout`, CONSTRAINT `checkout_ibfk_1` FOREIGN KEY (`customer_id`) REFERENCES `cart` (`customer_id`) ON DELETE RESTRICT ON UPDATE RESTRICT) in C:\laragon\www\UniPET\system\Database\MySQLi\Connection.php:306
Stack trace:
#0 C:\laragon\www\UniPET\system\Database\MySQLi\Connection.php(306): mysqli->query('DELETE FROM `ca...', 0)
#1 C:\laragon\www\UniPET\system\Database\BaseConnection.php(692): CodeIgniter\Database\MySQLi\Connection->execute('DELETE FROM `ca...')
#2 C:\laragon\www\UniPET\system\Database\BaseConnection.php(606): CodeIgniter\Database\BaseConnection->simpleQuery('DELETE FROM `ca...')
#3 C:\laragon\www\UniPET\system\Database\BaseBuilder.php(2790): CodeIgniter\Database\BaseConnection->query('DELETE FROM `ca...', Array, false)
#4 C:\laragon\www\UniPET\system\Model.php(445): CodeIgniter\Database\BaseBuilder->delete()
#5 C:\laragon\www\UniPET\system\BaseModel.php(1080): CodeIgniter\Model->doDelete(Array, false)
#6 C:\laragon\www\UniPET\app\Controllers\CartController.php(93): CodeIgniter\BaseModel->delete(Array)
#7 C:\laragon\www\UniPET\system\CodeIgniter.php(919): App\Controllers\CartController->del('218')
#8 C:\laragon\www\UniPET\system\CodeIgniter.php(494): CodeIgniter\CodeIgniter->runController(Object(App\Controllers\CartController))
#9 C:\laragon\www\UniPET\system\CodeIgniter.php(353): CodeIgniter\CodeIgniter->handleRequest(NULL, Object(Config\Cache), false)
#10 C:\laragon\www\UniPET\public\index.php(88): CodeIgniter\CodeIgniter->run()
#11 {main}
CRITICAL - 2023-12-08 01:52:55 --> Cannot delete or update a parent row: a foreign key constraint fails (`unipet`.`checkout`, CONSTRAINT `checkout_ibfk_1` FOREIGN KEY (`customer_id`) REFERENCES `cart` (`customer_id`) ON DELETE RESTRICT ON UPDATE RESTRICT)
in SYSTEMPATH\Database\BaseConnection.php on line 646.
 1 SYSTEMPATH\Database\BaseBuilder.php(2790): CodeIgniter\Database\BaseConnection->query('DELETE FROM `cart`
WHERE `id` IN :id:', [...], false)
 2 SYSTEMPATH\Model.php(445): CodeIgniter\Database\BaseBuilder->delete()
 3 SYSTEMPATH\BaseModel.php(1080): CodeIgniter\Model->doDelete([...], false)
 4 APPPATH\Controllers\CartController.php(93): CodeIgniter\BaseModel->delete([...])
 5 SYSTEMPATH\CodeIgniter.php(919): App\Controllers\CartController->del('218')
 6 SYSTEMPATH\CodeIgniter.php(494): CodeIgniter\CodeIgniter->runController(Object(App\Controllers\CartController))
 7 SYSTEMPATH\CodeIgniter.php(353): CodeIgniter\CodeIgniter->handleRequest(null, Object(Config\Cache), false)
 8 FCPATH\index.php(88): CodeIgniter\CodeIgniter->run()
ERROR - 2023-12-08 01:53:07 --> mysqli_sql_exception: Cannot delete or update a parent row: a foreign key constraint fails (`unipet`.`checkout`, CONSTRAINT `checkout_ibfk_1` FOREIGN KEY (`customer_id`) REFERENCES `cart` (`customer_id`) ON DELETE RESTRICT ON UPDATE RESTRICT) in C:\laragon\www\UniPET\system\Database\MySQLi\Connection.php:306
Stack trace:
#0 C:\laragon\www\UniPET\system\Database\MySQLi\Connection.php(306): mysqli->query('DELETE FROM `ca...', 0)
#1 C:\laragon\www\UniPET\system\Database\BaseConnection.php(692): CodeIgniter\Database\MySQLi\Connection->execute('DELETE FROM `ca...')
#2 C:\laragon\www\UniPET\system\Database\BaseConnection.php(606): CodeIgniter\Database\BaseConnection->simpleQuery('DELETE FROM `ca...')
#3 C:\laragon\www\UniPET\system\Database\BaseBuilder.php(2790): CodeIgniter\Database\BaseConnection->query('DELETE FROM `ca...', Array, false)
#4 C:\laragon\www\UniPET\system\Model.php(445): CodeIgniter\Database\BaseBuilder->delete()
#5 C:\laragon\www\UniPET\system\BaseModel.php(1080): CodeIgniter\Model->doDelete(Array, false)
#6 C:\laragon\www\UniPET\app\Controllers\CartController.php(93): CodeIgniter\BaseModel->delete(Array)
#7 C:\laragon\www\UniPET\system\CodeIgniter.php(919): App\Controllers\CartController->del('221')
#8 C:\laragon\www\UniPET\system\CodeIgniter.php(494): CodeIgniter\CodeIgniter->runController(Object(App\Controllers\CartController))
#9 C:\laragon\www\UniPET\system\CodeIgniter.php(353): CodeIgniter\CodeIgniter->handleRequest(NULL, Object(Config\Cache), false)
#10 C:\laragon\www\UniPET\public\index.php(88): CodeIgniter\CodeIgniter->run()
#11 {main}
CRITICAL - 2023-12-08 01:53:07 --> Cannot delete or update a parent row: a foreign key constraint fails (`unipet`.`checkout`, CONSTRAINT `checkout_ibfk_1` FOREIGN KEY (`customer_id`) REFERENCES `cart` (`customer_id`) ON DELETE RESTRICT ON UPDATE RESTRICT)
in SYSTEMPATH\Database\BaseConnection.php on line 646.
 1 SYSTEMPATH\Database\BaseBuilder.php(2790): CodeIgniter\Database\BaseConnection->query('DELETE FROM `cart`
WHERE `id` IN :id:', [...], false)
 2 SYSTEMPATH\Model.php(445): CodeIgniter\Database\BaseBuilder->delete()
 3 SYSTEMPATH\BaseModel.php(1080): CodeIgniter\Model->doDelete([...], false)
 4 APPPATH\Controllers\CartController.php(93): CodeIgniter\BaseModel->delete([...])
 5 SYSTEMPATH\CodeIgniter.php(919): App\Controllers\CartController->del('221')
 6 SYSTEMPATH\CodeIgniter.php(494): CodeIgniter\CodeIgniter->runController(Object(App\Controllers\CartController))
 7 SYSTEMPATH\CodeIgniter.php(353): CodeIgniter\CodeIgniter->handleRequest(null, Object(Config\Cache), false)
 8 FCPATH\index.php(88): CodeIgniter\CodeIgniter->run()
ERROR - 2023-12-08 01:53:15 --> mysqli_sql_exception: Cannot delete or update a parent row: a foreign key constraint fails (`unipet`.`checkout`, CONSTRAINT `checkout_ibfk_1` FOREIGN KEY (`customer_id`) REFERENCES `cart` (`customer_id`) ON DELETE RESTRICT ON UPDATE RESTRICT) in C:\laragon\www\UniPET\system\Database\MySQLi\Connection.php:306
Stack trace:
#0 C:\laragon\www\UniPET\system\Database\MySQLi\Connection.php(306): mysqli->query('DELETE FROM `ca...', 0)
#1 C:\laragon\www\UniPET\system\Database\BaseConnection.php(692): CodeIgniter\Database\MySQLi\Connection->execute('DELETE FROM `ca...')
#2 C:\laragon\www\UniPET\system\Database\BaseConnection.php(606): CodeIgniter\Database\BaseConnection->simpleQuery('DELETE FROM `ca...')
#3 C:\laragon\www\UniPET\system\Database\BaseBuilder.php(2790): CodeIgniter\Database\BaseConnection->query('DELETE FROM `ca...', Array, false)
#4 C:\laragon\www\UniPET\system\Model.php(445): CodeIgniter\Database\BaseBuilder->delete()
#5 C:\laragon\www\UniPET\system\BaseModel.php(1080): CodeIgniter\Model->doDelete(Array, false)
#6 C:\laragon\www\UniPET\app\Controllers\CartController.php(93): CodeIgniter\BaseModel->delete(Array)
#7 C:\laragon\www\UniPET\system\CodeIgniter.php(919): App\Controllers\CartController->del('220')
#8 C:\laragon\www\UniPET\system\CodeIgniter.php(494): CodeIgniter\CodeIgniter->runController(Object(App\Controllers\CartController))
#9 C:\laragon\www\UniPET\system\CodeIgniter.php(353): CodeIgniter\CodeIgniter->handleRequest(NULL, Object(Config\Cache), false)
#10 C:\laragon\www\UniPET\public\index.php(88): CodeIgniter\CodeIgniter->run()
#11 {main}
CRITICAL - 2023-12-08 01:53:15 --> Cannot delete or update a parent row: a foreign key constraint fails (`unipet`.`checkout`, CONSTRAINT `checkout_ibfk_1` FOREIGN KEY (`customer_id`) REFERENCES `cart` (`customer_id`) ON DELETE RESTRICT ON UPDATE RESTRICT)
in SYSTEMPATH\Database\BaseConnection.php on line 646.
 1 SYSTEMPATH\Database\BaseBuilder.php(2790): CodeIgniter\Database\BaseConnection->query('DELETE FROM `cart`
WHERE `id` IN :id:', [...], false)
 2 SYSTEMPATH\Model.php(445): CodeIgniter\Database\BaseBuilder->delete()
 3 SYSTEMPATH\BaseModel.php(1080): CodeIgniter\Model->doDelete([...], false)
 4 APPPATH\Controllers\CartController.php(93): CodeIgniter\BaseModel->delete([...])
 5 SYSTEMPATH\CodeIgniter.php(919): App\Controllers\CartController->del('220')
 6 SYSTEMPATH\CodeIgniter.php(494): CodeIgniter\CodeIgniter->runController(Object(App\Controllers\CartController))
 7 SYSTEMPATH\CodeIgniter.php(353): CodeIgniter\CodeIgniter->handleRequest(null, Object(Config\Cache), false)
 8 FCPATH\index.php(88): CodeIgniter\CodeIgniter->run()
CRITICAL - 2023-12-08 02:15:20 --> Attempt to assign property "quantity" on array
in APPPATH\Controllers\CartController.php on line 33.
 1 SYSTEMPATH\CodeIgniter.php(919): App\Controllers\CartController->addToCart()
 2 SYSTEMPATH\CodeIgniter.php(494): CodeIgniter\CodeIgniter->runController(Object(App\Controllers\CartController))
 3 SYSTEMPATH\CodeIgniter.php(353): CodeIgniter\CodeIgniter->handleRequest(null, Object(Config\Cache), false)
 4 FCPATH\index.php(88): CodeIgniter\CodeIgniter->run()
CRITICAL - 2023-12-08 02:21:03 --> Too few arguments to function App\Controllers\AppointmentController::getData1(), 0 passed in C:\laragon\www\UniPET\system\CodeIgniter.php on line 919 and exactly 1 expected
in APPPATH\Controllers\AppointmentController.php on line 160.
 1 SYSTEMPATH\CodeIgniter.php(919): App\Controllers\AppointmentController->getData1()
 2 SYSTEMPATH\CodeIgniter.php(494): CodeIgniter\CodeIgniter->runController(Object(App\Controllers\AppointmentController))
 3 SYSTEMPATH\CodeIgniter.php(353): CodeIgniter\CodeIgniter->handleRequest(null, Object(Config\Cache), false)
 4 FCPATH\index.php(88): CodeIgniter\CodeIgniter->run()
CRITICAL - 2023-12-08 08:46:49 --> Call to a member function find() on null
in APPPATH\Controllers\UserController.php on line 78.
 1 SYSTEMPATH\CodeIgniter.php(919): App\Controllers\UserController->getUserProfile('35')
 2 SYSTEMPATH\CodeIgniter.php(494): CodeIgniter\CodeIgniter->runController(Object(App\Controllers\UserController))
 3 SYSTEMPATH\CodeIgniter.php(353): CodeIgniter\CodeIgniter->handleRequest(null, Object(Config\Cache), false)
 4 FCPATH\index.php(88): CodeIgniter\CodeIgniter->run()
CRITICAL - 2023-12-08 09:07:57 --> Undefined array key "customer_id"
in APPPATH\Controllers\UserController.php on line 90.
 1 APPPATH\Controllers\UserController.php(90): CodeIgniter\Debug\Exceptions->errorHandler(2, 'Undefined array key "customer_id"', 'C:\\laragon\\www\\UniPET\\app\\Controllers\\UserController.php', 90)
 2 SYSTEMPATH\CodeIgniter.php(919): App\Controllers\UserController->saveUserProfile()
 3 SYSTEMPATH\CodeIgniter.php(494): CodeIgniter\CodeIgniter->runController(Object(App\Controllers\UserController))
 4 SYSTEMPATH\CodeIgniter.php(353): CodeIgniter\CodeIgniter->handleRequest(null, Object(Config\Cache), false)
 5 FCPATH\index.php(88): CodeIgniter\CodeIgniter->run()
CRITICAL - 2023-12-08 09:07:59 --> Undefined array key "customer_id"
in APPPATH\Controllers\UserController.php on line 90.
 1 APPPATH\Controllers\UserController.php(90): CodeIgniter\Debug\Exceptions->errorHandler(2, 'Undefined array key "customer_id"', 'C:\\laragon\\www\\UniPET\\app\\Controllers\\UserController.php', 90)
 2 SYSTEMPATH\CodeIgniter.php(919): App\Controllers\UserController->saveUserProfile()
 3 SYSTEMPATH\CodeIgniter.php(494): CodeIgniter\CodeIgniter->runController(Object(App\Controllers\UserController))
 4 SYSTEMPATH\CodeIgniter.php(353): CodeIgniter\CodeIgniter->handleRequest(null, Object(Config\Cache), false)
 5 FCPATH\index.php(88): CodeIgniter\CodeIgniter->run()
CRITICAL - 2023-12-08 09:08:10 --> Undefined array key "customer_id"
in APPPATH\Controllers\UserController.php on line 90.
 1 APPPATH\Controllers\UserController.php(90): CodeIgniter\Debug\Exceptions->errorHandler(2, 'Undefined array key "customer_id"', 'C:\\laragon\\www\\UniPET\\app\\Controllers\\UserController.php', 90)
 2 SYSTEMPATH\CodeIgniter.php(919): App\Controllers\UserController->saveUserProfile()
 3 SYSTEMPATH\CodeIgniter.php(494): CodeIgniter\CodeIgniter->runController(Object(App\Controllers\UserController))
 4 SYSTEMPATH\CodeIgniter.php(353): CodeIgniter\CodeIgniter->handleRequest(null, Object(Config\Cache), false)
 5 FCPATH\index.php(88): CodeIgniter\CodeIgniter->run()
CRITICAL - 2023-12-08 09:12:39 --> Undefined array key "customer_id"
in APPPATH\Controllers\UserController.php on line 90.
 1 APPPATH\Controllers\UserController.php(90): CodeIgniter\Debug\Exceptions->errorHandler(2, 'Undefined array key "customer_id"', 'C:\\laragon\\www\\UniPET\\app\\Controllers\\UserController.php', 90)
 2 SYSTEMPATH\CodeIgniter.php(919): App\Controllers\UserController->saveUserProfile()
 3 SYSTEMPATH\CodeIgniter.php(494): CodeIgniter\CodeIgniter->runController(Object(App\Controllers\UserController))
 4 SYSTEMPATH\CodeIgniter.php(353): CodeIgniter\CodeIgniter->handleRequest(null, Object(Config\Cache), false)
 5 FCPATH\index.php(88): CodeIgniter\CodeIgniter->run()
CRITICAL - 2023-12-08 09:16:28 --> Undefined array key "customer_id"
in APPPATH\Controllers\UserController.php on line 90.
 1 APPPATH\Controllers\UserController.php(90): CodeIgniter\Debug\Exceptions->errorHandler(2, 'Undefined array key "customer_id"', 'C:\\laragon\\www\\UniPET\\app\\Controllers\\UserController.php', 90)
 2 SYSTEMPATH\CodeIgniter.php(919): App\Controllers\UserController->saveUserProfile()
 3 SYSTEMPATH\CodeIgniter.php(494): CodeIgniter\CodeIgniter->runController(Object(App\Controllers\UserController))
 4 SYSTEMPATH\CodeIgniter.php(353): CodeIgniter\CodeIgniter->handleRequest(null, Object(Config\Cache), false)
 5 FCPATH\index.php(88): CodeIgniter\CodeIgniter->run()
ERROR - 2023-12-08 09:19:25 --> Error in saveUserProfile: Undefined array key "customer_id"
ERROR - 2023-12-08 09:21:48 --> Error in saveUserProfile: Undefined array key "customer_id"
ERROR - 2023-12-08 09:25:05 --> Error in saveUserProfile: Undefined array key "customer_id"
ERROR - 2023-12-08 09:28:22 --> Error saving/updating user profile: Undefined array key "customer_id"
ERROR - 2023-12-08 09:30:04 --> Error saving/updating user profile: Undefined array key "customer_id"
ERROR - 2023-12-08 09:31:01 --> Error saving/updating user profile: Undefined array key "customer_id"
ERROR - 2023-12-08 09:31:06 --> Error saving/updating user profile: Undefined array key "customer_id"
ERROR - 2023-12-08 09:31:06 --> Error saving/updating user profile: Undefined array key "customer_id"
ERROR - 2023-12-08 09:31:06 --> Error saving/updating user profile: Undefined array key "customer_id"
ERROR - 2023-12-08 09:31:10 --> Error saving/updating user profile: Undefined array key "customer_id"
ERROR - 2023-12-08 09:31:10 --> Error saving/updating user profile: Undefined array key "customer_id"
ERROR - 2023-12-08 09:31:10 --> Error saving/updating user profile: Undefined array key "customer_id"
ERROR - 2023-12-08 09:31:10 --> Error saving/updating user profile: Undefined array key "customer_id"
ERROR - 2023-12-08 09:31:11 --> Error saving/updating user profile: Undefined array key "customer_id"
ERROR - 2023-12-08 09:31:11 --> Error saving/updating user profile: Undefined array key "customer_id"
ERROR - 2023-12-08 09:31:11 --> Error saving/updating user profile: Undefined array key "customer_id"
ERROR - 2023-12-08 09:31:11 --> Error saving/updating user profile: Undefined array key "customer_id"
ERROR - 2023-12-08 09:31:11 --> Error saving/updating user profile: Undefined array key "customer_id"
ERROR - 2023-12-08 09:31:12 --> Error saving/updating user profile: Undefined array key "customer_id"
ERROR - 2023-12-08 09:31:12 --> Error saving/updating user profile: Undefined array key "customer_id"
ERROR - 2023-12-08 09:31:12 --> Error saving/updating user profile: Undefined array key "customer_id"
ERROR - 2023-12-08 09:31:12 --> Error saving/updating user profile: Undefined array key "customer_id"
ERROR - 2023-12-08 09:31:12 --> Error saving/updating user profile: Undefined array key "customer_id"
ERROR - 2023-12-08 09:31:13 --> Error saving/updating user profile: Undefined array key "customer_id"
ERROR - 2023-12-08 09:31:13 --> Error saving/updating user profile: Undefined array key "customer_id"
ERROR - 2023-12-08 09:31:13 --> Error saving/updating user profile: Undefined array key "customer_id"
ERROR - 2023-12-08 09:31:32 --> Error saving/updating user profile: Undefined array key "customer_id"
ERROR - 2023-12-08 09:31:37 --> Error saving/updating user profile: Undefined array key "customer_id"
ERROR - 2023-12-08 09:31:42 --> Error saving/updating user profile: Undefined array key "customer_id"
CRITICAL - 2023-12-08 09:33:39 --> Undefined property: stdClass::$customer_id
in APPPATH\Controllers\UserController.php on line 92.
 1 APPPATH\Controllers\UserController.php(92): CodeIgniter\Debug\Exceptions->errorHandler(2, 'Undefined property: stdClass::$customer_id', 'C:\\laragon\\www\\UniPET\\app\\Controllers\\UserController.php', 92)
 2 SYSTEMPATH\CodeIgniter.php(919): App\Controllers\UserController->saveUserProfile()
 3 SYSTEMPATH\CodeIgniter.php(494): CodeIgniter\CodeIgniter->runController(Object(App\Controllers\UserController))
 4 SYSTEMPATH\CodeIgniter.php(353): CodeIgniter\CodeIgniter->handleRequest(null, Object(Config\Cache), false)
 5 FCPATH\index.php(88): CodeIgniter\CodeIgniter->run()
ERROR - 2023-12-08 09:35:47 --> Error updating user profile: Undefined property: stdClass::$customer_id
ERROR - 2023-12-08 09:36:07 --> Error updating user profile: Undefined property: stdClass::$customer_id
ERROR - 2023-12-08 09:36:19 --> Error updating user profile: Undefined property: stdClass::$customer_id
ERROR - 2023-12-08 09:37:43 --> Error updating user profile: Undefined property: stdClass::$customer_id
ERROR - 2023-12-08 09:40:23 --> Error updating user profile: Undefined property: stdClass::$customer_id
CRITICAL - 2023-12-08 09:46:38 --> Too few arguments to function App\Controllers\UserController::saveUserProfile(), 0 passed in C:\laragon\www\UniPET\system\CodeIgniter.php on line 919 and exactly 1 expected
in APPPATH\Controllers\UserController.php on line 84.
 1 SYSTEMPATH\CodeIgniter.php(919): App\Controllers\UserController->saveUserProfile()
 2 SYSTEMPATH\CodeIgniter.php(494): CodeIgniter\CodeIgniter->runController(Object(App\Controllers\UserController))
 3 SYSTEMPATH\CodeIgniter.php(353): CodeIgniter\CodeIgniter->handleRequest(null, Object(Config\Cache), false)
 4 FCPATH\index.php(88): CodeIgniter\CodeIgniter->run()
CRITICAL - 2023-12-08 09:46:50 --> Too few arguments to function App\Controllers\UserController::saveUserProfile(), 0 passed in C:\laragon\www\UniPET\system\CodeIgniter.php on line 919 and exactly 1 expected
in APPPATH\Controllers\UserController.php on line 84.
 1 SYSTEMPATH\CodeIgniter.php(919): App\Controllers\UserController->saveUserProfile()
 2 SYSTEMPATH\CodeIgniter.php(494): CodeIgniter\CodeIgniter->runController(Object(App\Controllers\UserController))
 3 SYSTEMPATH\CodeIgniter.php(353): CodeIgniter\CodeIgniter->handleRequest(null, Object(Config\Cache), false)
 4 FCPATH\index.php(88): CodeIgniter\CodeIgniter->run()
CRITICAL - 2023-12-08 10:51:41 --> Too few arguments to function App\Controllers\AppointmentController::getData1(), 0 passed in C:\laragon\www\UniPET\system\CodeIgniter.php on line 919 and exactly 1 expected
in APPPATH\Controllers\AppointmentController.php on line 160.
 1 SYSTEMPATH\CodeIgniter.php(919): App\Controllers\AppointmentController->getData1()
 2 SYSTEMPATH\CodeIgniter.php(494): CodeIgniter\CodeIgniter->runController(Object(App\Controllers\AppointmentController))
 3 SYSTEMPATH\CodeIgniter.php(353): CodeIgniter\CodeIgniter->handleRequest(null, Object(Config\Cache), false)
 4 FCPATH\index.php(88): CodeIgniter\CodeIgniter->run()
CRITICAL - 2023-12-08 11:11:17 --> Attempt to assign property "quantity" on array
in APPPATH\Controllers\CartController.php on line 33.
 1 SYSTEMPATH\CodeIgniter.php(919): App\Controllers\CartController->addToCart()
 2 SYSTEMPATH\CodeIgniter.php(494): CodeIgniter\CodeIgniter->runController(Object(App\Controllers\CartController))
 3 SYSTEMPATH\CodeIgniter.php(353): CodeIgniter\CodeIgniter->handleRequest(null, Object(Config\Cache), false)
 4 FCPATH\index.php(88): CodeIgniter\CodeIgniter->run()
CRITICAL - 2023-12-08 11:51:39 --> Class "App\Controllers\AuditModel" not found
in APPPATH\Controllers\AuditController.php on line 22.
 1 SYSTEMPATH\CodeIgniter.php(919): App\Controllers\AuditController->audit1()
 2 SYSTEMPATH\CodeIgniter.php(494): CodeIgniter\CodeIgniter->runController(Object(App\Controllers\AuditController))
 3 SYSTEMPATH\CodeIgniter.php(353): CodeIgniter\CodeIgniter->handleRequest(null, Object(Config\Cache), false)
 4 FCPATH\index.php(88): CodeIgniter\CodeIgniter->run()
