CRITICAL - 2023-11-22 00:04:48 --> Object of class stdClass could not be converted to string
in SYSTEMPATH\Database\Query.php on line 333.
 1 SYSTEMPATH\Database\Query.php(333): strtr('INSERT INTO `pet` (`customer_id`, `pet_name`, `breed`, `date_of_birth`, `weight`, `color`, `temperature`, `full_name`, `area`, `city`, `postal_code`, `contact_no`, `email_address`, `appointment_date`, `appointment_time`, `appointment_type`, `grooming_type`, `grooming_shampoo`, `image`) VALUES (:customer_id:, :pet_name:, :breed:, :date_of_birth:, :weight:, :color:, :temperature:, :full_name:, :area:, :city:, :postal_code:, :contact_no:, :email_address:, :appointment_date:, :appointment_time:, :appointment_type:, :grooming_type:, :grooming_shampoo:, :image:)', [...])
 2 SYSTEMPATH\Database\Query.php(308): CodeIgniter\Database\Query->matchNamedBinds('INSERT INTO `pet` (`customer_id`, `pet_name`, `breed`, `date_of_birth`, `weight`, `color`, `temperature`, `full_name`, `area`, `city`, `postal_code`, `contact_no`, `email_address`, `appointment_date`, `appointment_time`, `appointment_type`, `grooming_type`, `grooming_shampoo`, `image`) VALUES (:customer_id:, :pet_name:, :breed:, :date_of_birth:, :weight:, :color:, :temperature:, :full_name:, :area:, :city:, :postal_code:, :contact_no:, :email_address:, :appointment_date:, :appointment_time:, :appointment_type:, :grooming_type:, :grooming_shampoo:, :image:)', [...])
 3 SYSTEMPATH\Database\Query.php(159): CodeIgniter\Database\Query->compileBinds()
 4 SYSTEMPATH\Database\BaseConnection.php(606): CodeIgniter\Database\Query->getQuery()
 5 SYSTEMPATH\Database\BaseBuilder.php(2308): CodeIgniter\Database\BaseConnection->query('INSERT INTO `pet` (`customer_id`, `pet_name`, `breed`, `date_of_birth`, `weight`, `color`, `temperature`, `full_name`, `area`, `city`, `postal_code`, `contact_no`, `email_address`, `appointment_date`, `appointment_time`, `appointment_type`, `grooming_type`, `grooming_shampoo`, `image`) VALUES (:customer_id:, :pet_name:, :breed:, :date_of_birth:, :weight:, :color:, :temperature:, :full_name:, :area:, :city:, :postal_code:, :contact_no:, :email_address:, :appointment_date:, :appointment_time:, :appointment_type:, :grooming_type:, :grooming_shampoo:, :image:)', [...], false)
 6 SYSTEMPATH\Model.php(319): CodeIgniter\Database\BaseBuilder->insert()
 7 SYSTEMPATH\BaseModel.php(788): CodeIgniter\Model->doInsert([...])
 8 SYSTEMPATH\Model.php(715): CodeIgniter\BaseModel->insert([...], false)
 9 SYSTEMPATH\BaseModel.php(698): CodeIgniter\Model->insert([...], false)
10 APPPATH\Controllers\AppointmentController.php(56): CodeIgniter\BaseModel->save([...])
11 SYSTEMPATH\CodeIgniter.php(919): App\Controllers\AppointmentController->save()
12 SYSTEMPATH\CodeIgniter.php(494): CodeIgniter\CodeIgniter->runController(Object(App\Controllers\AppointmentController))
13 SYSTEMPATH\CodeIgniter.php(353): CodeIgniter\CodeIgniter->handleRequest(null, Object(Config\Cache), false)
14 FCPATH\index.php(88): CodeIgniter\CodeIgniter->run()
CRITICAL - 2023-11-22 00:05:03 --> Object of class stdClass could not be converted to string
in SYSTEMPATH\Database\Query.php on line 333.
 1 SYSTEMPATH\Database\Query.php(333): strtr('INSERT INTO `pet` (`customer_id`, `pet_name`, `breed`, `date_of_birth`, `weight`, `color`, `temperature`, `full_name`, `area`, `city`, `postal_code`, `contact_no`, `email_address`, `appointment_date`, `appointment_time`, `appointment_type`, `grooming_type`, `grooming_shampoo`, `image`) VALUES (:customer_id:, :pet_name:, :breed:, :date_of_birth:, :weight:, :color:, :temperature:, :full_name:, :area:, :city:, :postal_code:, :contact_no:, :email_address:, :appointment_date:, :appointment_time:, :appointment_type:, :grooming_type:, :grooming_shampoo:, :image:)', [...])
 2 SYSTEMPATH\Database\Query.php(308): CodeIgniter\Database\Query->matchNamedBinds('INSERT INTO `pet` (`customer_id`, `pet_name`, `breed`, `date_of_birth`, `weight`, `color`, `temperature`, `full_name`, `area`, `city`, `postal_code`, `contact_no`, `email_address`, `appointment_date`, `appointment_time`, `appointment_type`, `grooming_type`, `grooming_shampoo`, `image`) VALUES (:customer_id:, :pet_name:, :breed:, :date_of_birth:, :weight:, :color:, :temperature:, :full_name:, :area:, :city:, :postal_code:, :contact_no:, :email_address:, :appointment_date:, :appointment_time:, :appointment_type:, :grooming_type:, :grooming_shampoo:, :image:)', [...])
 3 SYSTEMPATH\Database\Query.php(159): CodeIgniter\Database\Query->compileBinds()
 4 SYSTEMPATH\Database\BaseConnection.php(606): CodeIgniter\Database\Query->getQuery()
 5 SYSTEMPATH\Database\BaseBuilder.php(2308): CodeIgniter\Database\BaseConnection->query('INSERT INTO `pet` (`customer_id`, `pet_name`, `breed`, `date_of_birth`, `weight`, `color`, `temperature`, `full_name`, `area`, `city`, `postal_code`, `contact_no`, `email_address`, `appointment_date`, `appointment_time`, `appointment_type`, `grooming_type`, `grooming_shampoo`, `image`) VALUES (:customer_id:, :pet_name:, :breed:, :date_of_birth:, :weight:, :color:, :temperature:, :full_name:, :area:, :city:, :postal_code:, :contact_no:, :email_address:, :appointment_date:, :appointment_time:, :appointment_type:, :grooming_type:, :grooming_shampoo:, :image:)', [...], false)
 6 SYSTEMPATH\Model.php(319): CodeIgniter\Database\BaseBuilder->insert()
 7 SYSTEMPATH\BaseModel.php(788): CodeIgniter\Model->doInsert([...])
 8 SYSTEMPATH\Model.php(715): CodeIgniter\BaseModel->insert([...], false)
 9 SYSTEMPATH\BaseModel.php(698): CodeIgniter\Model->insert([...], false)
10 APPPATH\Controllers\AppointmentController.php(56): CodeIgniter\BaseModel->save([...])
11 SYSTEMPATH\CodeIgniter.php(919): App\Controllers\AppointmentController->save()
12 SYSTEMPATH\CodeIgniter.php(494): CodeIgniter\CodeIgniter->runController(Object(App\Controllers\AppointmentController))
13 SYSTEMPATH\CodeIgniter.php(353): CodeIgniter\CodeIgniter->handleRequest(null, Object(Config\Cache), false)
14 FCPATH\index.php(88): CodeIgniter\CodeIgniter->run()
CRITICAL - 2023-11-22 00:05:20 --> Object of class stdClass could not be converted to string
in SYSTEMPATH\Database\Query.php on line 333.
 1 SYSTEMPATH\Database\Query.php(333): strtr('INSERT INTO `pet` (`customer_id`, `pet_name`, `breed`, `date_of_birth`, `weight`, `color`, `temperature`, `full_name`, `area`, `city`, `postal_code`, `contact_no`, `email_address`, `appointment_date`, `appointment_time`, `appointment_type`, `grooming_type`, `grooming_shampoo`, `image`) VALUES (:customer_id:, :pet_name:, :breed:, :date_of_birth:, :weight:, :color:, :temperature:, :full_name:, :area:, :city:, :postal_code:, :contact_no:, :email_address:, :appointment_date:, :appointment_time:, :appointment_type:, :grooming_type:, :grooming_shampoo:, :image:)', [...])
 2 SYSTEMPATH\Database\Query.php(308): CodeIgniter\Database\Query->matchNamedBinds('INSERT INTO `pet` (`customer_id`, `pet_name`, `breed`, `date_of_birth`, `weight`, `color`, `temperature`, `full_name`, `area`, `city`, `postal_code`, `contact_no`, `email_address`, `appointment_date`, `appointment_time`, `appointment_type`, `grooming_type`, `grooming_shampoo`, `image`) VALUES (:customer_id:, :pet_name:, :breed:, :date_of_birth:, :weight:, :color:, :temperature:, :full_name:, :area:, :city:, :postal_code:, :contact_no:, :email_address:, :appointment_date:, :appointment_time:, :appointment_type:, :grooming_type:, :grooming_shampoo:, :image:)', [...])
 3 SYSTEMPATH\Database\Query.php(159): CodeIgniter\Database\Query->compileBinds()
 4 SYSTEMPATH\Database\BaseConnection.php(606): CodeIgniter\Database\Query->getQuery()
 5 SYSTEMPATH\Database\BaseBuilder.php(2308): CodeIgniter\Database\BaseConnection->query('INSERT INTO `pet` (`customer_id`, `pet_name`, `breed`, `date_of_birth`, `weight`, `color`, `temperature`, `full_name`, `area`, `city`, `postal_code`, `contact_no`, `email_address`, `appointment_date`, `appointment_time`, `appointment_type`, `grooming_type`, `grooming_shampoo`, `image`) VALUES (:customer_id:, :pet_name:, :breed:, :date_of_birth:, :weight:, :color:, :temperature:, :full_name:, :area:, :city:, :postal_code:, :contact_no:, :email_address:, :appointment_date:, :appointment_time:, :appointment_type:, :grooming_type:, :grooming_shampoo:, :image:)', [...], false)
 6 SYSTEMPATH\Model.php(319): CodeIgniter\Database\BaseBuilder->insert()
 7 SYSTEMPATH\BaseModel.php(788): CodeIgniter\Model->doInsert([...])
 8 SYSTEMPATH\Model.php(715): CodeIgniter\BaseModel->insert([...], false)
 9 SYSTEMPATH\BaseModel.php(698): CodeIgniter\Model->insert([...], false)
10 APPPATH\Controllers\AppointmentController.php(56): CodeIgniter\BaseModel->save([...])
11 SYSTEMPATH\CodeIgniter.php(919): App\Controllers\AppointmentController->save()
12 SYSTEMPATH\CodeIgniter.php(494): CodeIgniter\CodeIgniter->runController(Object(App\Controllers\AppointmentController))
13 SYSTEMPATH\CodeIgniter.php(353): CodeIgniter\CodeIgniter->handleRequest(null, Object(Config\Cache), false)
14 FCPATH\index.php(88): CodeIgniter\CodeIgniter->run()
CRITICAL - 2023-11-22 08:21:15 --> Undefined property: stdClass::$pet_name
in APPPATH\Controllers\AppointmentController.php on line 35.
 1 APPPATH\Controllers\AppointmentController.php(35): CodeIgniter\Debug\Exceptions->errorHandler(2, 'Undefined property: stdClass::$pet_name', 'C:\\laragon\\www\\UniPET\\app\\Controllers\\AppointmentController.php', 35)
 2 SYSTEMPATH\CodeIgniter.php(919): App\Controllers\AppointmentController->save()
 3 SYSTEMPATH\CodeIgniter.php(494): CodeIgniter\CodeIgniter->runController(Object(App\Controllers\AppointmentController))
 4 SYSTEMPATH\CodeIgniter.php(353): CodeIgniter\CodeIgniter->handleRequest(null, Object(Config\Cache), false)
 5 FCPATH\index.php(88): CodeIgniter\CodeIgniter->run()
CRITICAL - 2023-11-22 08:21:58 --> Undefined property: stdClass::$pet_name
in APPPATH\Controllers\AppointmentController.php on line 35.
 1 APPPATH\Controllers\AppointmentController.php(35): CodeIgniter\Debug\Exceptions->errorHandler(2, 'Undefined property: stdClass::$pet_name', 'C:\\laragon\\www\\UniPET\\app\\Controllers\\AppointmentController.php', 35)
 2 SYSTEMPATH\CodeIgniter.php(919): App\Controllers\AppointmentController->save()
 3 SYSTEMPATH\CodeIgniter.php(494): CodeIgniter\CodeIgniter->runController(Object(App\Controllers\AppointmentController))
 4 SYSTEMPATH\CodeIgniter.php(353): CodeIgniter\CodeIgniter->handleRequest(null, Object(Config\Cache), false)
 5 FCPATH\index.php(88): CodeIgniter\CodeIgniter->run()
CRITICAL - 2023-11-22 08:23:19 --> Undefined property: stdClass::$image
in APPPATH\Controllers\AppointmentController.php on line 52.
 1 APPPATH\Controllers\AppointmentController.php(52): CodeIgniter\Debug\Exceptions->errorHandler(2, 'Undefined property: stdClass::$image', 'C:\\laragon\\www\\UniPET\\app\\Controllers\\AppointmentController.php', 52)
 2 SYSTEMPATH\CodeIgniter.php(919): App\Controllers\AppointmentController->save()
 3 SYSTEMPATH\CodeIgniter.php(494): CodeIgniter\CodeIgniter->runController(Object(App\Controllers\AppointmentController))
 4 SYSTEMPATH\CodeIgniter.php(353): CodeIgniter\CodeIgniter->handleRequest(null, Object(Config\Cache), false)
 5 FCPATH\index.php(88): CodeIgniter\CodeIgniter->run()
CRITICAL - 2023-11-22 09:04:33 --> Object of class stdClass could not be converted to string
in SYSTEMPATH\Database\Query.php on line 333.
 1 SYSTEMPATH\Database\Query.php(333): strtr('INSERT INTO `pet` (`customer_id`, `pet_name`, `breed`, `date_of_birth`, `weight`, `color`, `temperature`, `full_name`, `area`, `city`, `postal_code`, `contact_no`, `email_address`, `appointment_date`, `appointment_time`, `appointment_type`, `grooming_type`, `grooming_shampoo`, `image`) VALUES (:customer_id:, :pet_name:, :breed:, :date_of_birth:, :weight:, :color:, :temperature:, :full_name:, :area:, :city:, :postal_code:, :contact_no:, :email_address:, :appointment_date:, :appointment_time:, :appointment_type:, :grooming_type:, :grooming_shampoo:, :image:)', [...])
 2 SYSTEMPATH\Database\Query.php(308): CodeIgniter\Database\Query->matchNamedBinds('INSERT INTO `pet` (`customer_id`, `pet_name`, `breed`, `date_of_birth`, `weight`, `color`, `temperature`, `full_name`, `area`, `city`, `postal_code`, `contact_no`, `email_address`, `appointment_date`, `appointment_time`, `appointment_type`, `grooming_type`, `grooming_shampoo`, `image`) VALUES (:customer_id:, :pet_name:, :breed:, :date_of_birth:, :weight:, :color:, :temperature:, :full_name:, :area:, :city:, :postal_code:, :contact_no:, :email_address:, :appointment_date:, :appointment_time:, :appointment_type:, :grooming_type:, :grooming_shampoo:, :image:)', [...])
 3 SYSTEMPATH\Database\Query.php(159): CodeIgniter\Database\Query->compileBinds()
 4 SYSTEMPATH\Database\BaseConnection.php(606): CodeIgniter\Database\Query->getQuery()
 5 SYSTEMPATH\Database\BaseBuilder.php(2308): CodeIgniter\Database\BaseConnection->query('INSERT INTO `pet` (`customer_id`, `pet_name`, `breed`, `date_of_birth`, `weight`, `color`, `temperature`, `full_name`, `area`, `city`, `postal_code`, `contact_no`, `email_address`, `appointment_date`, `appointment_time`, `appointment_type`, `grooming_type`, `grooming_shampoo`, `image`) VALUES (:customer_id:, :pet_name:, :breed:, :date_of_birth:, :weight:, :color:, :temperature:, :full_name:, :area:, :city:, :postal_code:, :contact_no:, :email_address:, :appointment_date:, :appointment_time:, :appointment_type:, :grooming_type:, :grooming_shampoo:, :image:)', [...], false)
 6 SYSTEMPATH\Model.php(319): CodeIgniter\Database\BaseBuilder->insert()
 7 SYSTEMPATH\BaseModel.php(788): CodeIgniter\Model->doInsert([...])
 8 SYSTEMPATH\Model.php(715): CodeIgniter\BaseModel->insert([...], false)
 9 SYSTEMPATH\BaseModel.php(698): CodeIgniter\Model->insert([...], false)
10 APPPATH\Controllers\AppointmentController.php(56): CodeIgniter\BaseModel->save([...])
11 SYSTEMPATH\CodeIgniter.php(919): App\Controllers\AppointmentController->save()
12 SYSTEMPATH\CodeIgniter.php(494): CodeIgniter\CodeIgniter->runController(Object(App\Controllers\AppointmentController))
13 SYSTEMPATH\CodeIgniter.php(353): CodeIgniter\CodeIgniter->handleRequest(null, Object(Config\Cache), false)
14 FCPATH\index.php(88): CodeIgniter\CodeIgniter->run()
CRITICAL - 2023-11-22 10:00:58 --> Object of class stdClass could not be converted to string
in SYSTEMPATH\Database\Query.php on line 333.
 1 SYSTEMPATH\Database\Query.php(333): strtr('INSERT INTO `pet` (`customer_id`, `pet_name`, `breed`, `date_of_birth`, `weight`, `color`, `temperature`, `full_name`, `area`, `city`, `postal_code`, `contact_no`, `email_address`, `appointment_date`, `appointment_time`, `appointment_type`, `grooming_type`, `grooming_shampoo`, `image`) VALUES (:customer_id:, :pet_name:, :breed:, :date_of_birth:, :weight:, :color:, :temperature:, :full_name:, :area:, :city:, :postal_code:, :contact_no:, :email_address:, :appointment_date:, :appointment_time:, :appointment_type:, :grooming_type:, :grooming_shampoo:, :image:)', [...])
 2 SYSTEMPATH\Database\Query.php(308): CodeIgniter\Database\Query->matchNamedBinds('INSERT INTO `pet` (`customer_id`, `pet_name`, `breed`, `date_of_birth`, `weight`, `color`, `temperature`, `full_name`, `area`, `city`, `postal_code`, `contact_no`, `email_address`, `appointment_date`, `appointment_time`, `appointment_type`, `grooming_type`, `grooming_shampoo`, `image`) VALUES (:customer_id:, :pet_name:, :breed:, :date_of_birth:, :weight:, :color:, :temperature:, :full_name:, :area:, :city:, :postal_code:, :contact_no:, :email_address:, :appointment_date:, :appointment_time:, :appointment_type:, :grooming_type:, :grooming_shampoo:, :image:)', [...])
 3 SYSTEMPATH\Database\Query.php(159): CodeIgniter\Database\Query->compileBinds()
 4 SYSTEMPATH\Database\BaseConnection.php(606): CodeIgniter\Database\Query->getQuery()
 5 SYSTEMPATH\Database\BaseBuilder.php(2308): CodeIgniter\Database\BaseConnection->query('INSERT INTO `pet` (`customer_id`, `pet_name`, `breed`, `date_of_birth`, `weight`, `color`, `temperature`, `full_name`, `area`, `city`, `postal_code`, `contact_no`, `email_address`, `appointment_date`, `appointment_time`, `appointment_type`, `grooming_type`, `grooming_shampoo`, `image`) VALUES (:customer_id:, :pet_name:, :breed:, :date_of_birth:, :weight:, :color:, :temperature:, :full_name:, :area:, :city:, :postal_code:, :contact_no:, :email_address:, :appointment_date:, :appointment_time:, :appointment_type:, :grooming_type:, :grooming_shampoo:, :image:)', [...], false)
 6 SYSTEMPATH\Model.php(319): CodeIgniter\Database\BaseBuilder->insert()
 7 SYSTEMPATH\BaseModel.php(788): CodeIgniter\Model->doInsert([...])
 8 SYSTEMPATH\Model.php(715): CodeIgniter\BaseModel->insert([...], false)
 9 SYSTEMPATH\BaseModel.php(698): CodeIgniter\Model->insert([...], false)
10 APPPATH\Controllers\AppointmentController.php(56): CodeIgniter\BaseModel->save([...])
11 SYSTEMPATH\CodeIgniter.php(919): App\Controllers\AppointmentController->save()
12 SYSTEMPATH\CodeIgniter.php(494): CodeIgniter\CodeIgniter->runController(Object(App\Controllers\AppointmentController))
13 SYSTEMPATH\CodeIgniter.php(353): CodeIgniter\CodeIgniter->handleRequest(null, Object(Config\Cache), false)
14 FCPATH\index.php(88): CodeIgniter\CodeIgniter->run()
CRITICAL - 2023-11-22 10:01:30 --> Object of class stdClass could not be converted to string
in SYSTEMPATH\Database\Query.php on line 333.
 1 SYSTEMPATH\Database\Query.php(333): strtr('INSERT INTO `pet` (`customer_id`, `pet_name`, `breed`, `date_of_birth`, `weight`, `color`, `temperature`, `full_name`, `area`, `city`, `postal_code`, `contact_no`, `email_address`, `appointment_date`, `appointment_time`, `appointment_type`, `grooming_type`, `grooming_shampoo`, `image`) VALUES (:customer_id:, :pet_name:, :breed:, :date_of_birth:, :weight:, :color:, :temperature:, :full_name:, :area:, :city:, :postal_code:, :contact_no:, :email_address:, :appointment_date:, :appointment_time:, :appointment_type:, :grooming_type:, :grooming_shampoo:, :image:)', [...])
 2 SYSTEMPATH\Database\Query.php(308): CodeIgniter\Database\Query->matchNamedBinds('INSERT INTO `pet` (`customer_id`, `pet_name`, `breed`, `date_of_birth`, `weight`, `color`, `temperature`, `full_name`, `area`, `city`, `postal_code`, `contact_no`, `email_address`, `appointment_date`, `appointment_time`, `appointment_type`, `grooming_type`, `grooming_shampoo`, `image`) VALUES (:customer_id:, :pet_name:, :breed:, :date_of_birth:, :weight:, :color:, :temperature:, :full_name:, :area:, :city:, :postal_code:, :contact_no:, :email_address:, :appointment_date:, :appointment_time:, :appointment_type:, :grooming_type:, :grooming_shampoo:, :image:)', [...])
 3 SYSTEMPATH\Database\Query.php(159): CodeIgniter\Database\Query->compileBinds()
 4 SYSTEMPATH\Database\BaseConnection.php(606): CodeIgniter\Database\Query->getQuery()
 5 SYSTEMPATH\Database\BaseBuilder.php(2308): CodeIgniter\Database\BaseConnection->query('INSERT INTO `pet` (`customer_id`, `pet_name`, `breed`, `date_of_birth`, `weight`, `color`, `temperature`, `full_name`, `area`, `city`, `postal_code`, `contact_no`, `email_address`, `appointment_date`, `appointment_time`, `appointment_type`, `grooming_type`, `grooming_shampoo`, `image`) VALUES (:customer_id:, :pet_name:, :breed:, :date_of_birth:, :weight:, :color:, :temperature:, :full_name:, :area:, :city:, :postal_code:, :contact_no:, :email_address:, :appointment_date:, :appointment_time:, :appointment_type:, :grooming_type:, :grooming_shampoo:, :image:)', [...], false)
 6 SYSTEMPATH\Model.php(319): CodeIgniter\Database\BaseBuilder->insert()
 7 SYSTEMPATH\BaseModel.php(788): CodeIgniter\Model->doInsert([...])
 8 SYSTEMPATH\Model.php(715): CodeIgniter\BaseModel->insert([...], false)
 9 SYSTEMPATH\BaseModel.php(698): CodeIgniter\Model->insert([...], false)
10 APPPATH\Controllers\AppointmentController.php(56): CodeIgniter\BaseModel->save([...])
11 SYSTEMPATH\CodeIgniter.php(919): App\Controllers\AppointmentController->save()
12 SYSTEMPATH\CodeIgniter.php(494): CodeIgniter\CodeIgniter->runController(Object(App\Controllers\AppointmentController))
13 SYSTEMPATH\CodeIgniter.php(353): CodeIgniter\CodeIgniter->handleRequest(null, Object(Config\Cache), false)
14 FCPATH\index.php(88): CodeIgniter\CodeIgniter->run()
CRITICAL - 2023-11-22 10:02:05 --> Object of class stdClass could not be converted to string
in SYSTEMPATH\Database\Query.php on line 333.
 1 SYSTEMPATH\Database\Query.php(333): strtr('INSERT INTO `pet` (`customer_id`, `pet_name`, `breed`, `date_of_birth`, `weight`, `color`, `temperature`, `full_name`, `area`, `city`, `postal_code`, `contact_no`, `email_address`, `appointment_date`, `appointment_time`, `appointment_type`, `grooming_type`, `grooming_shampoo`, `image`) VALUES (:customer_id:, :pet_name:, :breed:, :date_of_birth:, :weight:, :color:, :temperature:, :full_name:, :area:, :city:, :postal_code:, :contact_no:, :email_address:, :appointment_date:, :appointment_time:, :appointment_type:, :grooming_type:, :grooming_shampoo:, :image:)', [...])
 2 SYSTEMPATH\Database\Query.php(308): CodeIgniter\Database\Query->matchNamedBinds('INSERT INTO `pet` (`customer_id`, `pet_name`, `breed`, `date_of_birth`, `weight`, `color`, `temperature`, `full_name`, `area`, `city`, `postal_code`, `contact_no`, `email_address`, `appointment_date`, `appointment_time`, `appointment_type`, `grooming_type`, `grooming_shampoo`, `image`) VALUES (:customer_id:, :pet_name:, :breed:, :date_of_birth:, :weight:, :color:, :temperature:, :full_name:, :area:, :city:, :postal_code:, :contact_no:, :email_address:, :appointment_date:, :appointment_time:, :appointment_type:, :grooming_type:, :grooming_shampoo:, :image:)', [...])
 3 SYSTEMPATH\Database\Query.php(159): CodeIgniter\Database\Query->compileBinds()
 4 SYSTEMPATH\Database\BaseConnection.php(606): CodeIgniter\Database\Query->getQuery()
 5 SYSTEMPATH\Database\BaseBuilder.php(2308): CodeIgniter\Database\BaseConnection->query('INSERT INTO `pet` (`customer_id`, `pet_name`, `breed`, `date_of_birth`, `weight`, `color`, `temperature`, `full_name`, `area`, `city`, `postal_code`, `contact_no`, `email_address`, `appointment_date`, `appointment_time`, `appointment_type`, `grooming_type`, `grooming_shampoo`, `image`) VALUES (:customer_id:, :pet_name:, :breed:, :date_of_birth:, :weight:, :color:, :temperature:, :full_name:, :area:, :city:, :postal_code:, :contact_no:, :email_address:, :appointment_date:, :appointment_time:, :appointment_type:, :grooming_type:, :grooming_shampoo:, :image:)', [...], false)
 6 SYSTEMPATH\Model.php(319): CodeIgniter\Database\BaseBuilder->insert()
 7 SYSTEMPATH\BaseModel.php(788): CodeIgniter\Model->doInsert([...])
 8 SYSTEMPATH\Model.php(715): CodeIgniter\BaseModel->insert([...], false)
 9 SYSTEMPATH\BaseModel.php(698): CodeIgniter\Model->insert([...], false)
10 APPPATH\Controllers\AppointmentController.php(56): CodeIgniter\BaseModel->save([...])
11 SYSTEMPATH\CodeIgniter.php(919): App\Controllers\AppointmentController->save()
12 SYSTEMPATH\CodeIgniter.php(494): CodeIgniter\CodeIgniter->runController(Object(App\Controllers\AppointmentController))
13 SYSTEMPATH\CodeIgniter.php(353): CodeIgniter\CodeIgniter->handleRequest(null, Object(Config\Cache), false)
14 FCPATH\index.php(88): CodeIgniter\CodeIgniter->run()
CRITICAL - 2023-11-22 10:02:51 --> Object of class stdClass could not be converted to string
in SYSTEMPATH\Database\Query.php on line 333.
 1 SYSTEMPATH\Database\Query.php(333): strtr('INSERT INTO `pet` (`customer_id`, `pet_name`, `breed`, `date_of_birth`, `weight`, `color`, `temperature`, `full_name`, `area`, `city`, `postal_code`, `contact_no`, `email_address`, `appointment_date`, `appointment_time`, `appointment_type`, `grooming_type`, `grooming_shampoo`, `image`) VALUES (:customer_id:, :pet_name:, :breed:, :date_of_birth:, :weight:, :color:, :temperature:, :full_name:, :area:, :city:, :postal_code:, :contact_no:, :email_address:, :appointment_date:, :appointment_time:, :appointment_type:, :grooming_type:, :grooming_shampoo:, :image:)', [...])
 2 SYSTEMPATH\Database\Query.php(308): CodeIgniter\Database\Query->matchNamedBinds('INSERT INTO `pet` (`customer_id`, `pet_name`, `breed`, `date_of_birth`, `weight`, `color`, `temperature`, `full_name`, `area`, `city`, `postal_code`, `contact_no`, `email_address`, `appointment_date`, `appointment_time`, `appointment_type`, `grooming_type`, `grooming_shampoo`, `image`) VALUES (:customer_id:, :pet_name:, :breed:, :date_of_birth:, :weight:, :color:, :temperature:, :full_name:, :area:, :city:, :postal_code:, :contact_no:, :email_address:, :appointment_date:, :appointment_time:, :appointment_type:, :grooming_type:, :grooming_shampoo:, :image:)', [...])
 3 SYSTEMPATH\Database\Query.php(159): CodeIgniter\Database\Query->compileBinds()
 4 SYSTEMPATH\Database\BaseConnection.php(606): CodeIgniter\Database\Query->getQuery()
 5 SYSTEMPATH\Database\BaseBuilder.php(2308): CodeIgniter\Database\BaseConnection->query('INSERT INTO `pet` (`customer_id`, `pet_name`, `breed`, `date_of_birth`, `weight`, `color`, `temperature`, `full_name`, `area`, `city`, `postal_code`, `contact_no`, `email_address`, `appointment_date`, `appointment_time`, `appointment_type`, `grooming_type`, `grooming_shampoo`, `image`) VALUES (:customer_id:, :pet_name:, :breed:, :date_of_birth:, :weight:, :color:, :temperature:, :full_name:, :area:, :city:, :postal_code:, :contact_no:, :email_address:, :appointment_date:, :appointment_time:, :appointment_type:, :grooming_type:, :grooming_shampoo:, :image:)', [...], false)
 6 SYSTEMPATH\Model.php(319): CodeIgniter\Database\BaseBuilder->insert()
 7 SYSTEMPATH\BaseModel.php(788): CodeIgniter\Model->doInsert([...])
 8 SYSTEMPATH\Model.php(715): CodeIgniter\BaseModel->insert([...], false)
 9 SYSTEMPATH\BaseModel.php(698): CodeIgniter\Model->insert([...], false)
10 APPPATH\Controllers\AppointmentController.php(56): CodeIgniter\BaseModel->save([...])
11 SYSTEMPATH\CodeIgniter.php(919): App\Controllers\AppointmentController->save()
12 SYSTEMPATH\CodeIgniter.php(494): CodeIgniter\CodeIgniter->runController(Object(App\Controllers\AppointmentController))
13 SYSTEMPATH\CodeIgniter.php(353): CodeIgniter\CodeIgniter->handleRequest(null, Object(Config\Cache), false)
14 FCPATH\index.php(88): CodeIgniter\CodeIgniter->run()
CRITICAL - 2023-11-22 10:02:57 --> Object of class stdClass could not be converted to string
in SYSTEMPATH\Database\Query.php on line 333.
 1 SYSTEMPATH\Database\Query.php(333): strtr('INSERT INTO `pet` (`customer_id`, `pet_name`, `breed`, `date_of_birth`, `weight`, `color`, `temperature`, `full_name`, `area`, `city`, `postal_code`, `contact_no`, `email_address`, `appointment_date`, `appointment_time`, `appointment_type`, `grooming_type`, `grooming_shampoo`, `image`) VALUES (:customer_id:, :pet_name:, :breed:, :date_of_birth:, :weight:, :color:, :temperature:, :full_name:, :area:, :city:, :postal_code:, :contact_no:, :email_address:, :appointment_date:, :appointment_time:, :appointment_type:, :grooming_type:, :grooming_shampoo:, :image:)', [...])
 2 SYSTEMPATH\Database\Query.php(308): CodeIgniter\Database\Query->matchNamedBinds('INSERT INTO `pet` (`customer_id`, `pet_name`, `breed`, `date_of_birth`, `weight`, `color`, `temperature`, `full_name`, `area`, `city`, `postal_code`, `contact_no`, `email_address`, `appointment_date`, `appointment_time`, `appointment_type`, `grooming_type`, `grooming_shampoo`, `image`) VALUES (:customer_id:, :pet_name:, :breed:, :date_of_birth:, :weight:, :color:, :temperature:, :full_name:, :area:, :city:, :postal_code:, :contact_no:, :email_address:, :appointment_date:, :appointment_time:, :appointment_type:, :grooming_type:, :grooming_shampoo:, :image:)', [...])
 3 SYSTEMPATH\Database\Query.php(159): CodeIgniter\Database\Query->compileBinds()
 4 SYSTEMPATH\Database\BaseConnection.php(606): CodeIgniter\Database\Query->getQuery()
 5 SYSTEMPATH\Database\BaseBuilder.php(2308): CodeIgniter\Database\BaseConnection->query('INSERT INTO `pet` (`customer_id`, `pet_name`, `breed`, `date_of_birth`, `weight`, `color`, `temperature`, `full_name`, `area`, `city`, `postal_code`, `contact_no`, `email_address`, `appointment_date`, `appointment_time`, `appointment_type`, `grooming_type`, `grooming_shampoo`, `image`) VALUES (:customer_id:, :pet_name:, :breed:, :date_of_birth:, :weight:, :color:, :temperature:, :full_name:, :area:, :city:, :postal_code:, :contact_no:, :email_address:, :appointment_date:, :appointment_time:, :appointment_type:, :grooming_type:, :grooming_shampoo:, :image:)', [...], false)
 6 SYSTEMPATH\Model.php(319): CodeIgniter\Database\BaseBuilder->insert()
 7 SYSTEMPATH\BaseModel.php(788): CodeIgniter\Model->doInsert([...])
 8 SYSTEMPATH\Model.php(715): CodeIgniter\BaseModel->insert([...], false)
 9 SYSTEMPATH\BaseModel.php(698): CodeIgniter\Model->insert([...], false)
10 APPPATH\Controllers\AppointmentController.php(56): CodeIgniter\BaseModel->save([...])
11 SYSTEMPATH\CodeIgniter.php(919): App\Controllers\AppointmentController->save()
12 SYSTEMPATH\CodeIgniter.php(494): CodeIgniter\CodeIgniter->runController(Object(App\Controllers\AppointmentController))
13 SYSTEMPATH\CodeIgniter.php(353): CodeIgniter\CodeIgniter->handleRequest(null, Object(Config\Cache), false)
14 FCPATH\index.php(88): CodeIgniter\CodeIgniter->run()
CRITICAL - 2023-11-22 10:04:33 --> Object of class stdClass could not be converted to string
in SYSTEMPATH\Database\Query.php on line 333.
 1 SYSTEMPATH\Database\Query.php(333): strtr('INSERT INTO `pet` (`customer_id`, `pet_name`, `breed`, `date_of_birth`, `weight`, `color`, `temperature`, `full_name`, `area`, `city`, `postal_code`, `contact_no`, `email_address`, `appointment_date`, `appointment_time`, `appointment_type`, `grooming_type`, `grooming_shampoo`, `image`) VALUES (:customer_id:, :pet_name:, :breed:, :date_of_birth:, :weight:, :color:, :temperature:, :full_name:, :area:, :city:, :postal_code:, :contact_no:, :email_address:, :appointment_date:, :appointment_time:, :appointment_type:, :grooming_type:, :grooming_shampoo:, :image:)', [...])
 2 SYSTEMPATH\Database\Query.php(308): CodeIgniter\Database\Query->matchNamedBinds('INSERT INTO `pet` (`customer_id`, `pet_name`, `breed`, `date_of_birth`, `weight`, `color`, `temperature`, `full_name`, `area`, `city`, `postal_code`, `contact_no`, `email_address`, `appointment_date`, `appointment_time`, `appointment_type`, `grooming_type`, `grooming_shampoo`, `image`) VALUES (:customer_id:, :pet_name:, :breed:, :date_of_birth:, :weight:, :color:, :temperature:, :full_name:, :area:, :city:, :postal_code:, :contact_no:, :email_address:, :appointment_date:, :appointment_time:, :appointment_type:, :grooming_type:, :grooming_shampoo:, :image:)', [...])
 3 SYSTEMPATH\Database\Query.php(159): CodeIgniter\Database\Query->compileBinds()
 4 SYSTEMPATH\Database\BaseConnection.php(606): CodeIgniter\Database\Query->getQuery()
 5 SYSTEMPATH\Database\BaseBuilder.php(2308): CodeIgniter\Database\BaseConnection->query('INSERT INTO `pet` (`customer_id`, `pet_name`, `breed`, `date_of_birth`, `weight`, `color`, `temperature`, `full_name`, `area`, `city`, `postal_code`, `contact_no`, `email_address`, `appointment_date`, `appointment_time`, `appointment_type`, `grooming_type`, `grooming_shampoo`, `image`) VALUES (:customer_id:, :pet_name:, :breed:, :date_of_birth:, :weight:, :color:, :temperature:, :full_name:, :area:, :city:, :postal_code:, :contact_no:, :email_address:, :appointment_date:, :appointment_time:, :appointment_type:, :grooming_type:, :grooming_shampoo:, :image:)', [...], false)
 6 SYSTEMPATH\Model.php(319): CodeIgniter\Database\BaseBuilder->insert()
 7 SYSTEMPATH\BaseModel.php(788): CodeIgniter\Model->doInsert([...])
 8 SYSTEMPATH\Model.php(715): CodeIgniter\BaseModel->insert([...], false)
 9 SYSTEMPATH\BaseModel.php(698): CodeIgniter\Model->insert([...], false)
10 APPPATH\Controllers\AppointmentController.php(56): CodeIgniter\BaseModel->save([...])
11 SYSTEMPATH\CodeIgniter.php(919): App\Controllers\AppointmentController->save()
12 SYSTEMPATH\CodeIgniter.php(494): CodeIgniter\CodeIgniter->runController(Object(App\Controllers\AppointmentController))
13 SYSTEMPATH\CodeIgniter.php(353): CodeIgniter\CodeIgniter->handleRequest(null, Object(Config\Cache), false)
14 FCPATH\index.php(88): CodeIgniter\CodeIgniter->run()
CRITICAL - 2023-11-22 10:04:53 --> Object of class stdClass could not be converted to string
in SYSTEMPATH\Database\Query.php on line 333.
 1 SYSTEMPATH\Database\Query.php(333): strtr('INSERT INTO `pet` (`customer_id`, `pet_name`, `breed`, `date_of_birth`, `weight`, `color`, `temperature`, `full_name`, `area`, `city`, `postal_code`, `contact_no`, `email_address`, `appointment_date`, `appointment_time`, `appointment_type`, `grooming_type`, `grooming_shampoo`, `image`) VALUES (:customer_id:, :pet_name:, :breed:, :date_of_birth:, :weight:, :color:, :temperature:, :full_name:, :area:, :city:, :postal_code:, :contact_no:, :email_address:, :appointment_date:, :appointment_time:, :appointment_type:, :grooming_type:, :grooming_shampoo:, :image:)', [...])
 2 SYSTEMPATH\Database\Query.php(308): CodeIgniter\Database\Query->matchNamedBinds('INSERT INTO `pet` (`customer_id`, `pet_name`, `breed`, `date_of_birth`, `weight`, `color`, `temperature`, `full_name`, `area`, `city`, `postal_code`, `contact_no`, `email_address`, `appointment_date`, `appointment_time`, `appointment_type`, `grooming_type`, `grooming_shampoo`, `image`) VALUES (:customer_id:, :pet_name:, :breed:, :date_of_birth:, :weight:, :color:, :temperature:, :full_name:, :area:, :city:, :postal_code:, :contact_no:, :email_address:, :appointment_date:, :appointment_time:, :appointment_type:, :grooming_type:, :grooming_shampoo:, :image:)', [...])
 3 SYSTEMPATH\Database\Query.php(159): CodeIgniter\Database\Query->compileBinds()
 4 SYSTEMPATH\Database\BaseConnection.php(606): CodeIgniter\Database\Query->getQuery()
 5 SYSTEMPATH\Database\BaseBuilder.php(2308): CodeIgniter\Database\BaseConnection->query('INSERT INTO `pet` (`customer_id`, `pet_name`, `breed`, `date_of_birth`, `weight`, `color`, `temperature`, `full_name`, `area`, `city`, `postal_code`, `contact_no`, `email_address`, `appointment_date`, `appointment_time`, `appointment_type`, `grooming_type`, `grooming_shampoo`, `image`) VALUES (:customer_id:, :pet_name:, :breed:, :date_of_birth:, :weight:, :color:, :temperature:, :full_name:, :area:, :city:, :postal_code:, :contact_no:, :email_address:, :appointment_date:, :appointment_time:, :appointment_type:, :grooming_type:, :grooming_shampoo:, :image:)', [...], false)
 6 SYSTEMPATH\Model.php(319): CodeIgniter\Database\BaseBuilder->insert()
 7 SYSTEMPATH\BaseModel.php(788): CodeIgniter\Model->doInsert([...])
 8 SYSTEMPATH\Model.php(715): CodeIgniter\BaseModel->insert([...], false)
 9 SYSTEMPATH\BaseModel.php(698): CodeIgniter\Model->insert([...], false)
10 APPPATH\Controllers\AppointmentController.php(56): CodeIgniter\BaseModel->save([...])
11 SYSTEMPATH\CodeIgniter.php(919): App\Controllers\AppointmentController->save()
12 SYSTEMPATH\CodeIgniter.php(494): CodeIgniter\CodeIgniter->runController(Object(App\Controllers\AppointmentController))
13 SYSTEMPATH\CodeIgniter.php(353): CodeIgniter\CodeIgniter->handleRequest(null, Object(Config\Cache), false)
14 FCPATH\index.php(88): CodeIgniter\CodeIgniter->run()
CRITICAL - 2023-11-22 10:07:36 --> Object of class stdClass could not be converted to string
in SYSTEMPATH\Database\Query.php on line 333.
 1 SYSTEMPATH\Database\Query.php(333): strtr('INSERT INTO `pet` (`customer_id`, `pet_name`, `breed`, `date_of_birth`, `weight`, `color`, `temperature`, `full_name`, `area`, `city`, `postal_code`, `contact_no`, `email_address`, `appointment_date`, `appointment_time`, `appointment_type`, `grooming_type`, `grooming_shampoo`, `image`) VALUES (:customer_id:, :pet_name:, :breed:, :date_of_birth:, :weight:, :color:, :temperature:, :full_name:, :area:, :city:, :postal_code:, :contact_no:, :email_address:, :appointment_date:, :appointment_time:, :appointment_type:, :grooming_type:, :grooming_shampoo:, :image:)', [...])
 2 SYSTEMPATH\Database\Query.php(308): CodeIgniter\Database\Query->matchNamedBinds('INSERT INTO `pet` (`customer_id`, `pet_name`, `breed`, `date_of_birth`, `weight`, `color`, `temperature`, `full_name`, `area`, `city`, `postal_code`, `contact_no`, `email_address`, `appointment_date`, `appointment_time`, `appointment_type`, `grooming_type`, `grooming_shampoo`, `image`) VALUES (:customer_id:, :pet_name:, :breed:, :date_of_birth:, :weight:, :color:, :temperature:, :full_name:, :area:, :city:, :postal_code:, :contact_no:, :email_address:, :appointment_date:, :appointment_time:, :appointment_type:, :grooming_type:, :grooming_shampoo:, :image:)', [...])
 3 SYSTEMPATH\Database\Query.php(159): CodeIgniter\Database\Query->compileBinds()
 4 SYSTEMPATH\Database\BaseConnection.php(606): CodeIgniter\Database\Query->getQuery()
 5 SYSTEMPATH\Database\BaseBuilder.php(2308): CodeIgniter\Database\BaseConnection->query('INSERT INTO `pet` (`customer_id`, `pet_name`, `breed`, `date_of_birth`, `weight`, `color`, `temperature`, `full_name`, `area`, `city`, `postal_code`, `contact_no`, `email_address`, `appointment_date`, `appointment_time`, `appointment_type`, `grooming_type`, `grooming_shampoo`, `image`) VALUES (:customer_id:, :pet_name:, :breed:, :date_of_birth:, :weight:, :color:, :temperature:, :full_name:, :area:, :city:, :postal_code:, :contact_no:, :email_address:, :appointment_date:, :appointment_time:, :appointment_type:, :grooming_type:, :grooming_shampoo:, :image:)', [...], false)
 6 SYSTEMPATH\Model.php(319): CodeIgniter\Database\BaseBuilder->insert()
 7 SYSTEMPATH\BaseModel.php(788): CodeIgniter\Model->doInsert([...])
 8 SYSTEMPATH\Model.php(715): CodeIgniter\BaseModel->insert([...], false)
 9 SYSTEMPATH\BaseModel.php(698): CodeIgniter\Model->insert([...], false)
10 APPPATH\Controllers\AppointmentController.php(56): CodeIgniter\BaseModel->save([...])
11 SYSTEMPATH\CodeIgniter.php(919): App\Controllers\AppointmentController->save()
12 SYSTEMPATH\CodeIgniter.php(494): CodeIgniter\CodeIgniter->runController(Object(App\Controllers\AppointmentController))
13 SYSTEMPATH\CodeIgniter.php(353): CodeIgniter\CodeIgniter->handleRequest(null, Object(Config\Cache), false)
14 FCPATH\index.php(88): CodeIgniter\CodeIgniter->run()
CRITICAL - 2023-11-22 10:08:14 --> Object of class stdClass could not be converted to string
in SYSTEMPATH\Database\Query.php on line 333.
 1 SYSTEMPATH\Database\Query.php(333): strtr('INSERT INTO `pet` (`customer_id`, `pet_name`, `breed`, `date_of_birth`, `weight`, `color`, `temperature`, `full_name`, `area`, `city`, `postal_code`, `contact_no`, `email_address`, `appointment_date`, `appointment_time`, `appointment_type`, `grooming_type`, `grooming_shampoo`, `image`) VALUES (:customer_id:, :pet_name:, :breed:, :date_of_birth:, :weight:, :color:, :temperature:, :full_name:, :area:, :city:, :postal_code:, :contact_no:, :email_address:, :appointment_date:, :appointment_time:, :appointment_type:, :grooming_type:, :grooming_shampoo:, :image:)', [...])
 2 SYSTEMPATH\Database\Query.php(308): CodeIgniter\Database\Query->matchNamedBinds('INSERT INTO `pet` (`customer_id`, `pet_name`, `breed`, `date_of_birth`, `weight`, `color`, `temperature`, `full_name`, `area`, `city`, `postal_code`, `contact_no`, `email_address`, `appointment_date`, `appointment_time`, `appointment_type`, `grooming_type`, `grooming_shampoo`, `image`) VALUES (:customer_id:, :pet_name:, :breed:, :date_of_birth:, :weight:, :color:, :temperature:, :full_name:, :area:, :city:, :postal_code:, :contact_no:, :email_address:, :appointment_date:, :appointment_time:, :appointment_type:, :grooming_type:, :grooming_shampoo:, :image:)', [...])
 3 SYSTEMPATH\Database\Query.php(159): CodeIgniter\Database\Query->compileBinds()
 4 SYSTEMPATH\Database\BaseConnection.php(606): CodeIgniter\Database\Query->getQuery()
 5 SYSTEMPATH\Database\BaseBuilder.php(2308): CodeIgniter\Database\BaseConnection->query('INSERT INTO `pet` (`customer_id`, `pet_name`, `breed`, `date_of_birth`, `weight`, `color`, `temperature`, `full_name`, `area`, `city`, `postal_code`, `contact_no`, `email_address`, `appointment_date`, `appointment_time`, `appointment_type`, `grooming_type`, `grooming_shampoo`, `image`) VALUES (:customer_id:, :pet_name:, :breed:, :date_of_birth:, :weight:, :color:, :temperature:, :full_name:, :area:, :city:, :postal_code:, :contact_no:, :email_address:, :appointment_date:, :appointment_time:, :appointment_type:, :grooming_type:, :grooming_shampoo:, :image:)', [...], false)
 6 SYSTEMPATH\Model.php(319): CodeIgniter\Database\BaseBuilder->insert()
 7 SYSTEMPATH\BaseModel.php(788): CodeIgniter\Model->doInsert([...])
 8 SYSTEMPATH\Model.php(715): CodeIgniter\BaseModel->insert([...], false)
 9 SYSTEMPATH\BaseModel.php(698): CodeIgniter\Model->insert([...], false)
10 APPPATH\Controllers\AppointmentController.php(56): CodeIgniter\BaseModel->save([...])
11 SYSTEMPATH\CodeIgniter.php(919): App\Controllers\AppointmentController->save()
12 SYSTEMPATH\CodeIgniter.php(494): CodeIgniter\CodeIgniter->runController(Object(App\Controllers\AppointmentController))
13 SYSTEMPATH\CodeIgniter.php(353): CodeIgniter\CodeIgniter->handleRequest(null, Object(Config\Cache), false)
14 FCPATH\index.php(88): CodeIgniter\CodeIgniter->run()
CRITICAL - 2023-11-22 10:08:19 --> Object of class stdClass could not be converted to string
in SYSTEMPATH\Database\Query.php on line 333.
 1 SYSTEMPATH\Database\Query.php(333): strtr('INSERT INTO `pet` (`customer_id`, `pet_name`, `breed`, `date_of_birth`, `weight`, `color`, `temperature`, `full_name`, `area`, `city`, `postal_code`, `contact_no`, `email_address`, `appointment_date`, `appointment_time`, `appointment_type`, `grooming_type`, `grooming_shampoo`, `image`) VALUES (:customer_id:, :pet_name:, :breed:, :date_of_birth:, :weight:, :color:, :temperature:, :full_name:, :area:, :city:, :postal_code:, :contact_no:, :email_address:, :appointment_date:, :appointment_time:, :appointment_type:, :grooming_type:, :grooming_shampoo:, :image:)', [...])
 2 SYSTEMPATH\Database\Query.php(308): CodeIgniter\Database\Query->matchNamedBinds('INSERT INTO `pet` (`customer_id`, `pet_name`, `breed`, `date_of_birth`, `weight`, `color`, `temperature`, `full_name`, `area`, `city`, `postal_code`, `contact_no`, `email_address`, `appointment_date`, `appointment_time`, `appointment_type`, `grooming_type`, `grooming_shampoo`, `image`) VALUES (:customer_id:, :pet_name:, :breed:, :date_of_birth:, :weight:, :color:, :temperature:, :full_name:, :area:, :city:, :postal_code:, :contact_no:, :email_address:, :appointment_date:, :appointment_time:, :appointment_type:, :grooming_type:, :grooming_shampoo:, :image:)', [...])
 3 SYSTEMPATH\Database\Query.php(159): CodeIgniter\Database\Query->compileBinds()
 4 SYSTEMPATH\Database\BaseConnection.php(606): CodeIgniter\Database\Query->getQuery()
 5 SYSTEMPATH\Database\BaseBuilder.php(2308): CodeIgniter\Database\BaseConnection->query('INSERT INTO `pet` (`customer_id`, `pet_name`, `breed`, `date_of_birth`, `weight`, `color`, `temperature`, `full_name`, `area`, `city`, `postal_code`, `contact_no`, `email_address`, `appointment_date`, `appointment_time`, `appointment_type`, `grooming_type`, `grooming_shampoo`, `image`) VALUES (:customer_id:, :pet_name:, :breed:, :date_of_birth:, :weight:, :color:, :temperature:, :full_name:, :area:, :city:, :postal_code:, :contact_no:, :email_address:, :appointment_date:, :appointment_time:, :appointment_type:, :grooming_type:, :grooming_shampoo:, :image:)', [...], false)
 6 SYSTEMPATH\Model.php(319): CodeIgniter\Database\BaseBuilder->insert()
 7 SYSTEMPATH\BaseModel.php(788): CodeIgniter\Model->doInsert([...])
 8 SYSTEMPATH\Model.php(715): CodeIgniter\BaseModel->insert([...], false)
 9 SYSTEMPATH\BaseModel.php(698): CodeIgniter\Model->insert([...], false)
10 APPPATH\Controllers\AppointmentController.php(56): CodeIgniter\BaseModel->save([...])
11 SYSTEMPATH\CodeIgniter.php(919): App\Controllers\AppointmentController->save()
12 SYSTEMPATH\CodeIgniter.php(494): CodeIgniter\CodeIgniter->runController(Object(App\Controllers\AppointmentController))
13 SYSTEMPATH\CodeIgniter.php(353): CodeIgniter\CodeIgniter->handleRequest(null, Object(Config\Cache), false)
14 FCPATH\index.php(88): CodeIgniter\CodeIgniter->run()
CRITICAL - 2023-11-22 10:08:58 --> Object of class stdClass could not be converted to string
in SYSTEMPATH\Database\Query.php on line 333.
 1 SYSTEMPATH\Database\Query.php(333): strtr('INSERT INTO `pet` (`customer_id`, `pet_name`, `breed`, `date_of_birth`, `weight`, `color`, `temperature`, `full_name`, `area`, `city`, `postal_code`, `contact_no`, `email_address`, `appointment_date`, `appointment_time`, `appointment_type`, `grooming_type`, `grooming_shampoo`, `image`) VALUES (:customer_id:, :pet_name:, :breed:, :date_of_birth:, :weight:, :color:, :temperature:, :full_name:, :area:, :city:, :postal_code:, :contact_no:, :email_address:, :appointment_date:, :appointment_time:, :appointment_type:, :grooming_type:, :grooming_shampoo:, :image:)', [...])
 2 SYSTEMPATH\Database\Query.php(308): CodeIgniter\Database\Query->matchNamedBinds('INSERT INTO `pet` (`customer_id`, `pet_name`, `breed`, `date_of_birth`, `weight`, `color`, `temperature`, `full_name`, `area`, `city`, `postal_code`, `contact_no`, `email_address`, `appointment_date`, `appointment_time`, `appointment_type`, `grooming_type`, `grooming_shampoo`, `image`) VALUES (:customer_id:, :pet_name:, :breed:, :date_of_birth:, :weight:, :color:, :temperature:, :full_name:, :area:, :city:, :postal_code:, :contact_no:, :email_address:, :appointment_date:, :appointment_time:, :appointment_type:, :grooming_type:, :grooming_shampoo:, :image:)', [...])
 3 SYSTEMPATH\Database\Query.php(159): CodeIgniter\Database\Query->compileBinds()
 4 SYSTEMPATH\Database\BaseConnection.php(606): CodeIgniter\Database\Query->getQuery()
 5 SYSTEMPATH\Database\BaseBuilder.php(2308): CodeIgniter\Database\BaseConnection->query('INSERT INTO `pet` (`customer_id`, `pet_name`, `breed`, `date_of_birth`, `weight`, `color`, `temperature`, `full_name`, `area`, `city`, `postal_code`, `contact_no`, `email_address`, `appointment_date`, `appointment_time`, `appointment_type`, `grooming_type`, `grooming_shampoo`, `image`) VALUES (:customer_id:, :pet_name:, :breed:, :date_of_birth:, :weight:, :color:, :temperature:, :full_name:, :area:, :city:, :postal_code:, :contact_no:, :email_address:, :appointment_date:, :appointment_time:, :appointment_type:, :grooming_type:, :grooming_shampoo:, :image:)', [...], false)
 6 SYSTEMPATH\Model.php(319): CodeIgniter\Database\BaseBuilder->insert()
 7 SYSTEMPATH\BaseModel.php(788): CodeIgniter\Model->doInsert([...])
 8 SYSTEMPATH\Model.php(715): CodeIgniter\BaseModel->insert([...], false)
 9 SYSTEMPATH\BaseModel.php(698): CodeIgniter\Model->insert([...], false)
10 APPPATH\Controllers\AppointmentController.php(56): CodeIgniter\BaseModel->save([...])
11 SYSTEMPATH\CodeIgniter.php(919): App\Controllers\AppointmentController->save()
12 SYSTEMPATH\CodeIgniter.php(494): CodeIgniter\CodeIgniter->runController(Object(App\Controllers\AppointmentController))
13 SYSTEMPATH\CodeIgniter.php(353): CodeIgniter\CodeIgniter->handleRequest(null, Object(Config\Cache), false)
14 FCPATH\index.php(88): CodeIgniter\CodeIgniter->run()
CRITICAL - 2023-11-22 10:09:24 --> Object of class stdClass could not be converted to string
in SYSTEMPATH\Database\Query.php on line 333.
 1 SYSTEMPATH\Database\Query.php(333): strtr('INSERT INTO `pet` (`customer_id`, `pet_name`, `breed`, `date_of_birth`, `weight`, `color`, `temperature`, `full_name`, `area`, `city`, `postal_code`, `contact_no`, `email_address`, `appointment_date`, `appointment_time`, `appointment_type`, `grooming_type`, `grooming_shampoo`, `image`) VALUES (:customer_id:, :pet_name:, :breed:, :date_of_birth:, :weight:, :color:, :temperature:, :full_name:, :area:, :city:, :postal_code:, :contact_no:, :email_address:, :appointment_date:, :appointment_time:, :appointment_type:, :grooming_type:, :grooming_shampoo:, :image:)', [...])
 2 SYSTEMPATH\Database\Query.php(308): CodeIgniter\Database\Query->matchNamedBinds('INSERT INTO `pet` (`customer_id`, `pet_name`, `breed`, `date_of_birth`, `weight`, `color`, `temperature`, `full_name`, `area`, `city`, `postal_code`, `contact_no`, `email_address`, `appointment_date`, `appointment_time`, `appointment_type`, `grooming_type`, `grooming_shampoo`, `image`) VALUES (:customer_id:, :pet_name:, :breed:, :date_of_birth:, :weight:, :color:, :temperature:, :full_name:, :area:, :city:, :postal_code:, :contact_no:, :email_address:, :appointment_date:, :appointment_time:, :appointment_type:, :grooming_type:, :grooming_shampoo:, :image:)', [...])
 3 SYSTEMPATH\Database\Query.php(159): CodeIgniter\Database\Query->compileBinds()
 4 SYSTEMPATH\Database\BaseConnection.php(606): CodeIgniter\Database\Query->getQuery()
 5 SYSTEMPATH\Database\BaseBuilder.php(2308): CodeIgniter\Database\BaseConnection->query('INSERT INTO `pet` (`customer_id`, `pet_name`, `breed`, `date_of_birth`, `weight`, `color`, `temperature`, `full_name`, `area`, `city`, `postal_code`, `contact_no`, `email_address`, `appointment_date`, `appointment_time`, `appointment_type`, `grooming_type`, `grooming_shampoo`, `image`) VALUES (:customer_id:, :pet_name:, :breed:, :date_of_birth:, :weight:, :color:, :temperature:, :full_name:, :area:, :city:, :postal_code:, :contact_no:, :email_address:, :appointment_date:, :appointment_time:, :appointment_type:, :grooming_type:, :grooming_shampoo:, :image:)', [...], false)
 6 SYSTEMPATH\Model.php(319): CodeIgniter\Database\BaseBuilder->insert()
 7 SYSTEMPATH\BaseModel.php(788): CodeIgniter\Model->doInsert([...])
 8 SYSTEMPATH\Model.php(715): CodeIgniter\BaseModel->insert([...], false)
 9 SYSTEMPATH\BaseModel.php(698): CodeIgniter\Model->insert([...], false)
10 APPPATH\Controllers\AppointmentController.php(56): CodeIgniter\BaseModel->save([...])
11 SYSTEMPATH\CodeIgniter.php(919): App\Controllers\AppointmentController->save()
12 SYSTEMPATH\CodeIgniter.php(494): CodeIgniter\CodeIgniter->runController(Object(App\Controllers\AppointmentController))
13 SYSTEMPATH\CodeIgniter.php(353): CodeIgniter\CodeIgniter->handleRequest(null, Object(Config\Cache), false)
14 FCPATH\index.php(88): CodeIgniter\CodeIgniter->run()
CRITICAL - 2023-11-22 10:09:34 --> Object of class stdClass could not be converted to string
in SYSTEMPATH\Database\Query.php on line 333.
 1 SYSTEMPATH\Database\Query.php(333): strtr('INSERT INTO `pet` (`customer_id`, `pet_name`, `breed`, `date_of_birth`, `weight`, `color`, `temperature`, `full_name`, `area`, `city`, `postal_code`, `contact_no`, `email_address`, `appointment_date`, `appointment_time`, `appointment_type`, `grooming_type`, `grooming_shampoo`, `image`) VALUES (:customer_id:, :pet_name:, :breed:, :date_of_birth:, :weight:, :color:, :temperature:, :full_name:, :area:, :city:, :postal_code:, :contact_no:, :email_address:, :appointment_date:, :appointment_time:, :appointment_type:, :grooming_type:, :grooming_shampoo:, :image:)', [...])
 2 SYSTEMPATH\Database\Query.php(308): CodeIgniter\Database\Query->matchNamedBinds('INSERT INTO `pet` (`customer_id`, `pet_name`, `breed`, `date_of_birth`, `weight`, `color`, `temperature`, `full_name`, `area`, `city`, `postal_code`, `contact_no`, `email_address`, `appointment_date`, `appointment_time`, `appointment_type`, `grooming_type`, `grooming_shampoo`, `image`) VALUES (:customer_id:, :pet_name:, :breed:, :date_of_birth:, :weight:, :color:, :temperature:, :full_name:, :area:, :city:, :postal_code:, :contact_no:, :email_address:, :appointment_date:, :appointment_time:, :appointment_type:, :grooming_type:, :grooming_shampoo:, :image:)', [...])
 3 SYSTEMPATH\Database\Query.php(159): CodeIgniter\Database\Query->compileBinds()
 4 SYSTEMPATH\Database\BaseConnection.php(606): CodeIgniter\Database\Query->getQuery()
 5 SYSTEMPATH\Database\BaseBuilder.php(2308): CodeIgniter\Database\BaseConnection->query('INSERT INTO `pet` (`customer_id`, `pet_name`, `breed`, `date_of_birth`, `weight`, `color`, `temperature`, `full_name`, `area`, `city`, `postal_code`, `contact_no`, `email_address`, `appointment_date`, `appointment_time`, `appointment_type`, `grooming_type`, `grooming_shampoo`, `image`) VALUES (:customer_id:, :pet_name:, :breed:, :date_of_birth:, :weight:, :color:, :temperature:, :full_name:, :area:, :city:, :postal_code:, :contact_no:, :email_address:, :appointment_date:, :appointment_time:, :appointment_type:, :grooming_type:, :grooming_shampoo:, :image:)', [...], false)
 6 SYSTEMPATH\Model.php(319): CodeIgniter\Database\BaseBuilder->insert()
 7 SYSTEMPATH\BaseModel.php(788): CodeIgniter\Model->doInsert([...])
 8 SYSTEMPATH\Model.php(715): CodeIgniter\BaseModel->insert([...], false)
 9 SYSTEMPATH\BaseModel.php(698): CodeIgniter\Model->insert([...], false)
10 APPPATH\Controllers\AppointmentController.php(56): CodeIgniter\BaseModel->save([...])
11 SYSTEMPATH\CodeIgniter.php(919): App\Controllers\AppointmentController->save()
12 SYSTEMPATH\CodeIgniter.php(494): CodeIgniter\CodeIgniter->runController(Object(App\Controllers\AppointmentController))
13 SYSTEMPATH\CodeIgniter.php(353): CodeIgniter\CodeIgniter->handleRequest(null, Object(Config\Cache), false)
14 FCPATH\index.php(88): CodeIgniter\CodeIgniter->run()
CRITICAL - 2023-11-22 10:10:55 --> Object of class stdClass could not be converted to string
in SYSTEMPATH\Database\Query.php on line 333.
 1 SYSTEMPATH\Database\Query.php(333): strtr('INSERT INTO `pet` (`customer_id`, `pet_name`, `breed`, `date_of_birth`, `weight`, `color`, `temperature`, `full_name`, `area`, `city`, `postal_code`, `contact_no`, `email_address`, `appointment_date`, `appointment_time`, `appointment_type`, `grooming_type`, `grooming_shampoo`, `image`) VALUES (:customer_id:, :pet_name:, :breed:, :date_of_birth:, :weight:, :color:, :temperature:, :full_name:, :area:, :city:, :postal_code:, :contact_no:, :email_address:, :appointment_date:, :appointment_time:, :appointment_type:, :grooming_type:, :grooming_shampoo:, :image:)', [...])
 2 SYSTEMPATH\Database\Query.php(308): CodeIgniter\Database\Query->matchNamedBinds('INSERT INTO `pet` (`customer_id`, `pet_name`, `breed`, `date_of_birth`, `weight`, `color`, `temperature`, `full_name`, `area`, `city`, `postal_code`, `contact_no`, `email_address`, `appointment_date`, `appointment_time`, `appointment_type`, `grooming_type`, `grooming_shampoo`, `image`) VALUES (:customer_id:, :pet_name:, :breed:, :date_of_birth:, :weight:, :color:, :temperature:, :full_name:, :area:, :city:, :postal_code:, :contact_no:, :email_address:, :appointment_date:, :appointment_time:, :appointment_type:, :grooming_type:, :grooming_shampoo:, :image:)', [...])
 3 SYSTEMPATH\Database\Query.php(159): CodeIgniter\Database\Query->compileBinds()
 4 SYSTEMPATH\Database\BaseConnection.php(606): CodeIgniter\Database\Query->getQuery()
 5 SYSTEMPATH\Database\BaseBuilder.php(2308): CodeIgniter\Database\BaseConnection->query('INSERT INTO `pet` (`customer_id`, `pet_name`, `breed`, `date_of_birth`, `weight`, `color`, `temperature`, `full_name`, `area`, `city`, `postal_code`, `contact_no`, `email_address`, `appointment_date`, `appointment_time`, `appointment_type`, `grooming_type`, `grooming_shampoo`, `image`) VALUES (:customer_id:, :pet_name:, :breed:, :date_of_birth:, :weight:, :color:, :temperature:, :full_name:, :area:, :city:, :postal_code:, :contact_no:, :email_address:, :appointment_date:, :appointment_time:, :appointment_type:, :grooming_type:, :grooming_shampoo:, :image:)', [...], false)
 6 SYSTEMPATH\Model.php(319): CodeIgniter\Database\BaseBuilder->insert()
 7 SYSTEMPATH\BaseModel.php(788): CodeIgniter\Model->doInsert([...])
 8 SYSTEMPATH\Model.php(715): CodeIgniter\BaseModel->insert([...], false)
 9 SYSTEMPATH\BaseModel.php(698): CodeIgniter\Model->insert([...], false)
10 APPPATH\Controllers\AppointmentController.php(56): CodeIgniter\BaseModel->save([...])
11 SYSTEMPATH\CodeIgniter.php(919): App\Controllers\AppointmentController->save()
12 SYSTEMPATH\CodeIgniter.php(494): CodeIgniter\CodeIgniter->runController(Object(App\Controllers\AppointmentController))
13 SYSTEMPATH\CodeIgniter.php(353): CodeIgniter\CodeIgniter->handleRequest(null, Object(Config\Cache), false)
14 FCPATH\index.php(88): CodeIgniter\CodeIgniter->run()
CRITICAL - 2023-11-22 10:13:23 --> Object of class stdClass could not be converted to string
in SYSTEMPATH\Database\Query.php on line 333.
 1 SYSTEMPATH\Database\Query.php(333): strtr('INSERT INTO `pet` (`customer_id`, `pet_name`, `breed`, `date_of_birth`, `weight`, `color`, `temperature`, `full_name`, `area`, `city`, `postal_code`, `contact_no`, `email_address`, `appointment_date`, `appointment_time`, `appointment_type`, `grooming_type`, `grooming_shampoo`, `image`) VALUES (:customer_id:, :pet_name:, :breed:, :date_of_birth:, :weight:, :color:, :temperature:, :full_name:, :area:, :city:, :postal_code:, :contact_no:, :email_address:, :appointment_date:, :appointment_time:, :appointment_type:, :grooming_type:, :grooming_shampoo:, :image:)', [...])
 2 SYSTEMPATH\Database\Query.php(308): CodeIgniter\Database\Query->matchNamedBinds('INSERT INTO `pet` (`customer_id`, `pet_name`, `breed`, `date_of_birth`, `weight`, `color`, `temperature`, `full_name`, `area`, `city`, `postal_code`, `contact_no`, `email_address`, `appointment_date`, `appointment_time`, `appointment_type`, `grooming_type`, `grooming_shampoo`, `image`) VALUES (:customer_id:, :pet_name:, :breed:, :date_of_birth:, :weight:, :color:, :temperature:, :full_name:, :area:, :city:, :postal_code:, :contact_no:, :email_address:, :appointment_date:, :appointment_time:, :appointment_type:, :grooming_type:, :grooming_shampoo:, :image:)', [...])
 3 SYSTEMPATH\Database\Query.php(159): CodeIgniter\Database\Query->compileBinds()
 4 SYSTEMPATH\Database\BaseConnection.php(606): CodeIgniter\Database\Query->getQuery()
 5 SYSTEMPATH\Database\BaseBuilder.php(2308): CodeIgniter\Database\BaseConnection->query('INSERT INTO `pet` (`customer_id`, `pet_name`, `breed`, `date_of_birth`, `weight`, `color`, `temperature`, `full_name`, `area`, `city`, `postal_code`, `contact_no`, `email_address`, `appointment_date`, `appointment_time`, `appointment_type`, `grooming_type`, `grooming_shampoo`, `image`) VALUES (:customer_id:, :pet_name:, :breed:, :date_of_birth:, :weight:, :color:, :temperature:, :full_name:, :area:, :city:, :postal_code:, :contact_no:, :email_address:, :appointment_date:, :appointment_time:, :appointment_type:, :grooming_type:, :grooming_shampoo:, :image:)', [...], false)
 6 SYSTEMPATH\Model.php(319): CodeIgniter\Database\BaseBuilder->insert()
 7 SYSTEMPATH\BaseModel.php(788): CodeIgniter\Model->doInsert([...])
 8 SYSTEMPATH\Model.php(715): CodeIgniter\BaseModel->insert([...], false)
 9 SYSTEMPATH\BaseModel.php(698): CodeIgniter\Model->insert([...], false)
10 APPPATH\Controllers\AppointmentController.php(56): CodeIgniter\BaseModel->save([...])
11 SYSTEMPATH\CodeIgniter.php(919): App\Controllers\AppointmentController->save()
12 SYSTEMPATH\CodeIgniter.php(494): CodeIgniter\CodeIgniter->runController(Object(App\Controllers\AppointmentController))
13 SYSTEMPATH\CodeIgniter.php(353): CodeIgniter\CodeIgniter->handleRequest(null, Object(Config\Cache), false)
14 FCPATH\index.php(88): CodeIgniter\CodeIgniter->run()
CRITICAL - 2023-11-22 10:13:59 --> Object of class stdClass could not be converted to string
in SYSTEMPATH\Database\Query.php on line 333.
 1 SYSTEMPATH\Database\Query.php(333): strtr('INSERT INTO `pet` (`customer_id`, `pet_name`, `breed`, `date_of_birth`, `weight`, `color`, `temperature`, `full_name`, `area`, `city`, `postal_code`, `contact_no`, `email_address`, `appointment_date`, `appointment_time`, `appointment_type`, `grooming_type`, `grooming_shampoo`, `image`) VALUES (:customer_id:, :pet_name:, :breed:, :date_of_birth:, :weight:, :color:, :temperature:, :full_name:, :area:, :city:, :postal_code:, :contact_no:, :email_address:, :appointment_date:, :appointment_time:, :appointment_type:, :grooming_type:, :grooming_shampoo:, :image:)', [...])
 2 SYSTEMPATH\Database\Query.php(308): CodeIgniter\Database\Query->matchNamedBinds('INSERT INTO `pet` (`customer_id`, `pet_name`, `breed`, `date_of_birth`, `weight`, `color`, `temperature`, `full_name`, `area`, `city`, `postal_code`, `contact_no`, `email_address`, `appointment_date`, `appointment_time`, `appointment_type`, `grooming_type`, `grooming_shampoo`, `image`) VALUES (:customer_id:, :pet_name:, :breed:, :date_of_birth:, :weight:, :color:, :temperature:, :full_name:, :area:, :city:, :postal_code:, :contact_no:, :email_address:, :appointment_date:, :appointment_time:, :appointment_type:, :grooming_type:, :grooming_shampoo:, :image:)', [...])
 3 SYSTEMPATH\Database\Query.php(159): CodeIgniter\Database\Query->compileBinds()
 4 SYSTEMPATH\Database\BaseConnection.php(606): CodeIgniter\Database\Query->getQuery()
 5 SYSTEMPATH\Database\BaseBuilder.php(2308): CodeIgniter\Database\BaseConnection->query('INSERT INTO `pet` (`customer_id`, `pet_name`, `breed`, `date_of_birth`, `weight`, `color`, `temperature`, `full_name`, `area`, `city`, `postal_code`, `contact_no`, `email_address`, `appointment_date`, `appointment_time`, `appointment_type`, `grooming_type`, `grooming_shampoo`, `image`) VALUES (:customer_id:, :pet_name:, :breed:, :date_of_birth:, :weight:, :color:, :temperature:, :full_name:, :area:, :city:, :postal_code:, :contact_no:, :email_address:, :appointment_date:, :appointment_time:, :appointment_type:, :grooming_type:, :grooming_shampoo:, :image:)', [...], false)
 6 SYSTEMPATH\Model.php(319): CodeIgniter\Database\BaseBuilder->insert()
 7 SYSTEMPATH\BaseModel.php(788): CodeIgniter\Model->doInsert([...])
 8 SYSTEMPATH\Model.php(715): CodeIgniter\BaseModel->insert([...], false)
 9 SYSTEMPATH\BaseModel.php(698): CodeIgniter\Model->insert([...], false)
10 APPPATH\Controllers\AppointmentController.php(56): CodeIgniter\BaseModel->save([...])
11 SYSTEMPATH\CodeIgniter.php(919): App\Controllers\AppointmentController->save()
12 SYSTEMPATH\CodeIgniter.php(494): CodeIgniter\CodeIgniter->runController(Object(App\Controllers\AppointmentController))
13 SYSTEMPATH\CodeIgniter.php(353): CodeIgniter\CodeIgniter->handleRequest(null, Object(Config\Cache), false)
14 FCPATH\index.php(88): CodeIgniter\CodeIgniter->run()
CRITICAL - 2023-11-22 10:14:40 --> Object of class stdClass could not be converted to string
in SYSTEMPATH\Database\Query.php on line 333.
 1 SYSTEMPATH\Database\Query.php(333): strtr('INSERT INTO `pet` (`customer_id`, `pet_name`, `breed`, `date_of_birth`, `weight`, `color`, `temperature`, `full_name`, `area`, `city`, `postal_code`, `contact_no`, `email_address`, `appointment_date`, `appointment_time`, `appointment_type`, `grooming_type`, `grooming_shampoo`, `image`) VALUES (:customer_id:, :pet_name:, :breed:, :date_of_birth:, :weight:, :color:, :temperature:, :full_name:, :area:, :city:, :postal_code:, :contact_no:, :email_address:, :appointment_date:, :appointment_time:, :appointment_type:, :grooming_type:, :grooming_shampoo:, :image:)', [...])
 2 SYSTEMPATH\Database\Query.php(308): CodeIgniter\Database\Query->matchNamedBinds('INSERT INTO `pet` (`customer_id`, `pet_name`, `breed`, `date_of_birth`, `weight`, `color`, `temperature`, `full_name`, `area`, `city`, `postal_code`, `contact_no`, `email_address`, `appointment_date`, `appointment_time`, `appointment_type`, `grooming_type`, `grooming_shampoo`, `image`) VALUES (:customer_id:, :pet_name:, :breed:, :date_of_birth:, :weight:, :color:, :temperature:, :full_name:, :area:, :city:, :postal_code:, :contact_no:, :email_address:, :appointment_date:, :appointment_time:, :appointment_type:, :grooming_type:, :grooming_shampoo:, :image:)', [...])
 3 SYSTEMPATH\Database\Query.php(159): CodeIgniter\Database\Query->compileBinds()
 4 SYSTEMPATH\Database\BaseConnection.php(606): CodeIgniter\Database\Query->getQuery()
 5 SYSTEMPATH\Database\BaseBuilder.php(2308): CodeIgniter\Database\BaseConnection->query('INSERT INTO `pet` (`customer_id`, `pet_name`, `breed`, `date_of_birth`, `weight`, `color`, `temperature`, `full_name`, `area`, `city`, `postal_code`, `contact_no`, `email_address`, `appointment_date`, `appointment_time`, `appointment_type`, `grooming_type`, `grooming_shampoo`, `image`) VALUES (:customer_id:, :pet_name:, :breed:, :date_of_birth:, :weight:, :color:, :temperature:, :full_name:, :area:, :city:, :postal_code:, :contact_no:, :email_address:, :appointment_date:, :appointment_time:, :appointment_type:, :grooming_type:, :grooming_shampoo:, :image:)', [...], false)
 6 SYSTEMPATH\Model.php(319): CodeIgniter\Database\BaseBuilder->insert()
 7 SYSTEMPATH\BaseModel.php(788): CodeIgniter\Model->doInsert([...])
 8 SYSTEMPATH\Model.php(715): CodeIgniter\BaseModel->insert([...], false)
 9 SYSTEMPATH\BaseModel.php(698): CodeIgniter\Model->insert([...], false)
10 APPPATH\Controllers\AppointmentController.php(56): CodeIgniter\BaseModel->save([...])
11 SYSTEMPATH\CodeIgniter.php(919): App\Controllers\AppointmentController->save()
12 SYSTEMPATH\CodeIgniter.php(494): CodeIgniter\CodeIgniter->runController(Object(App\Controllers\AppointmentController))
13 SYSTEMPATH\CodeIgniter.php(353): CodeIgniter\CodeIgniter->handleRequest(null, Object(Config\Cache), false)
14 FCPATH\index.php(88): CodeIgniter\CodeIgniter->run()
CRITICAL - 2023-11-22 10:15:12 --> Object of class stdClass could not be converted to string
in SYSTEMPATH\Database\Query.php on line 333.
 1 SYSTEMPATH\Database\Query.php(333): strtr('INSERT INTO `pet` (`customer_id`, `pet_name`, `breed`, `date_of_birth`, `weight`, `color`, `temperature`, `full_name`, `area`, `city`, `postal_code`, `contact_no`, `email_address`, `appointment_date`, `appointment_time`, `appointment_type`, `grooming_type`, `grooming_shampoo`, `image`) VALUES (:customer_id:, :pet_name:, :breed:, :date_of_birth:, :weight:, :color:, :temperature:, :full_name:, :area:, :city:, :postal_code:, :contact_no:, :email_address:, :appointment_date:, :appointment_time:, :appointment_type:, :grooming_type:, :grooming_shampoo:, :image:)', [...])
 2 SYSTEMPATH\Database\Query.php(308): CodeIgniter\Database\Query->matchNamedBinds('INSERT INTO `pet` (`customer_id`, `pet_name`, `breed`, `date_of_birth`, `weight`, `color`, `temperature`, `full_name`, `area`, `city`, `postal_code`, `contact_no`, `email_address`, `appointment_date`, `appointment_time`, `appointment_type`, `grooming_type`, `grooming_shampoo`, `image`) VALUES (:customer_id:, :pet_name:, :breed:, :date_of_birth:, :weight:, :color:, :temperature:, :full_name:, :area:, :city:, :postal_code:, :contact_no:, :email_address:, :appointment_date:, :appointment_time:, :appointment_type:, :grooming_type:, :grooming_shampoo:, :image:)', [...])
 3 SYSTEMPATH\Database\Query.php(159): CodeIgniter\Database\Query->compileBinds()
 4 SYSTEMPATH\Database\BaseConnection.php(606): CodeIgniter\Database\Query->getQuery()
 5 SYSTEMPATH\Database\BaseBuilder.php(2308): CodeIgniter\Database\BaseConnection->query('INSERT INTO `pet` (`customer_id`, `pet_name`, `breed`, `date_of_birth`, `weight`, `color`, `temperature`, `full_name`, `area`, `city`, `postal_code`, `contact_no`, `email_address`, `appointment_date`, `appointment_time`, `appointment_type`, `grooming_type`, `grooming_shampoo`, `image`) VALUES (:customer_id:, :pet_name:, :breed:, :date_of_birth:, :weight:, :color:, :temperature:, :full_name:, :area:, :city:, :postal_code:, :contact_no:, :email_address:, :appointment_date:, :appointment_time:, :appointment_type:, :grooming_type:, :grooming_shampoo:, :image:)', [...], false)
 6 SYSTEMPATH\Model.php(319): CodeIgniter\Database\BaseBuilder->insert()
 7 SYSTEMPATH\BaseModel.php(788): CodeIgniter\Model->doInsert([...])
 8 SYSTEMPATH\Model.php(715): CodeIgniter\BaseModel->insert([...], false)
 9 SYSTEMPATH\BaseModel.php(698): CodeIgniter\Model->insert([...], false)
10 APPPATH\Controllers\AppointmentController.php(56): CodeIgniter\BaseModel->save([...])
11 SYSTEMPATH\CodeIgniter.php(919): App\Controllers\AppointmentController->save()
12 SYSTEMPATH\CodeIgniter.php(494): CodeIgniter\CodeIgniter->runController(Object(App\Controllers\AppointmentController))
13 SYSTEMPATH\CodeIgniter.php(353): CodeIgniter\CodeIgniter->handleRequest(null, Object(Config\Cache), false)
14 FCPATH\index.php(88): CodeIgniter\CodeIgniter->run()
CRITICAL - 2023-11-22 10:16:25 --> Object of class stdClass could not be converted to string
in SYSTEMPATH\Database\Query.php on line 333.
 1 SYSTEMPATH\Database\Query.php(333): strtr('INSERT INTO `pet` (`customer_id`, `pet_name`, `breed`, `date_of_birth`, `weight`, `color`, `temperature`, `full_name`, `area`, `city`, `postal_code`, `contact_no`, `email_address`, `appointment_date`, `appointment_time`, `appointment_type`, `grooming_type`, `grooming_shampoo`, `image`) VALUES (:customer_id:, :pet_name:, :breed:, :date_of_birth:, :weight:, :color:, :temperature:, :full_name:, :area:, :city:, :postal_code:, :contact_no:, :email_address:, :appointment_date:, :appointment_time:, :appointment_type:, :grooming_type:, :grooming_shampoo:, :image:)', [...])
 2 SYSTEMPATH\Database\Query.php(308): CodeIgniter\Database\Query->matchNamedBinds('INSERT INTO `pet` (`customer_id`, `pet_name`, `breed`, `date_of_birth`, `weight`, `color`, `temperature`, `full_name`, `area`, `city`, `postal_code`, `contact_no`, `email_address`, `appointment_date`, `appointment_time`, `appointment_type`, `grooming_type`, `grooming_shampoo`, `image`) VALUES (:customer_id:, :pet_name:, :breed:, :date_of_birth:, :weight:, :color:, :temperature:, :full_name:, :area:, :city:, :postal_code:, :contact_no:, :email_address:, :appointment_date:, :appointment_time:, :appointment_type:, :grooming_type:, :grooming_shampoo:, :image:)', [...])
 3 SYSTEMPATH\Database\Query.php(159): CodeIgniter\Database\Query->compileBinds()
 4 SYSTEMPATH\Database\BaseConnection.php(606): CodeIgniter\Database\Query->getQuery()
 5 SYSTEMPATH\Database\BaseBuilder.php(2308): CodeIgniter\Database\BaseConnection->query('INSERT INTO `pet` (`customer_id`, `pet_name`, `breed`, `date_of_birth`, `weight`, `color`, `temperature`, `full_name`, `area`, `city`, `postal_code`, `contact_no`, `email_address`, `appointment_date`, `appointment_time`, `appointment_type`, `grooming_type`, `grooming_shampoo`, `image`) VALUES (:customer_id:, :pet_name:, :breed:, :date_of_birth:, :weight:, :color:, :temperature:, :full_name:, :area:, :city:, :postal_code:, :contact_no:, :email_address:, :appointment_date:, :appointment_time:, :appointment_type:, :grooming_type:, :grooming_shampoo:, :image:)', [...], false)
 6 SYSTEMPATH\Model.php(319): CodeIgniter\Database\BaseBuilder->insert()
 7 SYSTEMPATH\BaseModel.php(788): CodeIgniter\Model->doInsert([...])
 8 SYSTEMPATH\Model.php(715): CodeIgniter\BaseModel->insert([...], false)
 9 SYSTEMPATH\BaseModel.php(698): CodeIgniter\Model->insert([...], false)
10 APPPATH\Controllers\AppointmentController.php(56): CodeIgniter\BaseModel->save([...])
11 SYSTEMPATH\CodeIgniter.php(919): App\Controllers\AppointmentController->save()
12 SYSTEMPATH\CodeIgniter.php(494): CodeIgniter\CodeIgniter->runController(Object(App\Controllers\AppointmentController))
13 SYSTEMPATH\CodeIgniter.php(353): CodeIgniter\CodeIgniter->handleRequest(null, Object(Config\Cache), false)
14 FCPATH\index.php(88): CodeIgniter\CodeIgniter->run()
CRITICAL - 2023-11-22 10:25:13 --> Call to a member function isValid() on null
in APPPATH\Controllers\AppointmentController.php on line 30.
 1 SYSTEMPATH\CodeIgniter.php(919): App\Controllers\AppointmentController->save()
 2 SYSTEMPATH\CodeIgniter.php(494): CodeIgniter\CodeIgniter->runController(Object(App\Controllers\AppointmentController))
 3 SYSTEMPATH\CodeIgniter.php(353): CodeIgniter\CodeIgniter->handleRequest(null, Object(Config\Cache), false)
 4 FCPATH\index.php(88): CodeIgniter\CodeIgniter->run()
CRITICAL - 2023-11-22 10:30:41 --> Call to a member function isValid() on null
in APPPATH\Controllers\AppointmentController.php on line 30.
 1 SYSTEMPATH\CodeIgniter.php(919): App\Controllers\AppointmentController->save()
 2 SYSTEMPATH\CodeIgniter.php(494): CodeIgniter\CodeIgniter->runController(Object(App\Controllers\AppointmentController))
 3 SYSTEMPATH\CodeIgniter.php(353): CodeIgniter\CodeIgniter->handleRequest(null, Object(Config\Cache), false)
 4 FCPATH\index.php(88): CodeIgniter\CodeIgniter->run()
CRITICAL - 2023-11-22 10:31:22 --> Call to a member function isValid() on null
in APPPATH\Controllers\AppointmentController.php on line 30.
 1 SYSTEMPATH\CodeIgniter.php(919): App\Controllers\AppointmentController->save()
 2 SYSTEMPATH\CodeIgniter.php(494): CodeIgniter\CodeIgniter->runController(Object(App\Controllers\AppointmentController))
 3 SYSTEMPATH\CodeIgniter.php(353): CodeIgniter\CodeIgniter->handleRequest(null, Object(Config\Cache), false)
 4 FCPATH\index.php(88): CodeIgniter\CodeIgniter->run()
CRITICAL - 2023-11-22 11:23:09 --> Call to a member function isValid() on null
in APPPATH\Controllers\AppointmentController.php on line 30.
 1 SYSTEMPATH\CodeIgniter.php(919): App\Controllers\AppointmentController->save()
 2 SYSTEMPATH\CodeIgniter.php(494): CodeIgniter\CodeIgniter->runController(Object(App\Controllers\AppointmentController))
 3 SYSTEMPATH\CodeIgniter.php(353): CodeIgniter\CodeIgniter->handleRequest(null, Object(Config\Cache), false)
 4 FCPATH\index.php(88): CodeIgniter\CodeIgniter->run()
CRITICAL - 2023-11-22 11:23:35 --> Call to a member function isValid() on null
in APPPATH\Controllers\AppointmentController.php on line 30.
 1 SYSTEMPATH\CodeIgniter.php(919): App\Controllers\AppointmentController->save()
 2 SYSTEMPATH\CodeIgniter.php(494): CodeIgniter\CodeIgniter->runController(Object(App\Controllers\AppointmentController))
 3 SYSTEMPATH\CodeIgniter.php(353): CodeIgniter\CodeIgniter->handleRequest(null, Object(Config\Cache), false)
 4 FCPATH\index.php(88): CodeIgniter\CodeIgniter->run()
CRITICAL - 2023-11-22 11:24:19 --> Call to a member function isValid() on null
in APPPATH\Controllers\AppointmentController.php on line 30.
 1 SYSTEMPATH\CodeIgniter.php(919): App\Controllers\AppointmentController->save()
 2 SYSTEMPATH\CodeIgniter.php(494): CodeIgniter\CodeIgniter->runController(Object(App\Controllers\AppointmentController))
 3 SYSTEMPATH\CodeIgniter.php(353): CodeIgniter\CodeIgniter->handleRequest(null, Object(Config\Cache), false)
 4 FCPATH\index.php(88): CodeIgniter\CodeIgniter->run()
CRITICAL - 2023-11-22 11:24:50 --> Call to a member function isValid() on null
in APPPATH\Controllers\AppointmentController.php on line 30.
 1 SYSTEMPATH\CodeIgniter.php(919): App\Controllers\AppointmentController->save()
 2 SYSTEMPATH\CodeIgniter.php(494): CodeIgniter\CodeIgniter->runController(Object(App\Controllers\AppointmentController))
 3 SYSTEMPATH\CodeIgniter.php(353): CodeIgniter\CodeIgniter->handleRequest(null, Object(Config\Cache), false)
 4 FCPATH\index.php(88): CodeIgniter\CodeIgniter->run()
CRITICAL - 2023-11-22 11:25:35 --> Call to a member function isValid() on null
in APPPATH\Controllers\AppointmentController.php on line 30.
 1 SYSTEMPATH\CodeIgniter.php(919): App\Controllers\AppointmentController->save()
 2 SYSTEMPATH\CodeIgniter.php(494): CodeIgniter\CodeIgniter->runController(Object(App\Controllers\AppointmentController))
 3 SYSTEMPATH\CodeIgniter.php(353): CodeIgniter\CodeIgniter->handleRequest(null, Object(Config\Cache), false)
 4 FCPATH\index.php(88): CodeIgniter\CodeIgniter->run()
CRITICAL - 2023-11-22 11:26:45 --> Call to a member function isValid() on null
in APPPATH\Controllers\AppointmentController.php on line 30.
 1 SYSTEMPATH\CodeIgniter.php(919): App\Controllers\AppointmentController->save()
 2 SYSTEMPATH\CodeIgniter.php(494): CodeIgniter\CodeIgniter->runController(Object(App\Controllers\AppointmentController))
 3 SYSTEMPATH\CodeIgniter.php(353): CodeIgniter\CodeIgniter->handleRequest(null, Object(Config\Cache), false)
 4 FCPATH\index.php(88): CodeIgniter\CodeIgniter->run()
CRITICAL - 2023-11-22 11:27:57 --> Object of class stdClass could not be converted to string
in SYSTEMPATH\Database\Query.php on line 333.
 1 SYSTEMPATH\Database\Query.php(333): strtr('INSERT INTO `pet` (`customer_id`, `pet_name`, `breed`, `date_of_birth`, `weight`, `color`, `temperature`, `full_name`, `area`, `city`, `postal_code`, `contact_no`, `email_address`, `appointment_date`, `appointment_time`, `appointment_type`, `grooming_type`, `grooming_shampoo`, `image`) VALUES (:customer_id:, :pet_name:, :breed:, :date_of_birth:, :weight:, :color:, :temperature:, :full_name:, :area:, :city:, :postal_code:, :contact_no:, :email_address:, :appointment_date:, :appointment_time:, :appointment_type:, :grooming_type:, :grooming_shampoo:, :image:)', [...])
 2 SYSTEMPATH\Database\Query.php(308): CodeIgniter\Database\Query->matchNamedBinds('INSERT INTO `pet` (`customer_id`, `pet_name`, `breed`, `date_of_birth`, `weight`, `color`, `temperature`, `full_name`, `area`, `city`, `postal_code`, `contact_no`, `email_address`, `appointment_date`, `appointment_time`, `appointment_type`, `grooming_type`, `grooming_shampoo`, `image`) VALUES (:customer_id:, :pet_name:, :breed:, :date_of_birth:, :weight:, :color:, :temperature:, :full_name:, :area:, :city:, :postal_code:, :contact_no:, :email_address:, :appointment_date:, :appointment_time:, :appointment_type:, :grooming_type:, :grooming_shampoo:, :image:)', [...])
 3 SYSTEMPATH\Database\Query.php(159): CodeIgniter\Database\Query->compileBinds()
 4 SYSTEMPATH\Database\BaseConnection.php(606): CodeIgniter\Database\Query->getQuery()
 5 SYSTEMPATH\Database\BaseBuilder.php(2308): CodeIgniter\Database\BaseConnection->query('INSERT INTO `pet` (`customer_id`, `pet_name`, `breed`, `date_of_birth`, `weight`, `color`, `temperature`, `full_name`, `area`, `city`, `postal_code`, `contact_no`, `email_address`, `appointment_date`, `appointment_time`, `appointment_type`, `grooming_type`, `grooming_shampoo`, `image`) VALUES (:customer_id:, :pet_name:, :breed:, :date_of_birth:, :weight:, :color:, :temperature:, :full_name:, :area:, :city:, :postal_code:, :contact_no:, :email_address:, :appointment_date:, :appointment_time:, :appointment_type:, :grooming_type:, :grooming_shampoo:, :image:)', [...], false)
 6 SYSTEMPATH\Model.php(319): CodeIgniter\Database\BaseBuilder->insert()
 7 SYSTEMPATH\BaseModel.php(788): CodeIgniter\Model->doInsert([...])
 8 SYSTEMPATH\Model.php(715): CodeIgniter\BaseModel->insert([...], false)
 9 SYSTEMPATH\BaseModel.php(698): CodeIgniter\Model->insert([...], false)
10 APPPATH\Controllers\AppointmentController.php(56): CodeIgniter\BaseModel->save([...])
11 SYSTEMPATH\CodeIgniter.php(919): App\Controllers\AppointmentController->save()
12 SYSTEMPATH\CodeIgniter.php(494): CodeIgniter\CodeIgniter->runController(Object(App\Controllers\AppointmentController))
13 SYSTEMPATH\CodeIgniter.php(353): CodeIgniter\CodeIgniter->handleRequest(null, Object(Config\Cache), false)
14 FCPATH\index.php(88): CodeIgniter\CodeIgniter->run()
CRITICAL - 2023-11-22 11:28:16 --> Object of class stdClass could not be converted to string
in SYSTEMPATH\Database\Query.php on line 333.
 1 SYSTEMPATH\Database\Query.php(333): strtr('INSERT INTO `pet` (`customer_id`, `pet_name`, `breed`, `date_of_birth`, `weight`, `color`, `temperature`, `full_name`, `area`, `city`, `postal_code`, `contact_no`, `email_address`, `appointment_date`, `appointment_time`, `appointment_type`, `grooming_type`, `grooming_shampoo`, `image`) VALUES (:customer_id:, :pet_name:, :breed:, :date_of_birth:, :weight:, :color:, :temperature:, :full_name:, :area:, :city:, :postal_code:, :contact_no:, :email_address:, :appointment_date:, :appointment_time:, :appointment_type:, :grooming_type:, :grooming_shampoo:, :image:)', [...])
 2 SYSTEMPATH\Database\Query.php(308): CodeIgniter\Database\Query->matchNamedBinds('INSERT INTO `pet` (`customer_id`, `pet_name`, `breed`, `date_of_birth`, `weight`, `color`, `temperature`, `full_name`, `area`, `city`, `postal_code`, `contact_no`, `email_address`, `appointment_date`, `appointment_time`, `appointment_type`, `grooming_type`, `grooming_shampoo`, `image`) VALUES (:customer_id:, :pet_name:, :breed:, :date_of_birth:, :weight:, :color:, :temperature:, :full_name:, :area:, :city:, :postal_code:, :contact_no:, :email_address:, :appointment_date:, :appointment_time:, :appointment_type:, :grooming_type:, :grooming_shampoo:, :image:)', [...])
 3 SYSTEMPATH\Database\Query.php(159): CodeIgniter\Database\Query->compileBinds()
 4 SYSTEMPATH\Database\BaseConnection.php(606): CodeIgniter\Database\Query->getQuery()
 5 SYSTEMPATH\Database\BaseBuilder.php(2308): CodeIgniter\Database\BaseConnection->query('INSERT INTO `pet` (`customer_id`, `pet_name`, `breed`, `date_of_birth`, `weight`, `color`, `temperature`, `full_name`, `area`, `city`, `postal_code`, `contact_no`, `email_address`, `appointment_date`, `appointment_time`, `appointment_type`, `grooming_type`, `grooming_shampoo`, `image`) VALUES (:customer_id:, :pet_name:, :breed:, :date_of_birth:, :weight:, :color:, :temperature:, :full_name:, :area:, :city:, :postal_code:, :contact_no:, :email_address:, :appointment_date:, :appointment_time:, :appointment_type:, :grooming_type:, :grooming_shampoo:, :image:)', [...], false)
 6 SYSTEMPATH\Model.php(319): CodeIgniter\Database\BaseBuilder->insert()
 7 SYSTEMPATH\BaseModel.php(788): CodeIgniter\Model->doInsert([...])
 8 SYSTEMPATH\Model.php(715): CodeIgniter\BaseModel->insert([...], false)
 9 SYSTEMPATH\BaseModel.php(698): CodeIgniter\Model->insert([...], false)
10 APPPATH\Controllers\AppointmentController.php(56): CodeIgniter\BaseModel->save([...])
11 SYSTEMPATH\CodeIgniter.php(919): App\Controllers\AppointmentController->save()
12 SYSTEMPATH\CodeIgniter.php(494): CodeIgniter\CodeIgniter->runController(Object(App\Controllers\AppointmentController))
13 SYSTEMPATH\CodeIgniter.php(353): CodeIgniter\CodeIgniter->handleRequest(null, Object(Config\Cache), false)
14 FCPATH\index.php(88): CodeIgniter\CodeIgniter->run()
CRITICAL - 2023-11-22 11:56:53 --> Object of class stdClass could not be converted to string
in SYSTEMPATH\Database\Query.php on line 333.
 1 SYSTEMPATH\Database\Query.php(333): strtr('INSERT INTO `pet` (`customer_id`, `pet_name`, `breed`, `date_of_birth`, `weight`, `color`, `temperature`, `full_name`, `area`, `city`, `postal_code`, `contact_no`, `email_address`, `appointment_date`, `appointment_time`, `appointment_type`, `grooming_type`, `grooming_shampoo`, `image`) VALUES (:customer_id:, :pet_name:, :breed:, :date_of_birth:, :weight:, :color:, :temperature:, :full_name:, :area:, :city:, :postal_code:, :contact_no:, :email_address:, :appointment_date:, :appointment_time:, :appointment_type:, :grooming_type:, :grooming_shampoo:, :image:)', [...])
 2 SYSTEMPATH\Database\Query.php(308): CodeIgniter\Database\Query->matchNamedBinds('INSERT INTO `pet` (`customer_id`, `pet_name`, `breed`, `date_of_birth`, `weight`, `color`, `temperature`, `full_name`, `area`, `city`, `postal_code`, `contact_no`, `email_address`, `appointment_date`, `appointment_time`, `appointment_type`, `grooming_type`, `grooming_shampoo`, `image`) VALUES (:customer_id:, :pet_name:, :breed:, :date_of_birth:, :weight:, :color:, :temperature:, :full_name:, :area:, :city:, :postal_code:, :contact_no:, :email_address:, :appointment_date:, :appointment_time:, :appointment_type:, :grooming_type:, :grooming_shampoo:, :image:)', [...])
 3 SYSTEMPATH\Database\Query.php(159): CodeIgniter\Database\Query->compileBinds()
 4 SYSTEMPATH\Database\BaseConnection.php(606): CodeIgniter\Database\Query->getQuery()
 5 SYSTEMPATH\Database\BaseBuilder.php(2308): CodeIgniter\Database\BaseConnection->query('INSERT INTO `pet` (`customer_id`, `pet_name`, `breed`, `date_of_birth`, `weight`, `color`, `temperature`, `full_name`, `area`, `city`, `postal_code`, `contact_no`, `email_address`, `appointment_date`, `appointment_time`, `appointment_type`, `grooming_type`, `grooming_shampoo`, `image`) VALUES (:customer_id:, :pet_name:, :breed:, :date_of_birth:, :weight:, :color:, :temperature:, :full_name:, :area:, :city:, :postal_code:, :contact_no:, :email_address:, :appointment_date:, :appointment_time:, :appointment_type:, :grooming_type:, :grooming_shampoo:, :image:)', [...], false)
 6 SYSTEMPATH\Model.php(319): CodeIgniter\Database\BaseBuilder->insert()
 7 SYSTEMPATH\BaseModel.php(788): CodeIgniter\Model->doInsert([...])
 8 SYSTEMPATH\Model.php(715): CodeIgniter\BaseModel->insert([...], false)
 9 SYSTEMPATH\BaseModel.php(698): CodeIgniter\Model->insert([...], false)
10 APPPATH\Controllers\AppointmentController.php(56): CodeIgniter\BaseModel->save([...])
11 SYSTEMPATH\CodeIgniter.php(919): App\Controllers\AppointmentController->save()
12 SYSTEMPATH\CodeIgniter.php(494): CodeIgniter\CodeIgniter->runController(Object(App\Controllers\AppointmentController))
13 SYSTEMPATH\CodeIgniter.php(353): CodeIgniter\CodeIgniter->handleRequest(null, Object(Config\Cache), false)
14 FCPATH\index.php(88): CodeIgniter\CodeIgniter->run()
CRITICAL - 2023-11-22 14:12:31 --> Undefined property: stdClass::$pet_name
in APPPATH\Controllers\AppointmentController.php on line 66.
 1 APPPATH\Controllers\AppointmentController.php(66): CodeIgniter\Debug\Exceptions->errorHandler(2, 'Undefined property: stdClass::$pet_name', 'C:\\laragon\\www\\UniPET\\app\\Controllers\\AppointmentController.php', 66)
 2 SYSTEMPATH\CodeIgniter.php(919): App\Controllers\AppointmentController->updateUserData()
 3 SYSTEMPATH\CodeIgniter.php(494): CodeIgniter\CodeIgniter->runController(Object(App\Controllers\AppointmentController))
 4 SYSTEMPATH\CodeIgniter.php(353): CodeIgniter\CodeIgniter->handleRequest(null, Object(Config\Cache), false)
 5 FCPATH\index.php(88): CodeIgniter\CodeIgniter->run()
CRITICAL - 2023-11-22 14:12:38 --> Undefined property: stdClass::$pet_name
in APPPATH\Controllers\AppointmentController.php on line 66.
 1 APPPATH\Controllers\AppointmentController.php(66): CodeIgniter\Debug\Exceptions->errorHandler(2, 'Undefined property: stdClass::$pet_name', 'C:\\laragon\\www\\UniPET\\app\\Controllers\\AppointmentController.php', 66)
 2 SYSTEMPATH\CodeIgniter.php(919): App\Controllers\AppointmentController->updateUserData()
 3 SYSTEMPATH\CodeIgniter.php(494): CodeIgniter\CodeIgniter->runController(Object(App\Controllers\AppointmentController))
 4 SYSTEMPATH\CodeIgniter.php(353): CodeIgniter\CodeIgniter->handleRequest(null, Object(Config\Cache), false)
 5 FCPATH\index.php(88): CodeIgniter\CodeIgniter->run()
CRITICAL - 2023-11-22 14:13:11 --> Undefined property: stdClass::$pet_name
in APPPATH\Controllers\AppointmentController.php on line 66.
 1 APPPATH\Controllers\AppointmentController.php(66): CodeIgniter\Debug\Exceptions->errorHandler(2, 'Undefined property: stdClass::$pet_name', 'C:\\laragon\\www\\UniPET\\app\\Controllers\\AppointmentController.php', 66)
 2 SYSTEMPATH\CodeIgniter.php(919): App\Controllers\AppointmentController->updateUserData()
 3 SYSTEMPATH\CodeIgniter.php(494): CodeIgniter\CodeIgniter->runController(Object(App\Controllers\AppointmentController))
 4 SYSTEMPATH\CodeIgniter.php(353): CodeIgniter\CodeIgniter->handleRequest(null, Object(Config\Cache), false)
 5 FCPATH\index.php(88): CodeIgniter\CodeIgniter->run()
CRITICAL - 2023-11-22 14:13:19 --> Undefined property: stdClass::$pet_name
in APPPATH\Controllers\AppointmentController.php on line 66.
 1 APPPATH\Controllers\AppointmentController.php(66): CodeIgniter\Debug\Exceptions->errorHandler(2, 'Undefined property: stdClass::$pet_name', 'C:\\laragon\\www\\UniPET\\app\\Controllers\\AppointmentController.php', 66)
 2 SYSTEMPATH\CodeIgniter.php(919): App\Controllers\AppointmentController->updateUserData()
 3 SYSTEMPATH\CodeIgniter.php(494): CodeIgniter\CodeIgniter->runController(Object(App\Controllers\AppointmentController))
 4 SYSTEMPATH\CodeIgniter.php(353): CodeIgniter\CodeIgniter->handleRequest(null, Object(Config\Cache), false)
 5 FCPATH\index.php(88): CodeIgniter\CodeIgniter->run()
CRITICAL - 2023-11-22 14:19:10 --> Undefined property: stdClass::$pet_name
in APPPATH\Controllers\AppointmentController.php on line 66.
 1 APPPATH\Controllers\AppointmentController.php(66): CodeIgniter\Debug\Exceptions->errorHandler(2, 'Undefined property: stdClass::$pet_name', 'C:\\laragon\\www\\UniPET\\app\\Controllers\\AppointmentController.php', 66)
 2 SYSTEMPATH\CodeIgniter.php(919): App\Controllers\AppointmentController->updateUserData()
 3 SYSTEMPATH\CodeIgniter.php(494): CodeIgniter\CodeIgniter->runController(Object(App\Controllers\AppointmentController))
 4 SYSTEMPATH\CodeIgniter.php(353): CodeIgniter\CodeIgniter->handleRequest(null, Object(Config\Cache), false)
 5 FCPATH\index.php(88): CodeIgniter\CodeIgniter->run()
CRITICAL - 2023-11-22 14:19:16 --> Undefined property: stdClass::$pet_name
in APPPATH\Controllers\AppointmentController.php on line 66.
 1 APPPATH\Controllers\AppointmentController.php(66): CodeIgniter\Debug\Exceptions->errorHandler(2, 'Undefined property: stdClass::$pet_name', 'C:\\laragon\\www\\UniPET\\app\\Controllers\\AppointmentController.php', 66)
 2 SYSTEMPATH\CodeIgniter.php(919): App\Controllers\AppointmentController->updateUserData()
 3 SYSTEMPATH\CodeIgniter.php(494): CodeIgniter\CodeIgniter->runController(Object(App\Controllers\AppointmentController))
 4 SYSTEMPATH\CodeIgniter.php(353): CodeIgniter\CodeIgniter->handleRequest(null, Object(Config\Cache), false)
 5 FCPATH\index.php(88): CodeIgniter\CodeIgniter->run()
