CRITICAL - 2023-11-21 15:17:15 --> Undefined property: stdClass::$customer_id
in APPPATH\Controllers\AppointmentController.php on line 34.
 1 APPPATH\Controllers\AppointmentController.php(34): CodeIgniter\Debug\Exceptions->errorHandler(2, 'Undefined property: stdClass::$customer_id', 'C:\\laragon\\www\\UniPET\\app\\Controllers\\AppointmentController.php', 34)
 2 SYSTEMPATH\CodeIgniter.php(919): App\Controllers\AppointmentController->save()
 3 SYSTEMPATH\CodeIgniter.php(494): CodeIgniter\CodeIgniter->runController(Object(App\Controllers\AppointmentController))
 4 SYSTEMPATH\CodeIgniter.php(353): CodeIgniter\CodeIgniter->handleRequest(null, Object(Config\Cache), false)
 5 FCPATH\index.php(88): CodeIgniter\CodeIgniter->run()
CRITICAL - 2023-11-21 15:17:31 --> Undefined property: stdClass::$customer_id
in APPPATH\Controllers\AppointmentController.php on line 34.
 1 APPPATH\Controllers\AppointmentController.php(34): CodeIgniter\Debug\Exceptions->errorHandler(2, 'Undefined property: stdClass::$customer_id', 'C:\\laragon\\www\\UniPET\\app\\Controllers\\AppointmentController.php', 34)
 2 SYSTEMPATH\CodeIgniter.php(919): App\Controllers\AppointmentController->save()
 3 SYSTEMPATH\CodeIgniter.php(494): CodeIgniter\CodeIgniter->runController(Object(App\Controllers\AppointmentController))
 4 SYSTEMPATH\CodeIgniter.php(353): CodeIgniter\CodeIgniter->handleRequest(null, Object(Config\Cache), false)
 5 FCPATH\index.php(88): CodeIgniter\CodeIgniter->run()
CRITICAL - 2023-11-21 15:18:05 --> Undefined property: stdClass::$customer_id
in APPPATH\Controllers\AppointmentController.php on line 34.
 1 APPPATH\Controllers\AppointmentController.php(34): CodeIgniter\Debug\Exceptions->errorHandler(2, 'Undefined property: stdClass::$customer_id', 'C:\\laragon\\www\\UniPET\\app\\Controllers\\AppointmentController.php', 34)
 2 SYSTEMPATH\CodeIgniter.php(919): App\Controllers\AppointmentController->save()
 3 SYSTEMPATH\CodeIgniter.php(494): CodeIgniter\CodeIgniter->runController(Object(App\Controllers\AppointmentController))
 4 SYSTEMPATH\CodeIgniter.php(353): CodeIgniter\CodeIgniter->handleRequest(null, Object(Config\Cache), false)
 5 FCPATH\index.php(88): CodeIgniter\CodeIgniter->run()
